[0.021s] Invoking command in '/home/futill/targer_ws/build/my_robot_pkg_msg': CMAKE_PREFIX_PATH=${CMAKE_PREFIX_PATH}:/home/futill/targer_ws/install/my_robot_pkg:/opt/ros/humble /usr/bin/cmake --build /home/futill/targer_ws/build/my_robot_pkg_msg -- -j8 -l8
[0.119s] [  3%] Built target my_robot_pkg_msg__cpp
[0.120s] [ 12%] Built target my_robot_pkg_msg__rosidl_generator_c
[0.154s] [ 12%] Built target ament_cmake_python_copy_my_robot_pkg_msg
[0.181s] [ 22%] Built target my_robot_pkg_msg__rosidl_typesupport_cpp
[0.182s] [ 32%] Built target my_robot_pkg_msg__rosidl_typesupport_fastrtps_cpp
[0.194s] [ 41%] Built target my_robot_pkg_msg__rosidl_typesupport_introspection_cpp
[0.235s] [ 54%] Built target my_robot_pkg_msg__rosidl_typesupport_fastrtps_c
[0.236s] [ 61%] Built target my_robot_pkg_msg__rosidl_typesupport_introspection_c
[0.237s] [ 70%] Built target my_robot_pkg_msg__rosidl_typesupport_c
[0.311s] [ 70%] Built target my_robot_pkg_msg
[0.380s] [ 74%] Built target my_robot_pkg_msg__py
[0.432s] [ 80%] Built target my_robot_pkg_msg__rosidl_generator_py
[0.488s] [ 87%] Built target my_robot_pkg_msg__rosidl_typesupport_c__pyext
[0.489s] [ 93%] Built target my_robot_pkg_msg__rosidl_typesupport_introspection_c__pyext
[0.493s] [100%] Built target my_robot_pkg_msg__rosidl_typesupport_fastrtps_c__pyext
[0.670s] running egg_info
[0.671s] writing my_robot_pkg_msg.egg-info/PKG-INFO
[0.672s] writing dependency_links to my_robot_pkg_msg.egg-info/dependency_links.txt
[0.673s] writing top-level names to my_robot_pkg_msg.egg-info/top_level.txt
[0.677s] reading manifest file 'my_robot_pkg_msg.egg-info/SOURCES.txt'
[0.677s] writing manifest file 'my_robot_pkg_msg.egg-info/SOURCES.txt'
[0.746s] [100%] Built target ament_cmake_python_build_my_robot_pkg_msg_egg
[0.769s] Invoked command in '/home/futill/targer_ws/build/my_robot_pkg_msg' returned '0': CMAKE_PREFIX_PATH=${CMAKE_PREFIX_PATH}:/home/futill/targer_ws/install/my_robot_pkg:/opt/ros/humble /usr/bin/cmake --build /home/futill/targer_ws/build/my_robot_pkg_msg -- -j8 -l8
[0.791s] Invoking command in '/home/futill/targer_ws/build/my_robot_pkg_msg': CMAKE_PREFIX_PATH=${CMAKE_PREFIX_PATH}:/home/futill/targer_ws/install/my_robot_pkg:/opt/ros/humble /usr/bin/cmake --install /home/futill/targer_ws/build/my_robot_pkg_msg
[0.810s] -- Install configuration: ""
[0.811s] -- Up-to-date: /home/futill/targer_ws/install/my_robot_pkg_msg/share/ament_index/resource_index/rosidl_interfaces/my_robot_pkg_msg
[0.814s] -- Up-to-date: /home/futill/targer_ws/install/my_robot_pkg_msg/include/my_robot_pkg_msg/my_robot_pkg_msg
[0.814s] -- Up-to-date: /home/futill/targer_ws/install/my_robot_pkg_msg/include/my_robot_pkg_msg/my_robot_pkg_msg/msg
[0.814s] -- Up-to-date: /home/futill/targer_ws/install/my_robot_pkg_msg/include/my_robot_pkg_msg/my_robot_pkg_msg/msg/detail
[0.814s] -- Up-to-date: /home/futill/targer_ws/install/my_robot_pkg_msg/include/my_robot_pkg_msg/my_robot_pkg_msg/msg/detail/chess_move__functions.h
[0.814s] -- Up-to-date: /home/futill/targer_ws/install/my_robot_pkg_msg/include/my_robot_pkg_msg/my_robot_pkg_msg/msg/detail/chess_move__functions.c
[0.814s] -- Up-to-date: /home/futill/targer_ws/install/my_robot_pkg_msg/include/my_robot_pkg_msg/my_robot_pkg_msg/msg/detail/chess_move__type_support.h
[0.814s] -- Up-to-date: /home/futill/targer_ws/install/my_robot_pkg_msg/include/my_robot_pkg_msg/my_robot_pkg_msg/msg/detail/chess_move__struct.h
[0.814s] -- Up-to-date: /home/futill/targer_ws/install/my_robot_pkg_msg/include/my_robot_pkg_msg/my_robot_pkg_msg/msg/chess_move.h
[0.814s] -- Up-to-date: /home/futill/targer_ws/install/my_robot_pkg_msg/include/my_robot_pkg_msg/my_robot_pkg_msg/msg/rosidl_generator_c__visibility_control.h
[0.814s] -- Up-to-date: /home/futill/targer_ws/install/my_robot_pkg_msg/share/my_robot_pkg_msg/environment/library_path.sh
[0.815s] -- Up-to-date: /home/futill/targer_ws/install/my_robot_pkg_msg/share/my_robot_pkg_msg/environment/library_path.dsv
[0.815s] -- Up-to-date: /home/futill/targer_ws/install/my_robot_pkg_msg/lib/libmy_robot_pkg_msg__rosidl_generator_c.so
[0.815s] -- Up-to-date: /home/futill/targer_ws/install/my_robot_pkg_msg/include/my_robot_pkg_msg/my_robot_pkg_msg
[0.815s] -- Up-to-date: /home/futill/targer_ws/install/my_robot_pkg_msg/include/my_robot_pkg_msg/my_robot_pkg_msg/msg
[0.815s] -- Up-to-date: /home/futill/targer_ws/install/my_robot_pkg_msg/include/my_robot_pkg_msg/my_robot_pkg_msg/msg/rosidl_typesupport_fastrtps_c__visibility_control.h
[0.815s] -- Up-to-date: /home/futill/targer_ws/install/my_robot_pkg_msg/include/my_robot_pkg_msg/my_robot_pkg_msg/msg/detail
[0.815s] -- Up-to-date: /home/futill/targer_ws/install/my_robot_pkg_msg/include/my_robot_pkg_msg/my_robot_pkg_msg/msg/detail/chess_move__rosidl_typesupport_fastrtps_c.h
[0.815s] -- Up-to-date: /home/futill/targer_ws/install/my_robot_pkg_msg/lib/libmy_robot_pkg_msg__rosidl_typesupport_fastrtps_c.so
[0.815s] -- Up-to-date: /home/futill/targer_ws/install/my_robot_pkg_msg/include/my_robot_pkg_msg/my_robot_pkg_msg
[0.816s] -- Up-to-date: /home/futill/targer_ws/install/my_robot_pkg_msg/include/my_robot_pkg_msg/my_robot_pkg_msg/msg
[0.816s] -- Up-to-date: /home/futill/targer_ws/install/my_robot_pkg_msg/include/my_robot_pkg_msg/my_robot_pkg_msg/msg/detail
[0.816s] -- Up-to-date: /home/futill/targer_ws/install/my_robot_pkg_msg/include/my_robot_pkg_msg/my_robot_pkg_msg/msg/detail/chess_move__type_support.c
[0.816s] -- Up-to-date: /home/futill/targer_ws/install/my_robot_pkg_msg/include/my_robot_pkg_msg/my_robot_pkg_msg/msg/detail/chess_move__rosidl_typesupport_introspection_c.h
[0.816s] -- Up-to-date: /home/futill/targer_ws/install/my_robot_pkg_msg/include/my_robot_pkg_msg/my_robot_pkg_msg/msg/rosidl_typesupport_introspection_c__visibility_control.h
[0.816s] -- Up-to-date: /home/futill/targer_ws/install/my_robot_pkg_msg/lib/libmy_robot_pkg_msg__rosidl_typesupport_introspection_c.so
[0.816s] -- Up-to-date: /home/futill/targer_ws/install/my_robot_pkg_msg/lib/libmy_robot_pkg_msg__rosidl_typesupport_c.so
[0.816s] -- Up-to-date: /home/futill/targer_ws/install/my_robot_pkg_msg/include/my_robot_pkg_msg/my_robot_pkg_msg
[0.816s] -- Up-to-date: /home/futill/targer_ws/install/my_robot_pkg_msg/include/my_robot_pkg_msg/my_robot_pkg_msg/msg
[0.816s] -- Up-to-date: /home/futill/targer_ws/install/my_robot_pkg_msg/include/my_robot_pkg_msg/my_robot_pkg_msg/msg/rosidl_generator_cpp__visibility_control.hpp
[0.816s] -- Up-to-date: /home/futill/targer_ws/install/my_robot_pkg_msg/include/my_robot_pkg_msg/my_robot_pkg_msg/msg/detail
[0.816s] -- Up-to-date: /home/futill/targer_ws/install/my_robot_pkg_msg/include/my_robot_pkg_msg/my_robot_pkg_msg/msg/detail/chess_move__type_support.hpp
[0.816s] -- Up-to-date: /home/futill/targer_ws/install/my_robot_pkg_msg/include/my_robot_pkg_msg/my_robot_pkg_msg/msg/detail/chess_move__traits.hpp
[0.817s] -- Up-to-date: /home/futill/targer_ws/install/my_robot_pkg_msg/include/my_robot_pkg_msg/my_robot_pkg_msg/msg/detail/chess_move__struct.hpp
[0.817s] -- Up-to-date: /home/futill/targer_ws/install/my_robot_pkg_msg/include/my_robot_pkg_msg/my_robot_pkg_msg/msg/detail/chess_move__builder.hpp
[0.817s] -- Up-to-date: /home/futill/targer_ws/install/my_robot_pkg_msg/include/my_robot_pkg_msg/my_robot_pkg_msg/msg/chess_move.hpp
[0.817s] -- Up-to-date: /home/futill/targer_ws/install/my_robot_pkg_msg/include/my_robot_pkg_msg/my_robot_pkg_msg
[0.817s] -- Up-to-date: /home/futill/targer_ws/install/my_robot_pkg_msg/include/my_robot_pkg_msg/my_robot_pkg_msg/msg
[0.817s] -- Up-to-date: /home/futill/targer_ws/install/my_robot_pkg_msg/include/my_robot_pkg_msg/my_robot_pkg_msg/msg/detail
[0.817s] -- Up-to-date: /home/futill/targer_ws/install/my_robot_pkg_msg/include/my_robot_pkg_msg/my_robot_pkg_msg/msg/detail/dds_fastrtps
[0.817s] -- Up-to-date: /home/futill/targer_ws/install/my_robot_pkg_msg/include/my_robot_pkg_msg/my_robot_pkg_msg/msg/detail/chess_move__rosidl_typesupport_fastrtps_cpp.hpp
[0.817s] -- Up-to-date: /home/futill/targer_ws/install/my_robot_pkg_msg/include/my_robot_pkg_msg/my_robot_pkg_msg/msg/rosidl_typesupport_fastrtps_cpp__visibility_control.h
[0.817s] -- Up-to-date: /home/futill/targer_ws/install/my_robot_pkg_msg/lib/libmy_robot_pkg_msg__rosidl_typesupport_fastrtps_cpp.so
[0.817s] -- Up-to-date: /home/futill/targer_ws/install/my_robot_pkg_msg/include/my_robot_pkg_msg/my_robot_pkg_msg
[0.817s] -- Up-to-date: /home/futill/targer_ws/install/my_robot_pkg_msg/include/my_robot_pkg_msg/my_robot_pkg_msg/msg
[0.818s] -- Up-to-date: /home/futill/targer_ws/install/my_robot_pkg_msg/include/my_robot_pkg_msg/my_robot_pkg_msg/msg/detail
[0.818s] -- Up-to-date: /home/futill/targer_ws/install/my_robot_pkg_msg/include/my_robot_pkg_msg/my_robot_pkg_msg/msg/detail/chess_move__type_support.cpp
[0.818s] -- Up-to-date: /home/futill/targer_ws/install/my_robot_pkg_msg/include/my_robot_pkg_msg/my_robot_pkg_msg/msg/detail/chess_move__rosidl_typesupport_introspection_cpp.hpp
[0.818s] -- Up-to-date: /home/futill/targer_ws/install/my_robot_pkg_msg/lib/libmy_robot_pkg_msg__rosidl_typesupport_introspection_cpp.so
[0.818s] -- Up-to-date: /home/futill/targer_ws/install/my_robot_pkg_msg/lib/libmy_robot_pkg_msg__rosidl_typesupport_cpp.so
[0.818s] -- Up-to-date: /home/futill/targer_ws/install/my_robot_pkg_msg/share/my_robot_pkg_msg/environment/pythonpath.sh
[0.818s] -- Up-to-date: /home/futill/targer_ws/install/my_robot_pkg_msg/share/my_robot_pkg_msg/environment/pythonpath.dsv
[0.818s] -- Up-to-date: /home/futill/targer_ws/install/my_robot_pkg_msg/local/lib/python3.10/dist-packages/my_robot_pkg_msg-0.5.0-py3.10.egg-info
[0.818s] -- Installing: /home/futill/targer_ws/install/my_robot_pkg_msg/local/lib/python3.10/dist-packages/my_robot_pkg_msg-0.5.0-py3.10.egg-info/top_level.txt
[0.819s] -- Installing: /home/futill/targer_ws/install/my_robot_pkg_msg/local/lib/python3.10/dist-packages/my_robot_pkg_msg-0.5.0-py3.10.egg-info/SOURCES.txt
[0.819s] -- Installing: /home/futill/targer_ws/install/my_robot_pkg_msg/local/lib/python3.10/dist-packages/my_robot_pkg_msg-0.5.0-py3.10.egg-info/PKG-INFO
[0.820s] -- Installing: /home/futill/targer_ws/install/my_robot_pkg_msg/local/lib/python3.10/dist-packages/my_robot_pkg_msg-0.5.0-py3.10.egg-info/dependency_links.txt
[0.820s] -- Up-to-date: /home/futill/targer_ws/install/my_robot_pkg_msg/local/lib/python3.10/dist-packages/my_robot_pkg_msg
[0.820s] -- Up-to-date: /home/futill/targer_ws/install/my_robot_pkg_msg/local/lib/python3.10/dist-packages/my_robot_pkg_msg/libmy_robot_pkg_msg__rosidl_generator_py.so
[0.821s] -- Up-to-date: /home/futill/targer_ws/install/my_robot_pkg_msg/local/lib/python3.10/dist-packages/my_robot_pkg_msg/__init__.py
[0.821s] -- Up-to-date: /home/futill/targer_ws/install/my_robot_pkg_msg/local/lib/python3.10/dist-packages/my_robot_pkg_msg/_my_robot_pkg_msg_s.ep.rosidl_typesupport_introspection_c.c
[0.821s] -- Up-to-date: /home/futill/targer_ws/install/my_robot_pkg_msg/local/lib/python3.10/dist-packages/my_robot_pkg_msg/_my_robot_pkg_msg_s.ep.rosidl_typesupport_fastrtps_c.c
[0.821s] -- Up-to-date: /home/futill/targer_ws/install/my_robot_pkg_msg/local/lib/python3.10/dist-packages/my_robot_pkg_msg/_my_robot_pkg_msg_s.ep.rosidl_typesupport_c.c
[0.821s] -- Up-to-date: /home/futill/targer_ws/install/my_robot_pkg_msg/local/lib/python3.10/dist-packages/my_robot_pkg_msg/my_robot_pkg_msg_s__rosidl_typesupport_introspection_c.cpython-310-x86_64-linux-gnu.so
[0.821s] -- Up-to-date: /home/futill/targer_ws/install/my_robot_pkg_msg/local/lib/python3.10/dist-packages/my_robot_pkg_msg/msg
[0.821s] -- Up-to-date: /home/futill/targer_ws/install/my_robot_pkg_msg/local/lib/python3.10/dist-packages/my_robot_pkg_msg/msg/_chess_move.py
[0.821s] -- Up-to-date: /home/futill/targer_ws/install/my_robot_pkg_msg/local/lib/python3.10/dist-packages/my_robot_pkg_msg/msg/__init__.py
[0.821s] -- Up-to-date: /home/futill/targer_ws/install/my_robot_pkg_msg/local/lib/python3.10/dist-packages/my_robot_pkg_msg/msg/_chess_move_s.c
[0.822s] -- Up-to-date: /home/futill/targer_ws/install/my_robot_pkg_msg/local/lib/python3.10/dist-packages/my_robot_pkg_msg/my_robot_pkg_msg_s__rosidl_typesupport_fastrtps_c.cpython-310-x86_64-linux-gnu.so
[0.822s] -- Up-to-date: /home/futill/targer_ws/install/my_robot_pkg_msg/local/lib/python3.10/dist-packages/my_robot_pkg_msg/my_robot_pkg_msg_s__rosidl_typesupport_c.cpython-310-x86_64-linux-gnu.so
[0.880s] Listing '/home/futill/targer_ws/install/my_robot_pkg_msg/local/lib/python3.10/dist-packages/my_robot_pkg_msg'...
[0.880s] Listing '/home/futill/targer_ws/install/my_robot_pkg_msg/local/lib/python3.10/dist-packages/my_robot_pkg_msg/msg'...
[0.888s] -- Up-to-date: /home/futill/targer_ws/install/my_robot_pkg_msg/local/lib/python3.10/dist-packages/my_robot_pkg_msg/my_robot_pkg_msg_s__rosidl_typesupport_fastrtps_c.cpython-310-x86_64-linux-gnu.so
[0.889s] -- Up-to-date: /home/futill/targer_ws/install/my_robot_pkg_msg/local/lib/python3.10/dist-packages/my_robot_pkg_msg/my_robot_pkg_msg_s__rosidl_typesupport_introspection_c.cpython-310-x86_64-linux-gnu.so
[0.892s] -- Up-to-date: /home/futill/targer_ws/install/my_robot_pkg_msg/local/lib/python3.10/dist-packages/my_robot_pkg_msg/my_robot_pkg_msg_s__rosidl_typesupport_c.cpython-310-x86_64-linux-gnu.so
[0.892s] -- Up-to-date: /home/futill/targer_ws/install/my_robot_pkg_msg/lib/libmy_robot_pkg_msg__rosidl_generator_py.so
[0.892s] -- Up-to-date: /home/futill/targer_ws/install/my_robot_pkg_msg/share/my_robot_pkg_msg/msg/ChessMove.idl
[0.895s] -- Up-to-date: /home/futill/targer_ws/install/my_robot_pkg_msg/share/my_robot_pkg_msg/msg/ChessMove.msg
[0.895s] -- Up-to-date: /home/futill/targer_ws/install/my_robot_pkg_msg/share/ament_index/resource_index/package_run_dependencies/my_robot_pkg_msg
[0.895s] -- Up-to-date: /home/futill/targer_ws/install/my_robot_pkg_msg/share/ament_index/resource_index/parent_prefix_path/my_robot_pkg_msg
[0.895s] -- Up-to-date: /home/futill/targer_ws/install/my_robot_pkg_msg/share/my_robot_pkg_msg/environment/ament_prefix_path.sh
[0.895s] -- Up-to-date: /home/futill/targer_ws/install/my_robot_pkg_msg/share/my_robot_pkg_msg/environment/ament_prefix_path.dsv
[0.895s] -- Up-to-date: /home/futill/targer_ws/install/my_robot_pkg_msg/share/my_robot_pkg_msg/environment/path.sh
[0.895s] -- Up-to-date: /home/futill/targer_ws/install/my_robot_pkg_msg/share/my_robot_pkg_msg/environment/path.dsv
[0.895s] -- Up-to-date: /home/futill/targer_ws/install/my_robot_pkg_msg/share/my_robot_pkg_msg/local_setup.bash
[0.896s] -- Up-to-date: /home/futill/targer_ws/install/my_robot_pkg_msg/share/my_robot_pkg_msg/local_setup.sh
[0.896s] -- Up-to-date: /home/futill/targer_ws/install/my_robot_pkg_msg/share/my_robot_pkg_msg/local_setup.zsh
[0.896s] -- Up-to-date: /home/futill/targer_ws/install/my_robot_pkg_msg/share/my_robot_pkg_msg/local_setup.dsv
[0.896s] -- Installing: /home/futill/targer_ws/install/my_robot_pkg_msg/share/my_robot_pkg_msg/package.dsv
[0.896s] -- Up-to-date: /home/futill/targer_ws/install/my_robot_pkg_msg/share/ament_index/resource_index/packages/my_robot_pkg_msg
[0.897s] -- Up-to-date: /home/futill/targer_ws/install/my_robot_pkg_msg/share/my_robot_pkg_msg/cmake/export_my_robot_pkg_msg__rosidl_generator_cExport.cmake
[0.897s] -- Up-to-date: /home/futill/targer_ws/install/my_robot_pkg_msg/share/my_robot_pkg_msg/cmake/export_my_robot_pkg_msg__rosidl_generator_cExport-noconfig.cmake
[0.897s] -- Up-to-date: /home/futill/targer_ws/install/my_robot_pkg_msg/share/my_robot_pkg_msg/cmake/export_my_robot_pkg_msg__rosidl_typesupport_fastrtps_cExport.cmake
[0.897s] -- Up-to-date: /home/futill/targer_ws/install/my_robot_pkg_msg/share/my_robot_pkg_msg/cmake/export_my_robot_pkg_msg__rosidl_typesupport_fastrtps_cExport-noconfig.cmake
[0.897s] -- Up-to-date: /home/futill/targer_ws/install/my_robot_pkg_msg/share/my_robot_pkg_msg/cmake/my_robot_pkg_msg__rosidl_typesupport_introspection_cExport.cmake
[0.897s] -- Up-to-date: /home/futill/targer_ws/install/my_robot_pkg_msg/share/my_robot_pkg_msg/cmake/my_robot_pkg_msg__rosidl_typesupport_introspection_cExport-noconfig.cmake
[0.897s] -- Up-to-date: /home/futill/targer_ws/install/my_robot_pkg_msg/share/my_robot_pkg_msg/cmake/my_robot_pkg_msg__rosidl_typesupport_cExport.cmake
[0.897s] -- Up-to-date: /home/futill/targer_ws/install/my_robot_pkg_msg/share/my_robot_pkg_msg/cmake/my_robot_pkg_msg__rosidl_typesupport_cExport-noconfig.cmake
[0.897s] -- Up-to-date: /home/futill/targer_ws/install/my_robot_pkg_msg/share/my_robot_pkg_msg/cmake/export_my_robot_pkg_msg__rosidl_generator_cppExport.cmake
[0.897s] -- Up-to-date: /home/futill/targer_ws/install/my_robot_pkg_msg/share/my_robot_pkg_msg/cmake/export_my_robot_pkg_msg__rosidl_typesupport_fastrtps_cppExport.cmake
[0.897s] -- Up-to-date: /home/futill/targer_ws/install/my_robot_pkg_msg/share/my_robot_pkg_msg/cmake/export_my_robot_pkg_msg__rosidl_typesupport_fastrtps_cppExport-noconfig.cmake
[0.897s] -- Up-to-date: /home/futill/targer_ws/install/my_robot_pkg_msg/share/my_robot_pkg_msg/cmake/my_robot_pkg_msg__rosidl_typesupport_introspection_cppExport.cmake
[0.897s] -- Up-to-date: /home/futill/targer_ws/install/my_robot_pkg_msg/share/my_robot_pkg_msg/cmake/my_robot_pkg_msg__rosidl_typesupport_introspection_cppExport-noconfig.cmake
[0.898s] -- Up-to-date: /home/futill/targer_ws/install/my_robot_pkg_msg/share/my_robot_pkg_msg/cmake/my_robot_pkg_msg__rosidl_typesupport_cppExport.cmake
[0.898s] -- Up-to-date: /home/futill/targer_ws/install/my_robot_pkg_msg/share/my_robot_pkg_msg/cmake/my_robot_pkg_msg__rosidl_typesupport_cppExport-noconfig.cmake
[0.898s] -- Up-to-date: /home/futill/targer_ws/install/my_robot_pkg_msg/share/my_robot_pkg_msg/cmake/export_my_robot_pkg_msg__rosidl_generator_pyExport.cmake
[0.898s] -- Up-to-date: /home/futill/targer_ws/install/my_robot_pkg_msg/share/my_robot_pkg_msg/cmake/export_my_robot_pkg_msg__rosidl_generator_pyExport-noconfig.cmake
[0.898s] -- Up-to-date: /home/futill/targer_ws/install/my_robot_pkg_msg/share/my_robot_pkg_msg/cmake/rosidl_cmake-extras.cmake
[0.898s] -- Up-to-date: /home/futill/targer_ws/install/my_robot_pkg_msg/share/my_robot_pkg_msg/cmake/ament_cmake_export_dependencies-extras.cmake
[0.898s] -- Up-to-date: /home/futill/targer_ws/install/my_robot_pkg_msg/share/my_robot_pkg_msg/cmake/ament_cmake_export_include_directories-extras.cmake
[0.898s] -- Up-to-date: /home/futill/targer_ws/install/my_robot_pkg_msg/share/my_robot_pkg_msg/cmake/ament_cmake_export_libraries-extras.cmake
[0.898s] -- Up-to-date: /home/futill/targer_ws/install/my_robot_pkg_msg/share/my_robot_pkg_msg/cmake/ament_cmake_export_targets-extras.cmake
[0.899s] -- Up-to-date: /home/futill/targer_ws/install/my_robot_pkg_msg/share/my_robot_pkg_msg/cmake/rosidl_cmake_export_typesupport_targets-extras.cmake
[0.899s] -- Up-to-date: /home/futill/targer_ws/install/my_robot_pkg_msg/share/my_robot_pkg_msg/cmake/rosidl_cmake_export_typesupport_libraries-extras.cmake
[0.899s] -- Up-to-date: /home/futill/targer_ws/install/my_robot_pkg_msg/share/my_robot_pkg_msg/cmake/my_robot_pkg_msgConfig.cmake
[0.899s] -- Up-to-date: /home/futill/targer_ws/install/my_robot_pkg_msg/share/my_robot_pkg_msg/cmake/my_robot_pkg_msgConfig-version.cmake
[0.899s] -- Up-to-date: /home/futill/targer_ws/install/my_robot_pkg_msg/share/my_robot_pkg_msg/package.xml
[0.903s] Invoked command in '/home/futill/targer_ws/build/my_robot_pkg_msg' returned '0': CMAKE_PREFIX_PATH=${CMAKE_PREFIX_PATH}:/home/futill/targer_ws/install/my_robot_pkg:/opt/ros/humble /usr/bin/cmake --install /home/futill/targer_ws/build/my_robot_pkg_msg
