[0.015s] Invoking command in '/home/futill/targer_ws/build/my_robot_pkg_msg': CMAKE_PREFIX_PATH=${CMAKE_PREFIX_PATH}:/home/futill/targer_ws/install/my_robot_pkg:/opt/ros/humble /usr/bin/cmake --build /home/futill/targer_ws/build/my_robot_pkg_msg -- -j8 -l8
[0.078s] [  6%] Built target my_robot_pkg_msg__cpp
[0.079s] [ 12%] Built target my_robot_pkg_msg__rosidl_generator_c
[0.092s] [ 12%] Built target ament_cmake_python_copy_my_robot_pkg_msg
[0.107s] [ 38%] Built target my_robot_pkg_msg__rosidl_typesupport_c
[0.107s] [ 41%] Built target my_robot_pkg_msg__rosidl_typesupport_fastrtps_cpp
[0.108s] [ 41%] Built target my_robot_pkg_msg__rosidl_typesupport_introspection_c
[0.108s] [ 54%] Built target my_robot_pkg_msg__rosidl_typesupport_cpp
[0.109s] [ 61%] Built target my_robot_pkg_msg__rosidl_typesupport_introspection_cpp
[0.113s] [ 70%] Built target my_robot_pkg_msg__rosidl_typesupport_fastrtps_c
[0.140s] [ 70%] Built target my_robot_pkg_msg
[0.169s] [ 74%] Built target my_robot_pkg_msg__py
[0.196s] [ 80%] Built target my_robot_pkg_msg__rosidl_generator_py
[0.225s] [ 93%] Built target my_robot_pkg_msg__rosidl_typesupport_introspection_c__pyext
[0.226s] [ 93%] Built target my_robot_pkg_msg__rosidl_typesupport_fastrtps_c__pyext
[0.226s] [100%] Built target my_robot_pkg_msg__rosidl_typesupport_c__pyext
[0.349s] running egg_info
[0.350s] writing my_robot_pkg_msg.egg-info/PKG-INFO
[0.351s] writing dependency_links to my_robot_pkg_msg.egg-info/dependency_links.txt
[0.351s] writing top-level names to my_robot_pkg_msg.egg-info/top_level.txt
[0.354s] reading manifest file 'my_robot_pkg_msg.egg-info/SOURCES.txt'
[0.355s] writing manifest file 'my_robot_pkg_msg.egg-info/SOURCES.txt'
[0.395s] [100%] Built target ament_cmake_python_build_my_robot_pkg_msg_egg
[0.415s] Invoked command in '/home/futill/targer_ws/build/my_robot_pkg_msg' returned '0': CMAKE_PREFIX_PATH=${CMAKE_PREFIX_PATH}:/home/futill/targer_ws/install/my_robot_pkg:/opt/ros/humble /usr/bin/cmake --build /home/futill/targer_ws/build/my_robot_pkg_msg -- -j8 -l8
[0.431s] Invoking command in '/home/futill/targer_ws/build/my_robot_pkg_msg': CMAKE_PREFIX_PATH=${CMAKE_PREFIX_PATH}:/home/futill/targer_ws/install/my_robot_pkg:/opt/ros/humble /usr/bin/cmake --install /home/futill/targer_ws/build/my_robot_pkg_msg
[0.441s] -- Install configuration: ""
[0.441s] -- Up-to-date: /home/futill/targer_ws/install/my_robot_pkg_msg/share/ament_index/resource_index/rosidl_interfaces/my_robot_pkg_msg
[0.442s] -- Up-to-date: /home/futill/targer_ws/install/my_robot_pkg_msg/include/my_robot_pkg_msg/my_robot_pkg_msg
[0.442s] -- Up-to-date: /home/futill/targer_ws/install/my_robot_pkg_msg/include/my_robot_pkg_msg/my_robot_pkg_msg/msg
[0.442s] -- Up-to-date: /home/futill/targer_ws/install/my_robot_pkg_msg/include/my_robot_pkg_msg/my_robot_pkg_msg/msg/detail
[0.442s] -- Up-to-date: /home/futill/targer_ws/install/my_robot_pkg_msg/include/my_robot_pkg_msg/my_robot_pkg_msg/msg/detail/chess_move__functions.h
[0.442s] -- Up-to-date: /home/futill/targer_ws/install/my_robot_pkg_msg/include/my_robot_pkg_msg/my_robot_pkg_msg/msg/detail/chess_move__functions.c
[0.443s] -- Up-to-date: /home/futill/targer_ws/install/my_robot_pkg_msg/include/my_robot_pkg_msg/my_robot_pkg_msg/msg/detail/chess_move__type_support.h
[0.443s] -- Up-to-date: /home/futill/targer_ws/install/my_robot_pkg_msg/include/my_robot_pkg_msg/my_robot_pkg_msg/msg/detail/chess_move__struct.h
[0.443s] -- Up-to-date: /home/futill/targer_ws/install/my_robot_pkg_msg/include/my_robot_pkg_msg/my_robot_pkg_msg/msg/chess_move.h
[0.443s] -- Up-to-date: /home/futill/targer_ws/install/my_robot_pkg_msg/include/my_robot_pkg_msg/my_robot_pkg_msg/msg/rosidl_generator_c__visibility_control.h
[0.443s] -- Up-to-date: /home/futill/targer_ws/install/my_robot_pkg_msg/share/my_robot_pkg_msg/environment/library_path.sh
[0.443s] -- Up-to-date: /home/futill/targer_ws/install/my_robot_pkg_msg/share/my_robot_pkg_msg/environment/library_path.dsv
[0.443s] -- Up-to-date: /home/futill/targer_ws/install/my_robot_pkg_msg/lib/libmy_robot_pkg_msg__rosidl_generator_c.so
[0.443s] -- Up-to-date: /home/futill/targer_ws/install/my_robot_pkg_msg/include/my_robot_pkg_msg/my_robot_pkg_msg
[0.443s] -- Up-to-date: /home/futill/targer_ws/install/my_robot_pkg_msg/include/my_robot_pkg_msg/my_robot_pkg_msg/msg
[0.443s] -- Up-to-date: /home/futill/targer_ws/install/my_robot_pkg_msg/include/my_robot_pkg_msg/my_robot_pkg_msg/msg/rosidl_typesupport_fastrtps_c__visibility_control.h
[0.444s] -- Up-to-date: /home/futill/targer_ws/install/my_robot_pkg_msg/include/my_robot_pkg_msg/my_robot_pkg_msg/msg/detail
[0.444s] -- Up-to-date: /home/futill/targer_ws/install/my_robot_pkg_msg/include/my_robot_pkg_msg/my_robot_pkg_msg/msg/detail/chess_move__rosidl_typesupport_fastrtps_c.h
[0.444s] -- Up-to-date: /home/futill/targer_ws/install/my_robot_pkg_msg/lib/libmy_robot_pkg_msg__rosidl_typesupport_fastrtps_c.so
[0.444s] -- Up-to-date: /home/futill/targer_ws/install/my_robot_pkg_msg/include/my_robot_pkg_msg/my_robot_pkg_msg
[0.444s] -- Up-to-date: /home/futill/targer_ws/install/my_robot_pkg_msg/include/my_robot_pkg_msg/my_robot_pkg_msg/msg
[0.444s] -- Up-to-date: /home/futill/targer_ws/install/my_robot_pkg_msg/include/my_robot_pkg_msg/my_robot_pkg_msg/msg/detail
[0.444s] -- Up-to-date: /home/futill/targer_ws/install/my_robot_pkg_msg/include/my_robot_pkg_msg/my_robot_pkg_msg/msg/detail/chess_move__type_support.c
[0.445s] -- Up-to-date: /home/futill/targer_ws/install/my_robot_pkg_msg/include/my_robot_pkg_msg/my_robot_pkg_msg/msg/detail/chess_move__rosidl_typesupport_introspection_c.h
[0.445s] -- Up-to-date: /home/futill/targer_ws/install/my_robot_pkg_msg/include/my_robot_pkg_msg/my_robot_pkg_msg/msg/rosidl_typesupport_introspection_c__visibility_control.h
[0.445s] -- Up-to-date: /home/futill/targer_ws/install/my_robot_pkg_msg/lib/libmy_robot_pkg_msg__rosidl_typesupport_introspection_c.so
[0.445s] -- Up-to-date: /home/futill/targer_ws/install/my_robot_pkg_msg/lib/libmy_robot_pkg_msg__rosidl_typesupport_c.so
[0.445s] -- Up-to-date: /home/futill/targer_ws/install/my_robot_pkg_msg/include/my_robot_pkg_msg/my_robot_pkg_msg
[0.445s] -- Up-to-date: /home/futill/targer_ws/install/my_robot_pkg_msg/include/my_robot_pkg_msg/my_robot_pkg_msg/msg
[0.445s] -- Up-to-date: /home/futill/targer_ws/install/my_robot_pkg_msg/include/my_robot_pkg_msg/my_robot_pkg_msg/msg/rosidl_generator_cpp__visibility_control.hpp
[0.445s] -- Up-to-date: /home/futill/targer_ws/install/my_robot_pkg_msg/include/my_robot_pkg_msg/my_robot_pkg_msg/msg/detail
[0.445s] -- Up-to-date: /home/futill/targer_ws/install/my_robot_pkg_msg/include/my_robot_pkg_msg/my_robot_pkg_msg/msg/detail/chess_move__type_support.hpp
[0.445s] -- Up-to-date: /home/futill/targer_ws/install/my_robot_pkg_msg/include/my_robot_pkg_msg/my_robot_pkg_msg/msg/detail/chess_move__traits.hpp
[0.445s] -- Up-to-date: /home/futill/targer_ws/install/my_robot_pkg_msg/include/my_robot_pkg_msg/my_robot_pkg_msg/msg/detail/chess_move__struct.hpp
[0.445s] -- Up-to-date: /home/futill/targer_ws/install/my_robot_pkg_msg/include/my_robot_pkg_msg/my_robot_pkg_msg/msg/detail/chess_move__builder.hpp
[0.445s] -- Up-to-date: /home/futill/targer_ws/install/my_robot_pkg_msg/include/my_robot_pkg_msg/my_robot_pkg_msg/msg/chess_move.hpp
[0.445s] -- Up-to-date: /home/futill/targer_ws/install/my_robot_pkg_msg/include/my_robot_pkg_msg/my_robot_pkg_msg
[0.445s] -- Up-to-date: /home/futill/targer_ws/install/my_robot_pkg_msg/include/my_robot_pkg_msg/my_robot_pkg_msg/msg
[0.445s] -- Up-to-date: /home/futill/targer_ws/install/my_robot_pkg_msg/include/my_robot_pkg_msg/my_robot_pkg_msg/msg/detail
[0.446s] -- Up-to-date: /home/futill/targer_ws/install/my_robot_pkg_msg/include/my_robot_pkg_msg/my_robot_pkg_msg/msg/detail/dds_fastrtps
[0.446s] -- Up-to-date: /home/futill/targer_ws/install/my_robot_pkg_msg/include/my_robot_pkg_msg/my_robot_pkg_msg/msg/detail/chess_move__rosidl_typesupport_fastrtps_cpp.hpp
[0.446s] -- Up-to-date: /home/futill/targer_ws/install/my_robot_pkg_msg/include/my_robot_pkg_msg/my_robot_pkg_msg/msg/rosidl_typesupport_fastrtps_cpp__visibility_control.h
[0.446s] -- Up-to-date: /home/futill/targer_ws/install/my_robot_pkg_msg/lib/libmy_robot_pkg_msg__rosidl_typesupport_fastrtps_cpp.so
[0.446s] -- Up-to-date: /home/futill/targer_ws/install/my_robot_pkg_msg/include/my_robot_pkg_msg/my_robot_pkg_msg
[0.446s] -- Up-to-date: /home/futill/targer_ws/install/my_robot_pkg_msg/include/my_robot_pkg_msg/my_robot_pkg_msg/msg
[0.446s] -- Up-to-date: /home/futill/targer_ws/install/my_robot_pkg_msg/include/my_robot_pkg_msg/my_robot_pkg_msg/msg/detail
[0.446s] -- Up-to-date: /home/futill/targer_ws/install/my_robot_pkg_msg/include/my_robot_pkg_msg/my_robot_pkg_msg/msg/detail/chess_move__type_support.cpp
[0.446s] -- Up-to-date: /home/futill/targer_ws/install/my_robot_pkg_msg/include/my_robot_pkg_msg/my_robot_pkg_msg/msg/detail/chess_move__rosidl_typesupport_introspection_cpp.hpp
[0.446s] -- Up-to-date: /home/futill/targer_ws/install/my_robot_pkg_msg/lib/libmy_robot_pkg_msg__rosidl_typesupport_introspection_cpp.so
[0.446s] -- Up-to-date: /home/futill/targer_ws/install/my_robot_pkg_msg/lib/libmy_robot_pkg_msg__rosidl_typesupport_cpp.so
[0.446s] -- Up-to-date: /home/futill/targer_ws/install/my_robot_pkg_msg/share/my_robot_pkg_msg/environment/pythonpath.sh
[0.447s] -- Up-to-date: /home/futill/targer_ws/install/my_robot_pkg_msg/share/my_robot_pkg_msg/environment/pythonpath.dsv
[0.447s] -- Up-to-date: /home/futill/targer_ws/install/my_robot_pkg_msg/local/lib/python3.10/dist-packages/my_robot_pkg_msg-0.5.0-py3.10.egg-info
[0.447s] -- Installing: /home/futill/targer_ws/install/my_robot_pkg_msg/local/lib/python3.10/dist-packages/my_robot_pkg_msg-0.5.0-py3.10.egg-info/top_level.txt
[0.447s] -- Installing: /home/futill/targer_ws/install/my_robot_pkg_msg/local/lib/python3.10/dist-packages/my_robot_pkg_msg-0.5.0-py3.10.egg-info/SOURCES.txt
[0.447s] -- Installing: /home/futill/targer_ws/install/my_robot_pkg_msg/local/lib/python3.10/dist-packages/my_robot_pkg_msg-0.5.0-py3.10.egg-info/PKG-INFO
[0.447s] -- Installing: /home/futill/targer_ws/install/my_robot_pkg_msg/local/lib/python3.10/dist-packages/my_robot_pkg_msg-0.5.0-py3.10.egg-info/dependency_links.txt
[0.447s] -- Up-to-date: /home/futill/targer_ws/install/my_robot_pkg_msg/local/lib/python3.10/dist-packages/my_robot_pkg_msg
[0.447s] -- Up-to-date: /home/futill/targer_ws/install/my_robot_pkg_msg/local/lib/python3.10/dist-packages/my_robot_pkg_msg/libmy_robot_pkg_msg__rosidl_generator_py.so
[0.447s] -- Up-to-date: /home/futill/targer_ws/install/my_robot_pkg_msg/local/lib/python3.10/dist-packages/my_robot_pkg_msg/__init__.py
[0.447s] -- Up-to-date: /home/futill/targer_ws/install/my_robot_pkg_msg/local/lib/python3.10/dist-packages/my_robot_pkg_msg/_my_robot_pkg_msg_s.ep.rosidl_typesupport_introspection_c.c
[0.447s] -- Up-to-date: /home/futill/targer_ws/install/my_robot_pkg_msg/local/lib/python3.10/dist-packages/my_robot_pkg_msg/_my_robot_pkg_msg_s.ep.rosidl_typesupport_fastrtps_c.c
[0.447s] -- Up-to-date: /home/futill/targer_ws/install/my_robot_pkg_msg/local/lib/python3.10/dist-packages/my_robot_pkg_msg/_my_robot_pkg_msg_s.ep.rosidl_typesupport_c.c
[0.447s] -- Up-to-date: /home/futill/targer_ws/install/my_robot_pkg_msg/local/lib/python3.10/dist-packages/my_robot_pkg_msg/my_robot_pkg_msg_s__rosidl_typesupport_introspection_c.cpython-310-x86_64-linux-gnu.so
[0.447s] -- Up-to-date: /home/futill/targer_ws/install/my_robot_pkg_msg/local/lib/python3.10/dist-packages/my_robot_pkg_msg/msg
[0.447s] -- Up-to-date: /home/futill/targer_ws/install/my_robot_pkg_msg/local/lib/python3.10/dist-packages/my_robot_pkg_msg/msg/_chess_move.py
[0.447s] -- Up-to-date: /home/futill/targer_ws/install/my_robot_pkg_msg/local/lib/python3.10/dist-packages/my_robot_pkg_msg/msg/__init__.py
[0.447s] -- Up-to-date: /home/futill/targer_ws/install/my_robot_pkg_msg/local/lib/python3.10/dist-packages/my_robot_pkg_msg/msg/_chess_move_s.c
[0.448s] -- Up-to-date: /home/futill/targer_ws/install/my_robot_pkg_msg/local/lib/python3.10/dist-packages/my_robot_pkg_msg/my_robot_pkg_msg_s__rosidl_typesupport_fastrtps_c.cpython-310-x86_64-linux-gnu.so
[0.448s] -- Up-to-date: /home/futill/targer_ws/install/my_robot_pkg_msg/local/lib/python3.10/dist-packages/my_robot_pkg_msg/my_robot_pkg_msg_s__rosidl_typesupport_c.cpython-310-x86_64-linux-gnu.so
[0.484s] Listing '/home/futill/targer_ws/install/my_robot_pkg_msg/local/lib/python3.10/dist-packages/my_robot_pkg_msg'...
[0.484s] Listing '/home/futill/targer_ws/install/my_robot_pkg_msg/local/lib/python3.10/dist-packages/my_robot_pkg_msg/msg'...
[0.489s] -- Up-to-date: /home/futill/targer_ws/install/my_robot_pkg_msg/local/lib/python3.10/dist-packages/my_robot_pkg_msg/my_robot_pkg_msg_s__rosidl_typesupport_fastrtps_c.cpython-310-x86_64-linux-gnu.so
[0.489s] -- Up-to-date: /home/futill/targer_ws/install/my_robot_pkg_msg/local/lib/python3.10/dist-packages/my_robot_pkg_msg/my_robot_pkg_msg_s__rosidl_typesupport_introspection_c.cpython-310-x86_64-linux-gnu.so
[0.490s] -- Up-to-date: /home/futill/targer_ws/install/my_robot_pkg_msg/local/lib/python3.10/dist-packages/my_robot_pkg_msg/my_robot_pkg_msg_s__rosidl_typesupport_c.cpython-310-x86_64-linux-gnu.so
[0.490s] -- Up-to-date: /home/futill/targer_ws/install/my_robot_pkg_msg/lib/libmy_robot_pkg_msg__rosidl_generator_py.so
[0.490s] -- Up-to-date: /home/futill/targer_ws/install/my_robot_pkg_msg/share/my_robot_pkg_msg/msg/ChessMove.idl
[0.490s] -- Up-to-date: /home/futill/targer_ws/install/my_robot_pkg_msg/share/my_robot_pkg_msg/msg/ChessMove.msg
[0.490s] -- Up-to-date: /home/futill/targer_ws/install/my_robot_pkg_msg/share/ament_index/resource_index/package_run_dependencies/my_robot_pkg_msg
[0.491s] -- Up-to-date: /home/futill/targer_ws/install/my_robot_pkg_msg/share/ament_index/resource_index/parent_prefix_path/my_robot_pkg_msg
[0.491s] -- Up-to-date: /home/futill/targer_ws/install/my_robot_pkg_msg/share/my_robot_pkg_msg/environment/ament_prefix_path.sh
[0.491s] -- Up-to-date: /home/futill/targer_ws/install/my_robot_pkg_msg/share/my_robot_pkg_msg/environment/ament_prefix_path.dsv
[0.491s] -- Up-to-date: /home/futill/targer_ws/install/my_robot_pkg_msg/share/my_robot_pkg_msg/environment/path.sh
[0.491s] -- Up-to-date: /home/futill/targer_ws/install/my_robot_pkg_msg/share/my_robot_pkg_msg/environment/path.dsv
[0.491s] -- Up-to-date: /home/futill/targer_ws/install/my_robot_pkg_msg/share/my_robot_pkg_msg/local_setup.bash
[0.491s] -- Up-to-date: /home/futill/targer_ws/install/my_robot_pkg_msg/share/my_robot_pkg_msg/local_setup.sh
[0.491s] -- Up-to-date: /home/futill/targer_ws/install/my_robot_pkg_msg/share/my_robot_pkg_msg/local_setup.zsh
[0.491s] -- Up-to-date: /home/futill/targer_ws/install/my_robot_pkg_msg/share/my_robot_pkg_msg/local_setup.dsv
[0.492s] -- Installing: /home/futill/targer_ws/install/my_robot_pkg_msg/share/my_robot_pkg_msg/package.dsv
[0.492s] -- Up-to-date: /home/futill/targer_ws/install/my_robot_pkg_msg/share/ament_index/resource_index/packages/my_robot_pkg_msg
[0.492s] -- Up-to-date: /home/futill/targer_ws/install/my_robot_pkg_msg/share/my_robot_pkg_msg/cmake/export_my_robot_pkg_msg__rosidl_generator_cExport.cmake
[0.492s] -- Up-to-date: /home/futill/targer_ws/install/my_robot_pkg_msg/share/my_robot_pkg_msg/cmake/export_my_robot_pkg_msg__rosidl_generator_cExport-noconfig.cmake
[0.492s] -- Up-to-date: /home/futill/targer_ws/install/my_robot_pkg_msg/share/my_robot_pkg_msg/cmake/export_my_robot_pkg_msg__rosidl_typesupport_fastrtps_cExport.cmake
[0.492s] -- Up-to-date: /home/futill/targer_ws/install/my_robot_pkg_msg/share/my_robot_pkg_msg/cmake/export_my_robot_pkg_msg__rosidl_typesupport_fastrtps_cExport-noconfig.cmake
[0.492s] -- Up-to-date: /home/futill/targer_ws/install/my_robot_pkg_msg/share/my_robot_pkg_msg/cmake/my_robot_pkg_msg__rosidl_typesupport_introspection_cExport.cmake
[0.492s] -- Up-to-date: /home/futill/targer_ws/install/my_robot_pkg_msg/share/my_robot_pkg_msg/cmake/my_robot_pkg_msg__rosidl_typesupport_introspection_cExport-noconfig.cmake
[0.492s] -- Up-to-date: /home/futill/targer_ws/install/my_robot_pkg_msg/share/my_robot_pkg_msg/cmake/my_robot_pkg_msg__rosidl_typesupport_cExport.cmake
[0.492s] -- Up-to-date: /home/futill/targer_ws/install/my_robot_pkg_msg/share/my_robot_pkg_msg/cmake/my_robot_pkg_msg__rosidl_typesupport_cExport-noconfig.cmake
[0.492s] -- Up-to-date: /home/futill/targer_ws/install/my_robot_pkg_msg/share/my_robot_pkg_msg/cmake/export_my_robot_pkg_msg__rosidl_generator_cppExport.cmake
[0.492s] -- Up-to-date: /home/futill/targer_ws/install/my_robot_pkg_msg/share/my_robot_pkg_msg/cmake/export_my_robot_pkg_msg__rosidl_typesupport_fastrtps_cppExport.cmake
[0.492s] -- Up-to-date: /home/futill/targer_ws/install/my_robot_pkg_msg/share/my_robot_pkg_msg/cmake/export_my_robot_pkg_msg__rosidl_typesupport_fastrtps_cppExport-noconfig.cmake
[0.493s] -- Up-to-date: /home/futill/targer_ws/install/my_robot_pkg_msg/share/my_robot_pkg_msg/cmake/my_robot_pkg_msg__rosidl_typesupport_introspection_cppExport.cmake
[0.493s] -- Up-to-date: /home/futill/targer_ws/install/my_robot_pkg_msg/share/my_robot_pkg_msg/cmake/my_robot_pkg_msg__rosidl_typesupport_introspection_cppExport-noconfig.cmake
[0.493s] -- Up-to-date: /home/futill/targer_ws/install/my_robot_pkg_msg/share/my_robot_pkg_msg/cmake/my_robot_pkg_msg__rosidl_typesupport_cppExport.cmake
[0.493s] -- Up-to-date: /home/futill/targer_ws/install/my_robot_pkg_msg/share/my_robot_pkg_msg/cmake/my_robot_pkg_msg__rosidl_typesupport_cppExport-noconfig.cmake
[0.493s] -- Up-to-date: /home/futill/targer_ws/install/my_robot_pkg_msg/share/my_robot_pkg_msg/cmake/export_my_robot_pkg_msg__rosidl_generator_pyExport.cmake
[0.493s] -- Up-to-date: /home/futill/targer_ws/install/my_robot_pkg_msg/share/my_robot_pkg_msg/cmake/export_my_robot_pkg_msg__rosidl_generator_pyExport-noconfig.cmake
[0.493s] -- Up-to-date: /home/futill/targer_ws/install/my_robot_pkg_msg/share/my_robot_pkg_msg/cmake/rosidl_cmake-extras.cmake
[0.493s] -- Up-to-date: /home/futill/targer_ws/install/my_robot_pkg_msg/share/my_robot_pkg_msg/cmake/ament_cmake_export_dependencies-extras.cmake
[0.493s] -- Up-to-date: /home/futill/targer_ws/install/my_robot_pkg_msg/share/my_robot_pkg_msg/cmake/ament_cmake_export_include_directories-extras.cmake
[0.493s] -- Up-to-date: /home/futill/targer_ws/install/my_robot_pkg_msg/share/my_robot_pkg_msg/cmake/ament_cmake_export_libraries-extras.cmake
[0.493s] -- Up-to-date: /home/futill/targer_ws/install/my_robot_pkg_msg/share/my_robot_pkg_msg/cmake/ament_cmake_export_targets-extras.cmake
[0.493s] -- Up-to-date: /home/futill/targer_ws/install/my_robot_pkg_msg/share/my_robot_pkg_msg/cmake/rosidl_cmake_export_typesupport_targets-extras.cmake
[0.493s] -- Up-to-date: /home/futill/targer_ws/install/my_robot_pkg_msg/share/my_robot_pkg_msg/cmake/rosidl_cmake_export_typesupport_libraries-extras.cmake
[0.493s] -- Up-to-date: /home/futill/targer_ws/install/my_robot_pkg_msg/share/my_robot_pkg_msg/cmake/my_robot_pkg_msgConfig.cmake
[0.493s] -- Up-to-date: /home/futill/targer_ws/install/my_robot_pkg_msg/share/my_robot_pkg_msg/cmake/my_robot_pkg_msgConfig-version.cmake
[0.493s] -- Up-to-date: /home/futill/targer_ws/install/my_robot_pkg_msg/share/my_robot_pkg_msg/package.xml
[0.496s] Invoked command in '/home/futill/targer_ws/build/my_robot_pkg_msg' returned '0': CMAKE_PREFIX_PATH=${CMAKE_PREFIX_PATH}:/home/futill/targer_ws/install/my_robot_pkg:/opt/ros/humble /usr/bin/cmake --install /home/futill/targer_ws/build/my_robot_pkg_msg
