[0.015s] Invoking command in '/home/futill/targer_ws/build/my_robot_pkg_msg': CMAKE_PREFIX_PATH=${CMAKE_PREFIX_PATH}:/home/futill/targer_ws/install/my_robot_pkg:/opt/ros/humble /usr/bin/cmake --build /home/futill/targer_ws/build/my_robot_pkg_msg -- -j8 -l8
[0.079s] [  6%] Built target my_robot_pkg_msg__cpp
[0.079s] [ 12%] Built target my_robot_pkg_msg__rosidl_generator_c
[0.098s] [ 12%] Built target ament_cmake_python_copy_my_robot_pkg_msg
[0.111s] [ 58%] Built target my_robot_pkg_msg__rosidl_typesupport_c
[0.112s] [ 58%] Built target my_robot_pkg_msg__rosidl_typesupport_introspection_c
[0.112s] [ 58%] Built target my_robot_pkg_msg__rosidl_typesupport_fastrtps_c
[0.113s] [ 58%] Built target my_robot_pkg_msg__rosidl_typesupport_cpp
[0.113s] [ 61%] Built target my_robot_pkg_msg__rosidl_typesupport_fastrtps_cpp
[0.114s] [ 70%] Built target my_robot_pkg_msg__rosidl_typesupport_introspection_cpp
[0.145s] [ 70%] Built target my_robot_pkg_msg
[0.178s] [ 74%] Built target my_robot_pkg_msg__py
[0.213s] [ 80%] Built target my_robot_pkg_msg__rosidl_generator_py
[0.245s] [ 93%] Built target my_robot_pkg_msg__rosidl_typesupport_introspection_c__pyext
[0.245s] [ 93%] Built target my_robot_pkg_msg__rosidl_typesupport_c__pyext
[0.247s] [100%] Built target my_robot_pkg_msg__rosidl_typesupport_fastrtps_c__pyext
[0.367s] running egg_info
[0.368s] writing my_robot_pkg_msg.egg-info/PKG-INFO
[0.368s] writing dependency_links to my_robot_pkg_msg.egg-info/dependency_links.txt
[0.369s] writing top-level names to my_robot_pkg_msg.egg-info/top_level.txt
[0.371s] reading manifest file 'my_robot_pkg_msg.egg-info/SOURCES.txt'
[0.372s] writing manifest file 'my_robot_pkg_msg.egg-info/SOURCES.txt'
[0.426s] [100%] Built target ament_cmake_python_build_my_robot_pkg_msg_egg
[0.447s] Invoked command in '/home/futill/targer_ws/build/my_robot_pkg_msg' returned '0': CMAKE_PREFIX_PATH=${CMAKE_PREFIX_PATH}:/home/futill/targer_ws/install/my_robot_pkg:/opt/ros/humble /usr/bin/cmake --build /home/futill/targer_ws/build/my_robot_pkg_msg -- -j8 -l8
[0.464s] Invoking command in '/home/futill/targer_ws/build/my_robot_pkg_msg': CMAKE_PREFIX_PATH=${CMAKE_PREFIX_PATH}:/home/futill/targer_ws/install/my_robot_pkg:/opt/ros/humble /usr/bin/cmake --install /home/futill/targer_ws/build/my_robot_pkg_msg
[0.480s] -- Install configuration: ""
[0.480s] -- Up-to-date: /home/futill/targer_ws/install/my_robot_pkg_msg/share/ament_index/resource_index/rosidl_interfaces/my_robot_pkg_msg
[0.480s] -- Up-to-date: /home/futill/targer_ws/install/my_robot_pkg_msg/include/my_robot_pkg_msg/my_robot_pkg_msg
[0.480s] -- Up-to-date: /home/futill/targer_ws/install/my_robot_pkg_msg/include/my_robot_pkg_msg/my_robot_pkg_msg/msg
[0.480s] -- Up-to-date: /home/futill/targer_ws/install/my_robot_pkg_msg/include/my_robot_pkg_msg/my_robot_pkg_msg/msg/detail
[0.480s] -- Up-to-date: /home/futill/targer_ws/install/my_robot_pkg_msg/include/my_robot_pkg_msg/my_robot_pkg_msg/msg/detail/chess_move__functions.h
[0.481s] -- Up-to-date: /home/futill/targer_ws/install/my_robot_pkg_msg/include/my_robot_pkg_msg/my_robot_pkg_msg/msg/detail/chess_move__functions.c
[0.481s] -- Up-to-date: /home/futill/targer_ws/install/my_robot_pkg_msg/include/my_robot_pkg_msg/my_robot_pkg_msg/msg/detail/chess_move__type_support.h
[0.481s] -- Up-to-date: /home/futill/targer_ws/install/my_robot_pkg_msg/include/my_robot_pkg_msg/my_robot_pkg_msg/msg/detail/chess_move__struct.h
[0.481s] -- Up-to-date: /home/futill/targer_ws/install/my_robot_pkg_msg/include/my_robot_pkg_msg/my_robot_pkg_msg/msg/chess_move.h
[0.481s] -- Up-to-date: /home/futill/targer_ws/install/my_robot_pkg_msg/include/my_robot_pkg_msg/my_robot_pkg_msg/msg/rosidl_generator_c__visibility_control.h
[0.481s] -- Up-to-date: /home/futill/targer_ws/install/my_robot_pkg_msg/share/my_robot_pkg_msg/environment/library_path.sh
[0.481s] -- Up-to-date: /home/futill/targer_ws/install/my_robot_pkg_msg/share/my_robot_pkg_msg/environment/library_path.dsv
[0.481s] -- Up-to-date: /home/futill/targer_ws/install/my_robot_pkg_msg/lib/libmy_robot_pkg_msg__rosidl_generator_c.so
[0.481s] -- Up-to-date: /home/futill/targer_ws/install/my_robot_pkg_msg/include/my_robot_pkg_msg/my_robot_pkg_msg
[0.482s] -- Up-to-date: /home/futill/targer_ws/install/my_robot_pkg_msg/include/my_robot_pkg_msg/my_robot_pkg_msg/msg
[0.482s] -- Up-to-date: /home/futill/targer_ws/install/my_robot_pkg_msg/include/my_robot_pkg_msg/my_robot_pkg_msg/msg/rosidl_typesupport_fastrtps_c__visibility_control.h
[0.482s] -- Up-to-date: /home/futill/targer_ws/install/my_robot_pkg_msg/include/my_robot_pkg_msg/my_robot_pkg_msg/msg/detail
[0.482s] -- Up-to-date: /home/futill/targer_ws/install/my_robot_pkg_msg/include/my_robot_pkg_msg/my_robot_pkg_msg/msg/detail/chess_move__rosidl_typesupport_fastrtps_c.h
[0.482s] -- Up-to-date: /home/futill/targer_ws/install/my_robot_pkg_msg/lib/libmy_robot_pkg_msg__rosidl_typesupport_fastrtps_c.so
[0.482s] -- Up-to-date: /home/futill/targer_ws/install/my_robot_pkg_msg/include/my_robot_pkg_msg/my_robot_pkg_msg
[0.482s] -- Up-to-date: /home/futill/targer_ws/install/my_robot_pkg_msg/include/my_robot_pkg_msg/my_robot_pkg_msg/msg
[0.482s] -- Up-to-date: /home/futill/targer_ws/install/my_robot_pkg_msg/include/my_robot_pkg_msg/my_robot_pkg_msg/msg/detail
[0.482s] -- Up-to-date: /home/futill/targer_ws/install/my_robot_pkg_msg/include/my_robot_pkg_msg/my_robot_pkg_msg/msg/detail/chess_move__type_support.c
[0.482s] -- Up-to-date: /home/futill/targer_ws/install/my_robot_pkg_msg/include/my_robot_pkg_msg/my_robot_pkg_msg/msg/detail/chess_move__rosidl_typesupport_introspection_c.h
[0.484s] -- Up-to-date: /home/futill/targer_ws/install/my_robot_pkg_msg/include/my_robot_pkg_msg/my_robot_pkg_msg/msg/rosidl_typesupport_introspection_c__visibility_control.h
[0.484s] -- Up-to-date: /home/futill/targer_ws/install/my_robot_pkg_msg/lib/libmy_robot_pkg_msg__rosidl_typesupport_introspection_c.so
[0.484s] -- Up-to-date: /home/futill/targer_ws/install/my_robot_pkg_msg/lib/libmy_robot_pkg_msg__rosidl_typesupport_c.so
[0.484s] -- Up-to-date: /home/futill/targer_ws/install/my_robot_pkg_msg/include/my_robot_pkg_msg/my_robot_pkg_msg
[0.484s] -- Up-to-date: /home/futill/targer_ws/install/my_robot_pkg_msg/include/my_robot_pkg_msg/my_robot_pkg_msg/msg
[0.484s] -- Up-to-date: /home/futill/targer_ws/install/my_robot_pkg_msg/include/my_robot_pkg_msg/my_robot_pkg_msg/msg/rosidl_generator_cpp__visibility_control.hpp
[0.485s] -- Up-to-date: /home/futill/targer_ws/install/my_robot_pkg_msg/include/my_robot_pkg_msg/my_robot_pkg_msg/msg/detail
[0.485s] -- Up-to-date: /home/futill/targer_ws/install/my_robot_pkg_msg/include/my_robot_pkg_msg/my_robot_pkg_msg/msg/detail/chess_move__type_support.hpp
[0.485s] -- Up-to-date: /home/futill/targer_ws/install/my_robot_pkg_msg/include/my_robot_pkg_msg/my_robot_pkg_msg/msg/detail/chess_move__traits.hpp
[0.485s] -- Up-to-date: /home/futill/targer_ws/install/my_robot_pkg_msg/include/my_robot_pkg_msg/my_robot_pkg_msg/msg/detail/chess_move__struct.hpp
[0.485s] -- Up-to-date: /home/futill/targer_ws/install/my_robot_pkg_msg/include/my_robot_pkg_msg/my_robot_pkg_msg/msg/detail/chess_move__builder.hpp
[0.485s] -- Up-to-date: /home/futill/targer_ws/install/my_robot_pkg_msg/include/my_robot_pkg_msg/my_robot_pkg_msg/msg/chess_move.hpp
[0.485s] -- Up-to-date: /home/futill/targer_ws/install/my_robot_pkg_msg/include/my_robot_pkg_msg/my_robot_pkg_msg
[0.485s] -- Up-to-date: /home/futill/targer_ws/install/my_robot_pkg_msg/include/my_robot_pkg_msg/my_robot_pkg_msg/msg
[0.485s] -- Up-to-date: /home/futill/targer_ws/install/my_robot_pkg_msg/include/my_robot_pkg_msg/my_robot_pkg_msg/msg/detail
[0.485s] -- Up-to-date: /home/futill/targer_ws/install/my_robot_pkg_msg/include/my_robot_pkg_msg/my_robot_pkg_msg/msg/detail/dds_fastrtps
[0.485s] -- Up-to-date: /home/futill/targer_ws/install/my_robot_pkg_msg/include/my_robot_pkg_msg/my_robot_pkg_msg/msg/detail/chess_move__rosidl_typesupport_fastrtps_cpp.hpp
[0.486s] -- Up-to-date: /home/futill/targer_ws/install/my_robot_pkg_msg/include/my_robot_pkg_msg/my_robot_pkg_msg/msg/rosidl_typesupport_fastrtps_cpp__visibility_control.h
[0.486s] -- Up-to-date: /home/futill/targer_ws/install/my_robot_pkg_msg/lib/libmy_robot_pkg_msg__rosidl_typesupport_fastrtps_cpp.so
[0.486s] -- Up-to-date: /home/futill/targer_ws/install/my_robot_pkg_msg/include/my_robot_pkg_msg/my_robot_pkg_msg
[0.486s] -- Up-to-date: /home/futill/targer_ws/install/my_robot_pkg_msg/include/my_robot_pkg_msg/my_robot_pkg_msg/msg
[0.486s] -- Up-to-date: /home/futill/targer_ws/install/my_robot_pkg_msg/include/my_robot_pkg_msg/my_robot_pkg_msg/msg/detail
[0.486s] -- Up-to-date: /home/futill/targer_ws/install/my_robot_pkg_msg/include/my_robot_pkg_msg/my_robot_pkg_msg/msg/detail/chess_move__type_support.cpp
[0.486s] -- Up-to-date: /home/futill/targer_ws/install/my_robot_pkg_msg/include/my_robot_pkg_msg/my_robot_pkg_msg/msg/detail/chess_move__rosidl_typesupport_introspection_cpp.hpp
[0.486s] -- Up-to-date: /home/futill/targer_ws/install/my_robot_pkg_msg/lib/libmy_robot_pkg_msg__rosidl_typesupport_introspection_cpp.so
[0.486s] -- Up-to-date: /home/futill/targer_ws/install/my_robot_pkg_msg/lib/libmy_robot_pkg_msg__rosidl_typesupport_cpp.so
[0.486s] -- Up-to-date: /home/futill/targer_ws/install/my_robot_pkg_msg/share/my_robot_pkg_msg/environment/pythonpath.sh
[0.486s] -- Up-to-date: /home/futill/targer_ws/install/my_robot_pkg_msg/share/my_robot_pkg_msg/environment/pythonpath.dsv
[0.486s] -- Up-to-date: /home/futill/targer_ws/install/my_robot_pkg_msg/local/lib/python3.10/dist-packages/my_robot_pkg_msg-0.5.0-py3.10.egg-info
[0.486s] -- Installing: /home/futill/targer_ws/install/my_robot_pkg_msg/local/lib/python3.10/dist-packages/my_robot_pkg_msg-0.5.0-py3.10.egg-info/top_level.txt
[0.487s] -- Installing: /home/futill/targer_ws/install/my_robot_pkg_msg/local/lib/python3.10/dist-packages/my_robot_pkg_msg-0.5.0-py3.10.egg-info/SOURCES.txt
[0.487s] -- Installing: /home/futill/targer_ws/install/my_robot_pkg_msg/local/lib/python3.10/dist-packages/my_robot_pkg_msg-0.5.0-py3.10.egg-info/PKG-INFO
[0.487s] -- Installing: /home/futill/targer_ws/install/my_robot_pkg_msg/local/lib/python3.10/dist-packages/my_robot_pkg_msg-0.5.0-py3.10.egg-info/dependency_links.txt
[0.487s] -- Up-to-date: /home/futill/targer_ws/install/my_robot_pkg_msg/local/lib/python3.10/dist-packages/my_robot_pkg_msg
[0.487s] -- Up-to-date: /home/futill/targer_ws/install/my_robot_pkg_msg/local/lib/python3.10/dist-packages/my_robot_pkg_msg/libmy_robot_pkg_msg__rosidl_generator_py.so
[0.487s] -- Up-to-date: /home/futill/targer_ws/install/my_robot_pkg_msg/local/lib/python3.10/dist-packages/my_robot_pkg_msg/__init__.py
[0.487s] -- Up-to-date: /home/futill/targer_ws/install/my_robot_pkg_msg/local/lib/python3.10/dist-packages/my_robot_pkg_msg/_my_robot_pkg_msg_s.ep.rosidl_typesupport_introspection_c.c
[0.487s] -- Up-to-date: /home/futill/targer_ws/install/my_robot_pkg_msg/local/lib/python3.10/dist-packages/my_robot_pkg_msg/_my_robot_pkg_msg_s.ep.rosidl_typesupport_fastrtps_c.c
[0.487s] -- Up-to-date: /home/futill/targer_ws/install/my_robot_pkg_msg/local/lib/python3.10/dist-packages/my_robot_pkg_msg/_my_robot_pkg_msg_s.ep.rosidl_typesupport_c.c
[0.487s] -- Up-to-date: /home/futill/targer_ws/install/my_robot_pkg_msg/local/lib/python3.10/dist-packages/my_robot_pkg_msg/my_robot_pkg_msg_s__rosidl_typesupport_introspection_c.cpython-310-x86_64-linux-gnu.so
[0.487s] -- Up-to-date: /home/futill/targer_ws/install/my_robot_pkg_msg/local/lib/python3.10/dist-packages/my_robot_pkg_msg/msg
[0.487s] -- Up-to-date: /home/futill/targer_ws/install/my_robot_pkg_msg/local/lib/python3.10/dist-packages/my_robot_pkg_msg/msg/_chess_move.py
[0.487s] -- Up-to-date: /home/futill/targer_ws/install/my_robot_pkg_msg/local/lib/python3.10/dist-packages/my_robot_pkg_msg/msg/__init__.py
[0.488s] -- Up-to-date: /home/futill/targer_ws/install/my_robot_pkg_msg/local/lib/python3.10/dist-packages/my_robot_pkg_msg/msg/_chess_move_s.c
[0.488s] -- Up-to-date: /home/futill/targer_ws/install/my_robot_pkg_msg/local/lib/python3.10/dist-packages/my_robot_pkg_msg/my_robot_pkg_msg_s__rosidl_typesupport_fastrtps_c.cpython-310-x86_64-linux-gnu.so
[0.488s] -- Up-to-date: /home/futill/targer_ws/install/my_robot_pkg_msg/local/lib/python3.10/dist-packages/my_robot_pkg_msg/my_robot_pkg_msg_s__rosidl_typesupport_c.cpython-310-x86_64-linux-gnu.so
[0.530s] Listing '/home/futill/targer_ws/install/my_robot_pkg_msg/local/lib/python3.10/dist-packages/my_robot_pkg_msg'...
[0.530s] Listing '/home/futill/targer_ws/install/my_robot_pkg_msg/local/lib/python3.10/dist-packages/my_robot_pkg_msg/msg'...
[0.536s] -- Up-to-date: /home/futill/targer_ws/install/my_robot_pkg_msg/local/lib/python3.10/dist-packages/my_robot_pkg_msg/my_robot_pkg_msg_s__rosidl_typesupport_fastrtps_c.cpython-310-x86_64-linux-gnu.so
[0.536s] -- Up-to-date: /home/futill/targer_ws/install/my_robot_pkg_msg/local/lib/python3.10/dist-packages/my_robot_pkg_msg/my_robot_pkg_msg_s__rosidl_typesupport_introspection_c.cpython-310-x86_64-linux-gnu.so
[0.537s] -- Up-to-date: /home/futill/targer_ws/install/my_robot_pkg_msg/local/lib/python3.10/dist-packages/my_robot_pkg_msg/my_robot_pkg_msg_s__rosidl_typesupport_c.cpython-310-x86_64-linux-gnu.so
[0.537s] -- Up-to-date: /home/futill/targer_ws/install/my_robot_pkg_msg/lib/libmy_robot_pkg_msg__rosidl_generator_py.so
[0.538s] -- Up-to-date: /home/futill/targer_ws/install/my_robot_pkg_msg/share/my_robot_pkg_msg/msg/ChessMove.idl
[0.538s] -- Up-to-date: /home/futill/targer_ws/install/my_robot_pkg_msg/share/my_robot_pkg_msg/msg/ChessMove.msg
[0.538s] -- Up-to-date: /home/futill/targer_ws/install/my_robot_pkg_msg/share/ament_index/resource_index/package_run_dependencies/my_robot_pkg_msg
[0.538s] -- Up-to-date: /home/futill/targer_ws/install/my_robot_pkg_msg/share/ament_index/resource_index/parent_prefix_path/my_robot_pkg_msg
[0.538s] -- Up-to-date: /home/futill/targer_ws/install/my_robot_pkg_msg/share/my_robot_pkg_msg/environment/ament_prefix_path.sh
[0.538s] -- Up-to-date: /home/futill/targer_ws/install/my_robot_pkg_msg/share/my_robot_pkg_msg/environment/ament_prefix_path.dsv
[0.538s] -- Up-to-date: /home/futill/targer_ws/install/my_robot_pkg_msg/share/my_robot_pkg_msg/environment/path.sh
[0.538s] -- Up-to-date: /home/futill/targer_ws/install/my_robot_pkg_msg/share/my_robot_pkg_msg/environment/path.dsv
[0.538s] -- Up-to-date: /home/futill/targer_ws/install/my_robot_pkg_msg/share/my_robot_pkg_msg/local_setup.bash
[0.538s] -- Up-to-date: /home/futill/targer_ws/install/my_robot_pkg_msg/share/my_robot_pkg_msg/local_setup.sh
[0.539s] -- Up-to-date: /home/futill/targer_ws/install/my_robot_pkg_msg/share/my_robot_pkg_msg/local_setup.zsh
[0.539s] -- Up-to-date: /home/futill/targer_ws/install/my_robot_pkg_msg/share/my_robot_pkg_msg/local_setup.dsv
[0.539s] -- Installing: /home/futill/targer_ws/install/my_robot_pkg_msg/share/my_robot_pkg_msg/package.dsv
[0.539s] -- Up-to-date: /home/futill/targer_ws/install/my_robot_pkg_msg/share/ament_index/resource_index/packages/my_robot_pkg_msg
[0.539s] -- Up-to-date: /home/futill/targer_ws/install/my_robot_pkg_msg/share/my_robot_pkg_msg/cmake/export_my_robot_pkg_msg__rosidl_generator_cExport.cmake
[0.539s] -- Up-to-date: /home/futill/targer_ws/install/my_robot_pkg_msg/share/my_robot_pkg_msg/cmake/export_my_robot_pkg_msg__rosidl_generator_cExport-noconfig.cmake
[0.539s] -- Up-to-date: /home/futill/targer_ws/install/my_robot_pkg_msg/share/my_robot_pkg_msg/cmake/export_my_robot_pkg_msg__rosidl_typesupport_fastrtps_cExport.cmake
[0.539s] -- Up-to-date: /home/futill/targer_ws/install/my_robot_pkg_msg/share/my_robot_pkg_msg/cmake/export_my_robot_pkg_msg__rosidl_typesupport_fastrtps_cExport-noconfig.cmake
[0.539s] -- Up-to-date: /home/futill/targer_ws/install/my_robot_pkg_msg/share/my_robot_pkg_msg/cmake/my_robot_pkg_msg__rosidl_typesupport_introspection_cExport.cmake
[0.539s] -- Up-to-date: /home/futill/targer_ws/install/my_robot_pkg_msg/share/my_robot_pkg_msg/cmake/my_robot_pkg_msg__rosidl_typesupport_introspection_cExport-noconfig.cmake
[0.540s] -- Up-to-date: /home/futill/targer_ws/install/my_robot_pkg_msg/share/my_robot_pkg_msg/cmake/my_robot_pkg_msg__rosidl_typesupport_cExport.cmake
[0.540s] -- Up-to-date: /home/futill/targer_ws/install/my_robot_pkg_msg/share/my_robot_pkg_msg/cmake/my_robot_pkg_msg__rosidl_typesupport_cExport-noconfig.cmake
[0.540s] -- Up-to-date: /home/futill/targer_ws/install/my_robot_pkg_msg/share/my_robot_pkg_msg/cmake/export_my_robot_pkg_msg__rosidl_generator_cppExport.cmake
[0.540s] -- Up-to-date: /home/futill/targer_ws/install/my_robot_pkg_msg/share/my_robot_pkg_msg/cmake/export_my_robot_pkg_msg__rosidl_typesupport_fastrtps_cppExport.cmake
[0.540s] -- Up-to-date: /home/futill/targer_ws/install/my_robot_pkg_msg/share/my_robot_pkg_msg/cmake/export_my_robot_pkg_msg__rosidl_typesupport_fastrtps_cppExport-noconfig.cmake
[0.540s] -- Up-to-date: /home/futill/targer_ws/install/my_robot_pkg_msg/share/my_robot_pkg_msg/cmake/my_robot_pkg_msg__rosidl_typesupport_introspection_cppExport.cmake
[0.540s] -- Up-to-date: /home/futill/targer_ws/install/my_robot_pkg_msg/share/my_robot_pkg_msg/cmake/my_robot_pkg_msg__rosidl_typesupport_introspection_cppExport-noconfig.cmake
[0.540s] -- Up-to-date: /home/futill/targer_ws/install/my_robot_pkg_msg/share/my_robot_pkg_msg/cmake/my_robot_pkg_msg__rosidl_typesupport_cppExport.cmake
[0.540s] -- Up-to-date: /home/futill/targer_ws/install/my_robot_pkg_msg/share/my_robot_pkg_msg/cmake/my_robot_pkg_msg__rosidl_typesupport_cppExport-noconfig.cmake
[0.541s] -- Up-to-date: /home/futill/targer_ws/install/my_robot_pkg_msg/share/my_robot_pkg_msg/cmake/export_my_robot_pkg_msg__rosidl_generator_pyExport.cmake
[0.541s] -- Up-to-date: /home/futill/targer_ws/install/my_robot_pkg_msg/share/my_robot_pkg_msg/cmake/export_my_robot_pkg_msg__rosidl_generator_pyExport-noconfig.cmake
[0.541s] -- Up-to-date: /home/futill/targer_ws/install/my_robot_pkg_msg/share/my_robot_pkg_msg/cmake/rosidl_cmake-extras.cmake
[0.541s] -- Up-to-date: /home/futill/targer_ws/install/my_robot_pkg_msg/share/my_robot_pkg_msg/cmake/ament_cmake_export_dependencies-extras.cmake
[0.541s] -- Up-to-date: /home/futill/targer_ws/install/my_robot_pkg_msg/share/my_robot_pkg_msg/cmake/ament_cmake_export_include_directories-extras.cmake
[0.541s] -- Up-to-date: /home/futill/targer_ws/install/my_robot_pkg_msg/share/my_robot_pkg_msg/cmake/ament_cmake_export_libraries-extras.cmake
[0.541s] -- Up-to-date: /home/futill/targer_ws/install/my_robot_pkg_msg/share/my_robot_pkg_msg/cmake/ament_cmake_export_targets-extras.cmake
[0.541s] -- Up-to-date: /home/futill/targer_ws/install/my_robot_pkg_msg/share/my_robot_pkg_msg/cmake/rosidl_cmake_export_typesupport_targets-extras.cmake
[0.541s] -- Up-to-date: /home/futill/targer_ws/install/my_robot_pkg_msg/share/my_robot_pkg_msg/cmake/rosidl_cmake_export_typesupport_libraries-extras.cmake
[0.541s] -- Up-to-date: /home/futill/targer_ws/install/my_robot_pkg_msg/share/my_robot_pkg_msg/cmake/my_robot_pkg_msgConfig.cmake
[0.541s] -- Up-to-date: /home/futill/targer_ws/install/my_robot_pkg_msg/share/my_robot_pkg_msg/cmake/my_robot_pkg_msgConfig-version.cmake
[0.541s] -- Up-to-date: /home/futill/targer_ws/install/my_robot_pkg_msg/share/my_robot_pkg_msg/package.xml
[0.544s] Invoked command in '/home/futill/targer_ws/build/my_robot_pkg_msg' returned '0': CMAKE_PREFIX_PATH=${CMAKE_PREFIX_PATH}:/home/futill/targer_ws/install/my_robot_pkg:/opt/ros/humble /usr/bin/cmake --install /home/futill/targer_ws/build/my_robot_pkg_msg
