/home/futill/targer_ws/install/my_robot_pkg/lib/python3.10/site-packages/my_robot_pkg/gui.py
/home/futill/targer_ws/install/my_robot_pkg/lib/python3.10/site-packages/my_robot_pkg/arm_move.py
/home/futill/targer_ws/install/my_robot_pkg/lib/python3.10/site-packages/my_robot_pkg/chess_vision_node.py
/home/futill/targer_ws/install/my_robot_pkg/lib/python3.10/site-packages/my_robot_pkg/__init__.py
/home/futill/targer_ws/install/my_robot_pkg/lib/python3.10/site-packages/my_robot_pkg/__pycache__/gui.cpython-310.pyc
/home/futill/targer_ws/install/my_robot_pkg/lib/python3.10/site-packages/my_robot_pkg/__pycache__/arm_move.cpython-310.pyc
/home/futill/targer_ws/install/my_robot_pkg/lib/python3.10/site-packages/my_robot_pkg/__pycache__/chess_vision_node.cpython-310.pyc
/home/futill/targer_ws/install/my_robot_pkg/lib/python3.10/site-packages/my_robot_pkg/__pycache__/__init__.cpython-310.pyc
/home/futill/targer_ws/install/my_robot_pkg/share/ament_index/resource_index/packages/my_robot_pkg
/home/futill/targer_ws/install/my_robot_pkg/share/my_robot_pkg/package.xml
/home/futill/targer_ws/install/my_robot_pkg/share/my_robot_pkg/launch/demo.launch.py
/home/futill/targer_ws/install/my_robot_pkg/share/my_robot_pkg/launch/chess_test.launch.py
/home/futill/targer_ws/install/my_robot_pkg/lib/python3.10/site-packages/my_robot_pkg-0.0.0-py3.10.egg-info/top_level.txt
/home/futill/targer_ws/install/my_robot_pkg/lib/python3.10/site-packages/my_robot_pkg-0.0.0-py3.10.egg-info/SOURCES.txt
/home/futill/targer_ws/install/my_robot_pkg/lib/python3.10/site-packages/my_robot_pkg-0.0.0-py3.10.egg-info/entry_points.txt
/home/futill/targer_ws/install/my_robot_pkg/lib/python3.10/site-packages/my_robot_pkg-0.0.0-py3.10.egg-info/requires.txt
/home/futill/targer_ws/install/my_robot_pkg/lib/python3.10/site-packages/my_robot_pkg-0.0.0-py3.10.egg-info/PKG-INFO
/home/futill/targer_ws/install/my_robot_pkg/lib/python3.10/site-packages/my_robot_pkg-0.0.0-py3.10.egg-info/zip-safe
/home/futill/targer_ws/install/my_robot_pkg/lib/python3.10/site-packages/my_robot_pkg-0.0.0-py3.10.egg-info/dependency_links.txt
/home/futill/targer_ws/install/my_robot_pkg/lib/my_robot_pkg/arm_move
/home/futill/targer_ws/install/my_robot_pkg/lib/my_robot_pkg/chess_vision_node
/home/futill/targer_ws/install/my_robot_pkg/lib/my_robot_pkg/gui
