running egg_info
creating ../../../build/my_robot_pkg/my_robot_pkg.egg-info
writing ../../../build/my_robot_pkg/my_robot_pkg.egg-info/PKG-INFO
writing dependency_links to ../../../build/my_robot_pkg/my_robot_pkg.egg-info/dependency_links.txt
writing entry points to ../../../build/my_robot_pkg/my_robot_pkg.egg-info/entry_points.txt
writing requirements to ../../../build/my_robot_pkg/my_robot_pkg.egg-info/requires.txt
writing top-level names to ../../../build/my_robot_pkg/my_robot_pkg.egg-info/top_level.txt
writing manifest file '../../../build/my_robot_pkg/my_robot_pkg.egg-info/SOURCES.txt'
reading manifest file '../../../build/my_robot_pkg/my_robot_pkg.egg-info/SOURCES.txt'
writing manifest file '../../../build/my_robot_pkg/my_robot_pkg.egg-info/SOURCES.txt'
running build
running build_py
creating /home/futill/targer_ws/build/my_robot_pkg/build
creating /home/futill/targer_ws/build/my_robot_pkg/build/lib
creating /home/futill/targer_ws/build/my_robot_pkg/build/lib/my_robot_pkg
copying my_robot_pkg/gui.py -> /home/futill/targer_ws/build/my_robot_pkg/build/lib/my_robot_pkg
copying my_robot_pkg/arm_move.py -> /home/futill/targer_ws/build/my_robot_pkg/build/lib/my_robot_pkg
copying my_robot_pkg/chess_vision_node.py -> /home/futill/targer_ws/build/my_robot_pkg/build/lib/my_robot_pkg
copying my_robot_pkg/__init__.py -> /home/futill/targer_ws/build/my_robot_pkg/build/lib/my_robot_pkg
running install
running install_lib
creating /home/futill/targer_ws/install/my_robot_pkg/lib/python3.10/site-packages/my_robot_pkg
copying /home/futill/targer_ws/build/my_robot_pkg/build/lib/my_robot_pkg/gui.py -> /home/futill/targer_ws/install/my_robot_pkg/lib/python3.10/site-packages/my_robot_pkg
copying /home/futill/targer_ws/build/my_robot_pkg/build/lib/my_robot_pkg/arm_move.py -> /home/futill/targer_ws/install/my_robot_pkg/lib/python3.10/site-packages/my_robot_pkg
copying /home/futill/targer_ws/build/my_robot_pkg/build/lib/my_robot_pkg/chess_vision_node.py -> /home/futill/targer_ws/install/my_robot_pkg/lib/python3.10/site-packages/my_robot_pkg
copying /home/futill/targer_ws/build/my_robot_pkg/build/lib/my_robot_pkg/__init__.py -> /home/futill/targer_ws/install/my_robot_pkg/lib/python3.10/site-packages/my_robot_pkg
byte-compiling /home/futill/targer_ws/install/my_robot_pkg/lib/python3.10/site-packages/my_robot_pkg/gui.py to gui.cpython-310.pyc
byte-compiling /home/futill/targer_ws/install/my_robot_pkg/lib/python3.10/site-packages/my_robot_pkg/arm_move.py to arm_move.cpython-310.pyc
byte-compiling /home/futill/targer_ws/install/my_robot_pkg/lib/python3.10/site-packages/my_robot_pkg/chess_vision_node.py to chess_vision_node.cpython-310.pyc
byte-compiling /home/futill/targer_ws/install/my_robot_pkg/lib/python3.10/site-packages/my_robot_pkg/__init__.py to __init__.cpython-310.pyc
running install_data
creating /home/futill/targer_ws/install/my_robot_pkg/share/ament_index
creating /home/futill/targer_ws/install/my_robot_pkg/share/ament_index/resource_index
creating /home/futill/targer_ws/install/my_robot_pkg/share/ament_index/resource_index/packages
copying resource/my_robot_pkg -> /home/futill/targer_ws/install/my_robot_pkg/share/ament_index/resource_index/packages
copying package.xml -> /home/futill/targer_ws/install/my_robot_pkg/share/my_robot_pkg
creating /home/futill/targer_ws/install/my_robot_pkg/share/my_robot_pkg/launch
copying launch/demo.launch.py -> /home/futill/targer_ws/install/my_robot_pkg/share/my_robot_pkg/launch
copying launch/chess_test.launch.py -> /home/futill/targer_ws/install/my_robot_pkg/share/my_robot_pkg/launch
running install_egg_info
Copying ../../../build/my_robot_pkg/my_robot_pkg.egg-info to /home/futill/targer_ws/install/my_robot_pkg/lib/python3.10/site-packages/my_robot_pkg-0.0.0-py3.10.egg-info
running install_scripts
Installing arm_move script to /home/futill/targer_ws/install/my_robot_pkg/lib/my_robot_pkg
Installing chess_vision_node script to /home/futill/targer_ws/install/my_robot_pkg/lib/my_robot_pkg
Installing gui script to /home/futill/targer_ws/install/my_robot_pkg/lib/my_robot_pkg
writing list of installed files to '/home/futill/targer_ws/build/my_robot_pkg/install.log'
