[0.845s] Invoking command in '/home/futill/targer_ws/src/my_robot_pkg/my_robot_pkg': CMAKE_PREFIX_PATH=/home/futill/targer_ws/install/my_robot_pkg_msg:/home/futill/dummy2_hand_eye_calibration_ws/install LD_LIBRARY_PATH=/home/futill/targer_ws/install/my_robot_pkg_msg/lib:/home/futill/dummy2_hand_eye_calibration_ws/install/lib:/opt/ros/humble/opt/rviz_ogre_vendor/lib:/opt/ros/humble/lib/x86_64-linux-gnu:/opt/ros/humble/lib PYTHONPATH=/home/futill/targer_ws/build/my_robot_pkg/prefix_override:/usr/lib/python3/dist-packages/colcon_core/task/python/colcon_distutils_commands:/home/futill/targer_ws/install/my_robot_pkg/lib/python3.10/site-packages:${PYTHONPATH} /usr/bin/python3 -W ignore:setup.py install is deprecated -W ignore:easy_install command is deprecated setup.py egg_info --egg-base ../../../build/my_robot_pkg build --build-base /home/futill/targer_ws/build/my_robot_pkg/build install --record /home/futill/targer_ws/build/my_robot_pkg/install.log --single-version-externally-managed install_data
[1.118s] running egg_info
[1.118s] writing ../../../build/my_robot_pkg/my_robot_pkg.egg-info/PKG-INFO
[1.119s] writing dependency_links to ../../../build/my_robot_pkg/my_robot_pkg.egg-info/dependency_links.txt
[1.120s] writing entry points to ../../../build/my_robot_pkg/my_robot_pkg.egg-info/entry_points.txt
[1.120s] writing requirements to ../../../build/my_robot_pkg/my_robot_pkg.egg-info/requires.txt
[1.120s] writing top-level names to ../../../build/my_robot_pkg/my_robot_pkg.egg-info/top_level.txt
[1.123s] reading manifest file '../../../build/my_robot_pkg/my_robot_pkg.egg-info/SOURCES.txt'
[1.124s] writing manifest file '../../../build/my_robot_pkg/my_robot_pkg.egg-info/SOURCES.txt'
[1.124s] running build
[1.124s] running build_py
[1.125s] copying my_robot_pkg/gui.py -> /home/futill/targer_ws/build/my_robot_pkg/build/lib/my_robot_pkg
[1.126s] running install
[1.126s] running install_lib
[1.127s] copying /home/futill/targer_ws/build/my_robot_pkg/build/lib/my_robot_pkg/gui.py -> /home/futill/targer_ws/install/my_robot_pkg/lib/python3.10/site-packages/my_robot_pkg
[1.129s] byte-compiling /home/futill/targer_ws/install/my_robot_pkg/lib/python3.10/site-packages/my_robot_pkg/gui.py to gui.cpython-310.pyc
[1.131s] running install_data
[1.131s] running install_egg_info
[1.134s] removing '/home/futill/targer_ws/install/my_robot_pkg/lib/python3.10/site-packages/my_robot_pkg-0.0.0-py3.10.egg-info' (and everything under it)
[1.137s] Copying ../../../build/my_robot_pkg/my_robot_pkg.egg-info to /home/futill/targer_ws/install/my_robot_pkg/lib/python3.10/site-packages/my_robot_pkg-0.0.0-py3.10.egg-info
[1.137s] running install_scripts
[1.160s] Installing arm_move script to /home/futill/targer_ws/install/my_robot_pkg/lib/my_robot_pkg
[1.160s] Installing chess_vision_node script to /home/futill/targer_ws/install/my_robot_pkg/lib/my_robot_pkg
[1.160s] Installing gui script to /home/futill/targer_ws/install/my_robot_pkg/lib/my_robot_pkg
[1.161s] writing list of installed files to '/home/futill/targer_ws/build/my_robot_pkg/install.log'
[1.214s] Invoked command in '/home/futill/targer_ws/src/my_robot_pkg/my_robot_pkg' returned '0': CMAKE_PREFIX_PATH=/home/futill/targer_ws/install/my_robot_pkg_msg:/home/futill/dummy2_hand_eye_calibration_ws/install LD_LIBRARY_PATH=/home/futill/targer_ws/install/my_robot_pkg_msg/lib:/home/futill/dummy2_hand_eye_calibration_ws/install/lib:/opt/ros/humble/opt/rviz_ogre_vendor/lib:/opt/ros/humble/lib/x86_64-linux-gnu:/opt/ros/humble/lib PYTHONPATH=/home/futill/targer_ws/build/my_robot_pkg/prefix_override:/usr/lib/python3/dist-packages/colcon_core/task/python/colcon_distutils_commands:/home/futill/targer_ws/install/my_robot_pkg/lib/python3.10/site-packages:${PYTHONPATH} /usr/bin/python3 -W ignore:setup.py install is deprecated -W ignore:easy_install command is deprecated setup.py egg_info --egg-base ../../../build/my_robot_pkg build --build-base /home/futill/targer_ws/build/my_robot_pkg/build install --record /home/futill/targer_ws/build/my_robot_pkg/install.log --single-version-externally-managed install_data
