[0.014s] Invoking command in '/home/futill/targer_ws/build/my_robot_pkg_msg': CMAKE_PREFIX_PATH=${CMAKE_PREFIX_PATH}:/home/futill/targer_ws/install/my_robot_pkg:/opt/ros/humble /usr/bin/cmake --build /home/futill/targer_ws/build/my_robot_pkg_msg -- -j8 -l8
[0.068s] [ 12%] Built target my_robot_pkg_msg__rosidl_generator_c
[0.069s] [ 12%] Built target my_robot_pkg_msg__cpp
[0.080s] [ 12%] Built target ament_cmake_python_copy_my_robot_pkg_msg
[0.093s] [ 25%] Built target my_robot_pkg_msg__rosidl_typesupport_introspection_c
[0.093s] [ 38%] Built target my_robot_pkg_msg__rosidl_typesupport_c
[0.093s] [ 41%] Built target my_robot_pkg_msg__rosidl_typesupport_fastrtps_cpp
[0.095s] [ 51%] Built target my_robot_pkg_msg__rosidl_typesupport_fastrtps_c
[0.096s] [ 61%] Built target my_robot_pkg_msg__rosidl_typesupport_introspection_cpp
[0.106s] [ 70%] Built target my_robot_pkg_msg__rosidl_typesupport_cpp
[0.131s] [ 70%] Built target my_robot_pkg_msg
[0.156s] [ 74%] Built target my_robot_pkg_msg__py
[0.181s] [ 80%] Built target my_robot_pkg_msg__rosidl_generator_py
[0.207s] [ 93%] Built target my_robot_pkg_msg__rosidl_typesupport_introspection_c__pyext
[0.208s] [ 96%] Built target my_robot_pkg_msg__rosidl_typesupport_c__pyext
[0.208s] [100%] Built target my_robot_pkg_msg__rosidl_typesupport_fastrtps_c__pyext
[0.334s] running egg_info
[0.334s] writing my_robot_pkg_msg.egg-info/PKG-INFO
[0.334s] writing dependency_links to my_robot_pkg_msg.egg-info/dependency_links.txt
[0.334s] writing top-level names to my_robot_pkg_msg.egg-info/top_level.txt
[0.337s] reading manifest file 'my_robot_pkg_msg.egg-info/SOURCES.txt'
[0.338s] writing manifest file 'my_robot_pkg_msg.egg-info/SOURCES.txt'
[0.375s] [100%] Built target ament_cmake_python_build_my_robot_pkg_msg_egg
[0.390s] Invoked command in '/home/futill/targer_ws/build/my_robot_pkg_msg' returned '0': CMAKE_PREFIX_PATH=${CMAKE_PREFIX_PATH}:/home/futill/targer_ws/install/my_robot_pkg:/opt/ros/humble /usr/bin/cmake --build /home/futill/targer_ws/build/my_robot_pkg_msg -- -j8 -l8
[0.402s] Invoking command in '/home/futill/targer_ws/build/my_robot_pkg_msg': CMAKE_PREFIX_PATH=${CMAKE_PREFIX_PATH}:/home/futill/targer_ws/install/my_robot_pkg:/opt/ros/humble /usr/bin/cmake --install /home/futill/targer_ws/build/my_robot_pkg_msg
[0.411s] -- Install configuration: ""
[0.411s] -- Up-to-date: /home/futill/targer_ws/install/my_robot_pkg_msg/share/ament_index/resource_index/rosidl_interfaces/my_robot_pkg_msg
[0.411s] -- Up-to-date: /home/futill/targer_ws/install/my_robot_pkg_msg/include/my_robot_pkg_msg/my_robot_pkg_msg
[0.411s] -- Up-to-date: /home/futill/targer_ws/install/my_robot_pkg_msg/include/my_robot_pkg_msg/my_robot_pkg_msg/msg
[0.411s] -- Up-to-date: /home/futill/targer_ws/install/my_robot_pkg_msg/include/my_robot_pkg_msg/my_robot_pkg_msg/msg/detail
[0.411s] -- Up-to-date: /home/futill/targer_ws/install/my_robot_pkg_msg/include/my_robot_pkg_msg/my_robot_pkg_msg/msg/detail/chess_move__functions.h
[0.411s] -- Up-to-date: /home/futill/targer_ws/install/my_robot_pkg_msg/include/my_robot_pkg_msg/my_robot_pkg_msg/msg/detail/chess_move__functions.c
[0.411s] -- Up-to-date: /home/futill/targer_ws/install/my_robot_pkg_msg/include/my_robot_pkg_msg/my_robot_pkg_msg/msg/detail/chess_move__type_support.h
[0.412s] -- Up-to-date: /home/futill/targer_ws/install/my_robot_pkg_msg/include/my_robot_pkg_msg/my_robot_pkg_msg/msg/detail/chess_move__struct.h
[0.412s] -- Up-to-date: /home/futill/targer_ws/install/my_robot_pkg_msg/include/my_robot_pkg_msg/my_robot_pkg_msg/msg/chess_move.h
[0.412s] -- Up-to-date: /home/futill/targer_ws/install/my_robot_pkg_msg/include/my_robot_pkg_msg/my_robot_pkg_msg/msg/rosidl_generator_c__visibility_control.h
[0.412s] -- Up-to-date: /home/futill/targer_ws/install/my_robot_pkg_msg/share/my_robot_pkg_msg/environment/library_path.sh
[0.412s] -- Up-to-date: /home/futill/targer_ws/install/my_robot_pkg_msg/share/my_robot_pkg_msg/environment/library_path.dsv
[0.412s] -- Up-to-date: /home/futill/targer_ws/install/my_robot_pkg_msg/lib/libmy_robot_pkg_msg__rosidl_generator_c.so
[0.412s] -- Up-to-date: /home/futill/targer_ws/install/my_robot_pkg_msg/include/my_robot_pkg_msg/my_robot_pkg_msg
[0.412s] -- Up-to-date: /home/futill/targer_ws/install/my_robot_pkg_msg/include/my_robot_pkg_msg/my_robot_pkg_msg/msg
[0.412s] -- Up-to-date: /home/futill/targer_ws/install/my_robot_pkg_msg/include/my_robot_pkg_msg/my_robot_pkg_msg/msg/rosidl_typesupport_fastrtps_c__visibility_control.h
[0.413s] -- Up-to-date: /home/futill/targer_ws/install/my_robot_pkg_msg/include/my_robot_pkg_msg/my_robot_pkg_msg/msg/detail
[0.413s] -- Up-to-date: /home/futill/targer_ws/install/my_robot_pkg_msg/include/my_robot_pkg_msg/my_robot_pkg_msg/msg/detail/chess_move__rosidl_typesupport_fastrtps_c.h
[0.413s] -- Up-to-date: /home/futill/targer_ws/install/my_robot_pkg_msg/lib/libmy_robot_pkg_msg__rosidl_typesupport_fastrtps_c.so
[0.413s] -- Up-to-date: /home/futill/targer_ws/install/my_robot_pkg_msg/include/my_robot_pkg_msg/my_robot_pkg_msg
[0.413s] -- Up-to-date: /home/futill/targer_ws/install/my_robot_pkg_msg/include/my_robot_pkg_msg/my_robot_pkg_msg/msg
[0.413s] -- Up-to-date: /home/futill/targer_ws/install/my_robot_pkg_msg/include/my_robot_pkg_msg/my_robot_pkg_msg/msg/detail
[0.413s] -- Up-to-date: /home/futill/targer_ws/install/my_robot_pkg_msg/include/my_robot_pkg_msg/my_robot_pkg_msg/msg/detail/chess_move__type_support.c
[0.413s] -- Up-to-date: /home/futill/targer_ws/install/my_robot_pkg_msg/include/my_robot_pkg_msg/my_robot_pkg_msg/msg/detail/chess_move__rosidl_typesupport_introspection_c.h
[0.414s] -- Up-to-date: /home/futill/targer_ws/install/my_robot_pkg_msg/include/my_robot_pkg_msg/my_robot_pkg_msg/msg/rosidl_typesupport_introspection_c__visibility_control.h
[0.414s] -- Up-to-date: /home/futill/targer_ws/install/my_robot_pkg_msg/lib/libmy_robot_pkg_msg__rosidl_typesupport_introspection_c.so
[0.414s] -- Up-to-date: /home/futill/targer_ws/install/my_robot_pkg_msg/lib/libmy_robot_pkg_msg__rosidl_typesupport_c.so
[0.414s] -- Up-to-date: /home/futill/targer_ws/install/my_robot_pkg_msg/include/my_robot_pkg_msg/my_robot_pkg_msg
[0.414s] -- Up-to-date: /home/futill/targer_ws/install/my_robot_pkg_msg/include/my_robot_pkg_msg/my_robot_pkg_msg/msg
[0.414s] -- Up-to-date: /home/futill/targer_ws/install/my_robot_pkg_msg/include/my_robot_pkg_msg/my_robot_pkg_msg/msg/rosidl_generator_cpp__visibility_control.hpp
[0.414s] -- Up-to-date: /home/futill/targer_ws/install/my_robot_pkg_msg/include/my_robot_pkg_msg/my_robot_pkg_msg/msg/detail
[0.414s] -- Up-to-date: /home/futill/targer_ws/install/my_robot_pkg_msg/include/my_robot_pkg_msg/my_robot_pkg_msg/msg/detail/chess_move__type_support.hpp
[0.415s] -- Up-to-date: /home/futill/targer_ws/install/my_robot_pkg_msg/include/my_robot_pkg_msg/my_robot_pkg_msg/msg/detail/chess_move__traits.hpp
[0.415s] -- Up-to-date: /home/futill/targer_ws/install/my_robot_pkg_msg/include/my_robot_pkg_msg/my_robot_pkg_msg/msg/detail/chess_move__struct.hpp
[0.415s] -- Up-to-date: /home/futill/targer_ws/install/my_robot_pkg_msg/include/my_robot_pkg_msg/my_robot_pkg_msg/msg/detail/chess_move__builder.hpp
[0.415s] -- Up-to-date: /home/futill/targer_ws/install/my_robot_pkg_msg/include/my_robot_pkg_msg/my_robot_pkg_msg/msg/chess_move.hpp
[0.415s] -- Up-to-date: /home/futill/targer_ws/install/my_robot_pkg_msg/include/my_robot_pkg_msg/my_robot_pkg_msg
[0.415s] -- Up-to-date: /home/futill/targer_ws/install/my_robot_pkg_msg/include/my_robot_pkg_msg/my_robot_pkg_msg/msg
[0.415s] -- Up-to-date: /home/futill/targer_ws/install/my_robot_pkg_msg/include/my_robot_pkg_msg/my_robot_pkg_msg/msg/detail
[0.415s] -- Up-to-date: /home/futill/targer_ws/install/my_robot_pkg_msg/include/my_robot_pkg_msg/my_robot_pkg_msg/msg/detail/dds_fastrtps
[0.415s] -- Up-to-date: /home/futill/targer_ws/install/my_robot_pkg_msg/include/my_robot_pkg_msg/my_robot_pkg_msg/msg/detail/chess_move__rosidl_typesupport_fastrtps_cpp.hpp
[0.415s] -- Up-to-date: /home/futill/targer_ws/install/my_robot_pkg_msg/include/my_robot_pkg_msg/my_robot_pkg_msg/msg/rosidl_typesupport_fastrtps_cpp__visibility_control.h
[0.416s] -- Up-to-date: /home/futill/targer_ws/install/my_robot_pkg_msg/lib/libmy_robot_pkg_msg__rosidl_typesupport_fastrtps_cpp.so
[0.416s] -- Up-to-date: /home/futill/targer_ws/install/my_robot_pkg_msg/include/my_robot_pkg_msg/my_robot_pkg_msg
[0.416s] -- Up-to-date: /home/futill/targer_ws/install/my_robot_pkg_msg/include/my_robot_pkg_msg/my_robot_pkg_msg/msg
[0.416s] -- Up-to-date: /home/futill/targer_ws/install/my_robot_pkg_msg/include/my_robot_pkg_msg/my_robot_pkg_msg/msg/detail
[0.416s] -- Up-to-date: /home/futill/targer_ws/install/my_robot_pkg_msg/include/my_robot_pkg_msg/my_robot_pkg_msg/msg/detail/chess_move__type_support.cpp
[0.416s] -- Up-to-date: /home/futill/targer_ws/install/my_robot_pkg_msg/include/my_robot_pkg_msg/my_robot_pkg_msg/msg/detail/chess_move__rosidl_typesupport_introspection_cpp.hpp
[0.416s] -- Up-to-date: /home/futill/targer_ws/install/my_robot_pkg_msg/lib/libmy_robot_pkg_msg__rosidl_typesupport_introspection_cpp.so
[0.416s] -- Up-to-date: /home/futill/targer_ws/install/my_robot_pkg_msg/lib/libmy_robot_pkg_msg__rosidl_typesupport_cpp.so
[0.416s] -- Up-to-date: /home/futill/targer_ws/install/my_robot_pkg_msg/share/my_robot_pkg_msg/environment/pythonpath.sh
[0.417s] -- Up-to-date: /home/futill/targer_ws/install/my_robot_pkg_msg/share/my_robot_pkg_msg/environment/pythonpath.dsv
[0.417s] -- Up-to-date: /home/futill/targer_ws/install/my_robot_pkg_msg/local/lib/python3.10/dist-packages/my_robot_pkg_msg-0.5.0-py3.10.egg-info
[0.417s] -- Installing: /home/futill/targer_ws/install/my_robot_pkg_msg/local/lib/python3.10/dist-packages/my_robot_pkg_msg-0.5.0-py3.10.egg-info/top_level.txt
[0.417s] -- Installing: /home/futill/targer_ws/install/my_robot_pkg_msg/local/lib/python3.10/dist-packages/my_robot_pkg_msg-0.5.0-py3.10.egg-info/SOURCES.txt
[0.417s] -- Installing: /home/futill/targer_ws/install/my_robot_pkg_msg/local/lib/python3.10/dist-packages/my_robot_pkg_msg-0.5.0-py3.10.egg-info/PKG-INFO
[0.417s] -- Installing: /home/futill/targer_ws/install/my_robot_pkg_msg/local/lib/python3.10/dist-packages/my_robot_pkg_msg-0.5.0-py3.10.egg-info/dependency_links.txt
[0.417s] -- Up-to-date: /home/futill/targer_ws/install/my_robot_pkg_msg/local/lib/python3.10/dist-packages/my_robot_pkg_msg
[0.417s] -- Up-to-date: /home/futill/targer_ws/install/my_robot_pkg_msg/local/lib/python3.10/dist-packages/my_robot_pkg_msg/libmy_robot_pkg_msg__rosidl_generator_py.so
[0.417s] -- Up-to-date: /home/futill/targer_ws/install/my_robot_pkg_msg/local/lib/python3.10/dist-packages/my_robot_pkg_msg/__init__.py
[0.417s] -- Up-to-date: /home/futill/targer_ws/install/my_robot_pkg_msg/local/lib/python3.10/dist-packages/my_robot_pkg_msg/_my_robot_pkg_msg_s.ep.rosidl_typesupport_introspection_c.c
[0.417s] -- Up-to-date: /home/futill/targer_ws/install/my_robot_pkg_msg/local/lib/python3.10/dist-packages/my_robot_pkg_msg/_my_robot_pkg_msg_s.ep.rosidl_typesupport_fastrtps_c.c
[0.417s] -- Up-to-date: /home/futill/targer_ws/install/my_robot_pkg_msg/local/lib/python3.10/dist-packages/my_robot_pkg_msg/_my_robot_pkg_msg_s.ep.rosidl_typesupport_c.c
[0.417s] -- Up-to-date: /home/futill/targer_ws/install/my_robot_pkg_msg/local/lib/python3.10/dist-packages/my_robot_pkg_msg/my_robot_pkg_msg_s__rosidl_typesupport_introspection_c.cpython-310-x86_64-linux-gnu.so
[0.418s] -- Up-to-date: /home/futill/targer_ws/install/my_robot_pkg_msg/local/lib/python3.10/dist-packages/my_robot_pkg_msg/msg
[0.418s] -- Up-to-date: /home/futill/targer_ws/install/my_robot_pkg_msg/local/lib/python3.10/dist-packages/my_robot_pkg_msg/msg/_chess_move.py
[0.418s] -- Up-to-date: /home/futill/targer_ws/install/my_robot_pkg_msg/local/lib/python3.10/dist-packages/my_robot_pkg_msg/msg/__init__.py
[0.418s] -- Up-to-date: /home/futill/targer_ws/install/my_robot_pkg_msg/local/lib/python3.10/dist-packages/my_robot_pkg_msg/msg/_chess_move_s.c
[0.418s] -- Up-to-date: /home/futill/targer_ws/install/my_robot_pkg_msg/local/lib/python3.10/dist-packages/my_robot_pkg_msg/my_robot_pkg_msg_s__rosidl_typesupport_fastrtps_c.cpython-310-x86_64-linux-gnu.so
[0.418s] -- Up-to-date: /home/futill/targer_ws/install/my_robot_pkg_msg/local/lib/python3.10/dist-packages/my_robot_pkg_msg/my_robot_pkg_msg_s__rosidl_typesupport_c.cpython-310-x86_64-linux-gnu.so
[0.455s] Listing '/home/futill/targer_ws/install/my_robot_pkg_msg/local/lib/python3.10/dist-packages/my_robot_pkg_msg'...
[0.455s] Listing '/home/futill/targer_ws/install/my_robot_pkg_msg/local/lib/python3.10/dist-packages/my_robot_pkg_msg/msg'...
[0.461s] -- Up-to-date: /home/futill/targer_ws/install/my_robot_pkg_msg/local/lib/python3.10/dist-packages/my_robot_pkg_msg/my_robot_pkg_msg_s__rosidl_typesupport_fastrtps_c.cpython-310-x86_64-linux-gnu.so
[0.461s] -- Up-to-date: /home/futill/targer_ws/install/my_robot_pkg_msg/local/lib/python3.10/dist-packages/my_robot_pkg_msg/my_robot_pkg_msg_s__rosidl_typesupport_introspection_c.cpython-310-x86_64-linux-gnu.so
[0.461s] -- Up-to-date: /home/futill/targer_ws/install/my_robot_pkg_msg/local/lib/python3.10/dist-packages/my_robot_pkg_msg/my_robot_pkg_msg_s__rosidl_typesupport_c.cpython-310-x86_64-linux-gnu.so
[0.462s] -- Up-to-date: /home/futill/targer_ws/install/my_robot_pkg_msg/lib/libmy_robot_pkg_msg__rosidl_generator_py.so
[0.462s] -- Up-to-date: /home/futill/targer_ws/install/my_robot_pkg_msg/share/my_robot_pkg_msg/msg/ChessMove.idl
[0.462s] -- Up-to-date: /home/futill/targer_ws/install/my_robot_pkg_msg/share/my_robot_pkg_msg/msg/ChessMove.msg
[0.462s] -- Up-to-date: /home/futill/targer_ws/install/my_robot_pkg_msg/share/ament_index/resource_index/package_run_dependencies/my_robot_pkg_msg
[0.462s] -- Up-to-date: /home/futill/targer_ws/install/my_robot_pkg_msg/share/ament_index/resource_index/parent_prefix_path/my_robot_pkg_msg
[0.462s] -- Up-to-date: /home/futill/targer_ws/install/my_robot_pkg_msg/share/my_robot_pkg_msg/environment/ament_prefix_path.sh
[0.462s] -- Up-to-date: /home/futill/targer_ws/install/my_robot_pkg_msg/share/my_robot_pkg_msg/environment/ament_prefix_path.dsv
[0.463s] -- Up-to-date: /home/futill/targer_ws/install/my_robot_pkg_msg/share/my_robot_pkg_msg/environment/path.sh
[0.463s] -- Up-to-date: /home/futill/targer_ws/install/my_robot_pkg_msg/share/my_robot_pkg_msg/environment/path.dsv
[0.463s] -- Up-to-date: /home/futill/targer_ws/install/my_robot_pkg_msg/share/my_robot_pkg_msg/local_setup.bash
[0.463s] -- Up-to-date: /home/futill/targer_ws/install/my_robot_pkg_msg/share/my_robot_pkg_msg/local_setup.sh
[0.463s] -- Up-to-date: /home/futill/targer_ws/install/my_robot_pkg_msg/share/my_robot_pkg_msg/local_setup.zsh
[0.463s] -- Up-to-date: /home/futill/targer_ws/install/my_robot_pkg_msg/share/my_robot_pkg_msg/local_setup.dsv
[0.463s] -- Installing: /home/futill/targer_ws/install/my_robot_pkg_msg/share/my_robot_pkg_msg/package.dsv
[0.463s] -- Up-to-date: /home/futill/targer_ws/install/my_robot_pkg_msg/share/ament_index/resource_index/packages/my_robot_pkg_msg
[0.463s] -- Up-to-date: /home/futill/targer_ws/install/my_robot_pkg_msg/share/my_robot_pkg_msg/cmake/export_my_robot_pkg_msg__rosidl_generator_cExport.cmake
[0.463s] -- Up-to-date: /home/futill/targer_ws/install/my_robot_pkg_msg/share/my_robot_pkg_msg/cmake/export_my_robot_pkg_msg__rosidl_generator_cExport-noconfig.cmake
[0.463s] -- Up-to-date: /home/futill/targer_ws/install/my_robot_pkg_msg/share/my_robot_pkg_msg/cmake/export_my_robot_pkg_msg__rosidl_typesupport_fastrtps_cExport.cmake
[0.464s] -- Up-to-date: /home/futill/targer_ws/install/my_robot_pkg_msg/share/my_robot_pkg_msg/cmake/export_my_robot_pkg_msg__rosidl_typesupport_fastrtps_cExport-noconfig.cmake
[0.464s] -- Up-to-date: /home/futill/targer_ws/install/my_robot_pkg_msg/share/my_robot_pkg_msg/cmake/my_robot_pkg_msg__rosidl_typesupport_introspection_cExport.cmake
[0.464s] -- Up-to-date: /home/futill/targer_ws/install/my_robot_pkg_msg/share/my_robot_pkg_msg/cmake/my_robot_pkg_msg__rosidl_typesupport_introspection_cExport-noconfig.cmake
[0.464s] -- Up-to-date: /home/futill/targer_ws/install/my_robot_pkg_msg/share/my_robot_pkg_msg/cmake/my_robot_pkg_msg__rosidl_typesupport_cExport.cmake
[0.464s] -- Up-to-date: /home/futill/targer_ws/install/my_robot_pkg_msg/share/my_robot_pkg_msg/cmake/my_robot_pkg_msg__rosidl_typesupport_cExport-noconfig.cmake
[0.464s] -- Up-to-date: /home/futill/targer_ws/install/my_robot_pkg_msg/share/my_robot_pkg_msg/cmake/export_my_robot_pkg_msg__rosidl_generator_cppExport.cmake
[0.464s] -- Up-to-date: /home/futill/targer_ws/install/my_robot_pkg_msg/share/my_robot_pkg_msg/cmake/export_my_robot_pkg_msg__rosidl_typesupport_fastrtps_cppExport.cmake
[0.464s] -- Up-to-date: /home/futill/targer_ws/install/my_robot_pkg_msg/share/my_robot_pkg_msg/cmake/export_my_robot_pkg_msg__rosidl_typesupport_fastrtps_cppExport-noconfig.cmake
[0.464s] -- Up-to-date: /home/futill/targer_ws/install/my_robot_pkg_msg/share/my_robot_pkg_msg/cmake/my_robot_pkg_msg__rosidl_typesupport_introspection_cppExport.cmake
[0.465s] -- Up-to-date: /home/futill/targer_ws/install/my_robot_pkg_msg/share/my_robot_pkg_msg/cmake/my_robot_pkg_msg__rosidl_typesupport_introspection_cppExport-noconfig.cmake
[0.465s] -- Up-to-date: /home/futill/targer_ws/install/my_robot_pkg_msg/share/my_robot_pkg_msg/cmake/my_robot_pkg_msg__rosidl_typesupport_cppExport.cmake
[0.465s] -- Up-to-date: /home/futill/targer_ws/install/my_robot_pkg_msg/share/my_robot_pkg_msg/cmake/my_robot_pkg_msg__rosidl_typesupport_cppExport-noconfig.cmake
[0.465s] -- Up-to-date: /home/futill/targer_ws/install/my_robot_pkg_msg/share/my_robot_pkg_msg/cmake/export_my_robot_pkg_msg__rosidl_generator_pyExport.cmake
[0.465s] -- Up-to-date: /home/futill/targer_ws/install/my_robot_pkg_msg/share/my_robot_pkg_msg/cmake/export_my_robot_pkg_msg__rosidl_generator_pyExport-noconfig.cmake
[0.465s] -- Up-to-date: /home/futill/targer_ws/install/my_robot_pkg_msg/share/my_robot_pkg_msg/cmake/rosidl_cmake-extras.cmake
[0.465s] -- Up-to-date: /home/futill/targer_ws/install/my_robot_pkg_msg/share/my_robot_pkg_msg/cmake/ament_cmake_export_dependencies-extras.cmake
[0.465s] -- Up-to-date: /home/futill/targer_ws/install/my_robot_pkg_msg/share/my_robot_pkg_msg/cmake/ament_cmake_export_include_directories-extras.cmake
[0.466s] -- Up-to-date: /home/futill/targer_ws/install/my_robot_pkg_msg/share/my_robot_pkg_msg/cmake/ament_cmake_export_libraries-extras.cmake
[0.466s] -- Up-to-date: /home/futill/targer_ws/install/my_robot_pkg_msg/share/my_robot_pkg_msg/cmake/ament_cmake_export_targets-extras.cmake
[0.466s] -- Up-to-date: /home/futill/targer_ws/install/my_robot_pkg_msg/share/my_robot_pkg_msg/cmake/rosidl_cmake_export_typesupport_targets-extras.cmake
[0.466s] -- Up-to-date: /home/futill/targer_ws/install/my_robot_pkg_msg/share/my_robot_pkg_msg/cmake/rosidl_cmake_export_typesupport_libraries-extras.cmake
[0.466s] -- Up-to-date: /home/futill/targer_ws/install/my_robot_pkg_msg/share/my_robot_pkg_msg/cmake/my_robot_pkg_msgConfig.cmake
[0.466s] -- Up-to-date: /home/futill/targer_ws/install/my_robot_pkg_msg/share/my_robot_pkg_msg/cmake/my_robot_pkg_msgConfig-version.cmake
[0.466s] -- Up-to-date: /home/futill/targer_ws/install/my_robot_pkg_msg/share/my_robot_pkg_msg/package.xml
[0.469s] Invoked command in '/home/futill/targer_ws/build/my_robot_pkg_msg' returned '0': CMAKE_PREFIX_PATH=${CMAKE_PREFIX_PATH}:/home/futill/targer_ws/install/my_robot_pkg:/opt/ros/humble /usr/bin/cmake --install /home/futill/targer_ws/build/my_robot_pkg_msg
