[0.177s] DEBUG:colcon:Command line arguments: ['/usr/bin/colcon', 'build']
[0.177s] DEBUG:colcon:Parsed command line arguments: Namespace(log_base=None, log_level=None, verb_name='build', build_base='build', install_base='install', merge_install=False, symlink_install=False, test_result_base=None, continue_on_error=False, executor='parallel', parallel_workers=8, event_handlers=None, ignore_user_meta=False, metas=['./colcon.meta'], base_paths=['.'], packages_ignore=None, packages_ignore_regex=None, paths=None, packages_up_to=None, packages_up_to_regex=None, packages_above=None, packages_above_and_dependencies=None, packages_above_depth=None, packages_select_by_dep=None, packages_skip_by_dep=None, packages_skip_up_to=None, packages_select_build_failed=False, packages_skip_build_finished=False, packages_select_test_failures=False, packages_skip_test_passed=False, packages_select=None, packages_skip=None, packages_select_regex=None, packages_skip_regex=None, packages_start=None, packages_end=None, allow_overriding=[], cmake_args=None, cmake_target=None, cmake_target_skip_unavailable=False, cmake_clean_cache=False, cmake_clean_first=False, cmake_force_configure=False, ament_cmake_args=None, catkin_cmake_args=None, catkin_skip_building_tests=False, verb_parser=<colcon_defaults.argument_parser.defaults.DefaultArgumentsDecorator object at 0x76600eb1b1c0>, verb_extension=<colcon_core.verb.build.BuildVerb object at 0x76600ead4ac0>, main=<bound method BuildVerb.main of <colcon_core.verb.build.BuildVerb object at 0x76600ead4ac0>>)
[0.441s] Level 1:colcon.colcon_core.package_discovery:discover_packages(colcon_meta) check parameters
[0.441s] Level 1:colcon.colcon_core.package_discovery:discover_packages(recursive) check parameters
[0.441s] Level 1:colcon.colcon_core.package_discovery:discover_packages(ignore) check parameters
[0.441s] Level 1:colcon.colcon_core.package_discovery:discover_packages(path) check parameters
[0.441s] Level 1:colcon.colcon_core.package_discovery:discover_packages(colcon_meta) discover
[0.441s] Level 1:colcon.colcon_core.package_discovery:discover_packages(recursive) discover
[0.441s] INFO:colcon.colcon_core.package_discovery:Crawling recursively for packages in '/home/futill/targer_ws'
[0.442s] Level 1:colcon.colcon_core.package_identification:_identify(.) by extensions ['ignore', 'ignore_ament_install']
[0.442s] Level 1:colcon.colcon_core.package_identification:_identify(.) by extension 'ignore'
[0.442s] Level 1:colcon.colcon_core.package_identification:_identify(.) by extension 'ignore_ament_install'
[0.442s] Level 1:colcon.colcon_core.package_identification:_identify(.) by extensions ['colcon_pkg']
[0.442s] Level 1:colcon.colcon_core.package_identification:_identify(.) by extension 'colcon_pkg'
[0.442s] Level 1:colcon.colcon_core.package_identification:_identify(.) by extensions ['colcon_meta']
[0.442s] Level 1:colcon.colcon_core.package_identification:_identify(.) by extension 'colcon_meta'
[0.442s] Level 1:colcon.colcon_core.package_identification:_identify(.) by extensions ['ros']
[0.442s] Level 1:colcon.colcon_core.package_identification:_identify(.) by extension 'ros'
[0.456s] Level 1:colcon.colcon_core.package_identification:_identify(.) by extensions ['cmake', 'python']
[0.457s] Level 1:colcon.colcon_core.package_identification:_identify(.) by extension 'cmake'
[0.457s] Level 1:colcon.colcon_core.package_identification:_identify(.) by extension 'python'
[0.457s] Level 1:colcon.colcon_core.package_identification:_identify(.) by extensions ['python_setup_py']
[0.457s] Level 1:colcon.colcon_core.package_identification:_identify(.) by extension 'python_setup_py'
[0.457s] Level 1:colcon.colcon_core.package_identification:_identify(build) by extensions ['ignore', 'ignore_ament_install']
[0.457s] Level 1:colcon.colcon_core.package_identification:_identify(build) by extension 'ignore'
[0.457s] Level 1:colcon.colcon_core.package_identification:_identify(build) ignored
[0.459s] Level 1:colcon.colcon_core.package_identification:_identify(install) by extensions ['ignore', 'ignore_ament_install']
[0.459s] Level 1:colcon.colcon_core.package_identification:_identify(install) by extension 'ignore'
[0.460s] Level 1:colcon.colcon_core.package_identification:_identify(install) ignored
[0.460s] Level 1:colcon.colcon_core.package_identification:_identify(log) by extensions ['ignore', 'ignore_ament_install']
[0.460s] Level 1:colcon.colcon_core.package_identification:_identify(log) by extension 'ignore'
[0.460s] Level 1:colcon.colcon_core.package_identification:_identify(log) ignored
[0.460s] Level 1:colcon.colcon_core.package_identification:_identify(src) by extensions ['ignore', 'ignore_ament_install']
[0.460s] Level 1:colcon.colcon_core.package_identification:_identify(src) by extension 'ignore'
[0.461s] Level 1:colcon.colcon_core.package_identification:_identify(src) by extension 'ignore_ament_install'
[0.461s] Level 1:colcon.colcon_core.package_identification:_identify(src) by extensions ['colcon_pkg']
[0.461s] Level 1:colcon.colcon_core.package_identification:_identify(src) by extension 'colcon_pkg'
[0.461s] Level 1:colcon.colcon_core.package_identification:_identify(src) by extensions ['colcon_meta']
[0.461s] Level 1:colcon.colcon_core.package_identification:_identify(src) by extension 'colcon_meta'
[0.461s] Level 1:colcon.colcon_core.package_identification:_identify(src) by extensions ['ros']
[0.461s] Level 1:colcon.colcon_core.package_identification:_identify(src) by extension 'ros'
[0.461s] Level 1:colcon.colcon_core.package_identification:_identify(src) by extensions ['cmake', 'python']
[0.461s] Level 1:colcon.colcon_core.package_identification:_identify(src) by extension 'cmake'
[0.461s] Level 1:colcon.colcon_core.package_identification:_identify(src) by extension 'python'
[0.461s] Level 1:colcon.colcon_core.package_identification:_identify(src) by extensions ['python_setup_py']
[0.461s] Level 1:colcon.colcon_core.package_identification:_identify(src) by extension 'python_setup_py'
[0.461s] Level 1:colcon.colcon_core.package_identification:_identify(src/my_robot_pkg) by extensions ['ignore', 'ignore_ament_install']
[0.461s] Level 1:colcon.colcon_core.package_identification:_identify(src/my_robot_pkg) by extension 'ignore'
[0.462s] Level 1:colcon.colcon_core.package_identification:_identify(src/my_robot_pkg) by extension 'ignore_ament_install'
[0.462s] Level 1:colcon.colcon_core.package_identification:_identify(src/my_robot_pkg) by extensions ['colcon_pkg']
[0.462s] Level 1:colcon.colcon_core.package_identification:_identify(src/my_robot_pkg) by extension 'colcon_pkg'
[0.462s] Level 1:colcon.colcon_core.package_identification:_identify(src/my_robot_pkg) by extensions ['colcon_meta']
[0.462s] Level 1:colcon.colcon_core.package_identification:_identify(src/my_robot_pkg) by extension 'colcon_meta'
[0.462s] Level 1:colcon.colcon_core.package_identification:_identify(src/my_robot_pkg) by extensions ['ros']
[0.462s] Level 1:colcon.colcon_core.package_identification:_identify(src/my_robot_pkg) by extension 'ros'
[0.462s] Level 1:colcon.colcon_core.package_identification:_identify(src/my_robot_pkg) by extensions ['cmake', 'python']
[0.462s] Level 1:colcon.colcon_core.package_identification:_identify(src/my_robot_pkg) by extension 'cmake'
[0.462s] Level 1:colcon.colcon_core.package_identification:_identify(src/my_robot_pkg) by extension 'python'
[0.462s] Level 1:colcon.colcon_core.package_identification:_identify(src/my_robot_pkg) by extensions ['python_setup_py']
[0.462s] Level 1:colcon.colcon_core.package_identification:_identify(src/my_robot_pkg) by extension 'python_setup_py'
[0.462s] Level 1:colcon.colcon_core.package_identification:_identify(src/my_robot_pkg/my_robot_pkg) by extensions ['ignore', 'ignore_ament_install']
[0.462s] Level 1:colcon.colcon_core.package_identification:_identify(src/my_robot_pkg/my_robot_pkg) by extension 'ignore'
[0.462s] Level 1:colcon.colcon_core.package_identification:_identify(src/my_robot_pkg/my_robot_pkg) by extension 'ignore_ament_install'
[0.463s] Level 1:colcon.colcon_core.package_identification:_identify(src/my_robot_pkg/my_robot_pkg) by extensions ['colcon_pkg']
[0.463s] Level 1:colcon.colcon_core.package_identification:_identify(src/my_robot_pkg/my_robot_pkg) by extension 'colcon_pkg'
[0.463s] Level 1:colcon.colcon_core.package_identification:_identify(src/my_robot_pkg/my_robot_pkg) by extensions ['colcon_meta']
[0.463s] Level 1:colcon.colcon_core.package_identification:_identify(src/my_robot_pkg/my_robot_pkg) by extension 'colcon_meta'
[0.463s] Level 1:colcon.colcon_core.package_identification:_identify(src/my_robot_pkg/my_robot_pkg) by extensions ['ros']
[0.463s] Level 1:colcon.colcon_core.package_identification:_identify(src/my_robot_pkg/my_robot_pkg) by extension 'ros'
[0.470s] DEBUG:colcon.colcon_core.package_identification:Package 'src/my_robot_pkg/my_robot_pkg' with type 'ros.ament_python' and name 'my_robot_pkg'
[0.471s] Level 1:colcon.colcon_core.package_identification:_identify(src/my_robot_pkg/my_robot_pkg_msg) by extensions ['ignore', 'ignore_ament_install']
[0.471s] Level 1:colcon.colcon_core.package_identification:_identify(src/my_robot_pkg/my_robot_pkg_msg) by extension 'ignore'
[0.471s] Level 1:colcon.colcon_core.package_identification:_identify(src/my_robot_pkg/my_robot_pkg_msg) by extension 'ignore_ament_install'
[0.472s] Level 1:colcon.colcon_core.package_identification:_identify(src/my_robot_pkg/my_robot_pkg_msg) by extensions ['colcon_pkg']
[0.472s] Level 1:colcon.colcon_core.package_identification:_identify(src/my_robot_pkg/my_robot_pkg_msg) by extension 'colcon_pkg'
[0.472s] Level 1:colcon.colcon_core.package_identification:_identify(src/my_robot_pkg/my_robot_pkg_msg) by extensions ['colcon_meta']
[0.472s] Level 1:colcon.colcon_core.package_identification:_identify(src/my_robot_pkg/my_robot_pkg_msg) by extension 'colcon_meta'
[0.472s] Level 1:colcon.colcon_core.package_identification:_identify(src/my_robot_pkg/my_robot_pkg_msg) by extensions ['ros']
[0.472s] Level 1:colcon.colcon_core.package_identification:_identify(src/my_robot_pkg/my_robot_pkg_msg) by extension 'ros'
[0.473s] DEBUG:colcon.colcon_core.package_identification:Package 'src/my_robot_pkg/my_robot_pkg_msg' with type 'ros.ament_cmake' and name 'my_robot_pkg_msg'
[0.473s] Level 1:colcon.colcon_core.package_discovery:discover_packages(recursive) using defaults
[0.473s] Level 1:colcon.colcon_core.package_discovery:discover_packages(ignore) discover
[0.473s] Level 1:colcon.colcon_core.package_discovery:discover_packages(ignore) using defaults
[0.473s] Level 1:colcon.colcon_core.package_discovery:discover_packages(path) discover
[0.473s] Level 1:colcon.colcon_core.package_discovery:discover_packages(path) using defaults
[0.545s] Level 1:colcon.colcon_core.package_discovery:discover_packages(prefix_path) check parameters
[0.545s] Level 1:colcon.colcon_core.package_discovery:discover_packages(prefix_path) discover
[0.549s] DEBUG:colcon.colcon_installed_package_information.package_discovery:Found 2 installed packages in /home/futill/targer_ws/install
[0.550s] DEBUG:colcon.colcon_installed_package_information.package_discovery:Found 16 installed packages in /home/futill/dummy2_hand_eye_calibration_ws/install
[0.552s] DEBUG:colcon.colcon_installed_package_information.package_discovery:Found 386 installed packages in /opt/ros/humble
[0.554s] Level 1:colcon.colcon_core.package_discovery:discover_packages(prefix_path) using defaults
[0.618s] Level 5:colcon.colcon_core.verb:set package 'my_robot_pkg_msg' build argument 'cmake_args' from command line to 'None'
[0.619s] Level 5:colcon.colcon_core.verb:set package 'my_robot_pkg_msg' build argument 'cmake_target' from command line to 'None'
[0.619s] Level 5:colcon.colcon_core.verb:set package 'my_robot_pkg_msg' build argument 'cmake_target_skip_unavailable' from command line to 'False'
[0.619s] Level 5:colcon.colcon_core.verb:set package 'my_robot_pkg_msg' build argument 'cmake_clean_cache' from command line to 'False'
[0.619s] Level 5:colcon.colcon_core.verb:set package 'my_robot_pkg_msg' build argument 'cmake_clean_first' from command line to 'False'
[0.619s] Level 5:colcon.colcon_core.verb:set package 'my_robot_pkg_msg' build argument 'cmake_force_configure' from command line to 'False'
[0.619s] Level 5:colcon.colcon_core.verb:set package 'my_robot_pkg_msg' build argument 'ament_cmake_args' from command line to 'None'
[0.619s] Level 5:colcon.colcon_core.verb:set package 'my_robot_pkg_msg' build argument 'catkin_cmake_args' from command line to 'None'
[0.619s] Level 5:colcon.colcon_core.verb:set package 'my_robot_pkg_msg' build argument 'catkin_skip_building_tests' from command line to 'False'
[0.619s] DEBUG:colcon.colcon_core.verb:Building package 'my_robot_pkg_msg' with the following arguments: {'ament_cmake_args': None, 'build_base': '/home/futill/targer_ws/build/my_robot_pkg_msg', 'catkin_cmake_args': None, 'catkin_skip_building_tests': False, 'cmake_args': None, 'cmake_clean_cache': False, 'cmake_clean_first': False, 'cmake_force_configure': False, 'cmake_target': None, 'cmake_target_skip_unavailable': False, 'install_base': '/home/futill/targer_ws/install/my_robot_pkg_msg', 'merge_install': False, 'path': '/home/futill/targer_ws/src/my_robot_pkg/my_robot_pkg_msg', 'symlink_install': False, 'test_result_base': None}
[0.619s] Level 5:colcon.colcon_core.verb:set package 'my_robot_pkg' build argument 'cmake_args' from command line to 'None'
[0.619s] Level 5:colcon.colcon_core.verb:set package 'my_robot_pkg' build argument 'cmake_target' from command line to 'None'
[0.620s] Level 5:colcon.colcon_core.verb:set package 'my_robot_pkg' build argument 'cmake_target_skip_unavailable' from command line to 'False'
[0.620s] Level 5:colcon.colcon_core.verb:set package 'my_robot_pkg' build argument 'cmake_clean_cache' from command line to 'False'
[0.620s] Level 5:colcon.colcon_core.verb:set package 'my_robot_pkg' build argument 'cmake_clean_first' from command line to 'False'
[0.620s] Level 5:colcon.colcon_core.verb:set package 'my_robot_pkg' build argument 'cmake_force_configure' from command line to 'False'
[0.620s] Level 5:colcon.colcon_core.verb:set package 'my_robot_pkg' build argument 'ament_cmake_args' from command line to 'None'
[0.620s] Level 5:colcon.colcon_core.verb:set package 'my_robot_pkg' build argument 'catkin_cmake_args' from command line to 'None'
[0.620s] Level 5:colcon.colcon_core.verb:set package 'my_robot_pkg' build argument 'catkin_skip_building_tests' from command line to 'False'
[0.620s] DEBUG:colcon.colcon_core.verb:Building package 'my_robot_pkg' with the following arguments: {'ament_cmake_args': None, 'build_base': '/home/futill/targer_ws/build/my_robot_pkg', 'catkin_cmake_args': None, 'catkin_skip_building_tests': False, 'cmake_args': None, 'cmake_clean_cache': False, 'cmake_clean_first': False, 'cmake_force_configure': False, 'cmake_target': None, 'cmake_target_skip_unavailable': False, 'install_base': '/home/futill/targer_ws/install/my_robot_pkg', 'merge_install': False, 'path': '/home/futill/targer_ws/src/my_robot_pkg/my_robot_pkg', 'symlink_install': False, 'test_result_base': None}
[0.620s] INFO:colcon.colcon_core.executor:Executing jobs using 'parallel' executor
[0.621s] DEBUG:colcon.colcon_parallel_executor.executor.parallel:run_until_complete
[0.623s] INFO:colcon.colcon_ros.task.ament_cmake.build:Building ROS package in '/home/futill/targer_ws/src/my_robot_pkg/my_robot_pkg_msg' with build type 'ament_cmake'
[0.624s] INFO:colcon.colcon_cmake.task.cmake.build:Building CMake package in '/home/futill/targer_ws/src/my_robot_pkg/my_robot_pkg_msg'
[0.627s] INFO:colcon.colcon_core.plugin_system:Skipping extension 'colcon_core.shell.bat': Not used on non-Windows systems
[0.627s] INFO:colcon.colcon_core.shell:Skip shell extension 'powershell' for command environment: Not usable outside of PowerShell
[0.627s] DEBUG:colcon.colcon_core.shell:Skip shell extension 'dsv' for command environment
[0.644s] DEBUG:colcon.colcon_core.event_handler.log_command:Invoking command in '/home/futill/targer_ws/build/my_robot_pkg_msg': CMAKE_PREFIX_PATH=${CMAKE_PREFIX_PATH}:/home/futill/targer_ws/install/my_robot_pkg:/opt/ros/humble /usr/bin/cmake --build /home/futill/targer_ws/build/my_robot_pkg_msg -- -j8 -l8
[1.376s] DEBUG:colcon.colcon_core.event_handler.log_command:Invoked command in '/home/futill/targer_ws/build/my_robot_pkg_msg' returned '0': CMAKE_PREFIX_PATH=${CMAKE_PREFIX_PATH}:/home/futill/targer_ws/install/my_robot_pkg:/opt/ros/humble /usr/bin/cmake --build /home/futill/targer_ws/build/my_robot_pkg_msg -- -j8 -l8
[1.403s] DEBUG:colcon.colcon_core.event_handler.log_command:Invoking command in '/home/futill/targer_ws/build/my_robot_pkg_msg': CMAKE_PREFIX_PATH=${CMAKE_PREFIX_PATH}:/home/futill/targer_ws/install/my_robot_pkg:/opt/ros/humble /usr/bin/cmake --install /home/futill/targer_ws/build/my_robot_pkg_msg
[1.502s] Level 1:colcon.colcon_core.environment:create_environment_scripts_only(my_robot_pkg_msg)
[1.506s] DEBUG:colcon.colcon_core.event_handler.log_command:Invoked command in '/home/futill/targer_ws/build/my_robot_pkg_msg' returned '0': CMAKE_PREFIX_PATH=${CMAKE_PREFIX_PATH}:/home/futill/targer_ws/install/my_robot_pkg:/opt/ros/humble /usr/bin/cmake --install /home/futill/targer_ws/build/my_robot_pkg_msg
[1.510s] Level 1:colcon.colcon_core.environment:checking '/home/futill/targer_ws/install/my_robot_pkg_msg' for CMake module files
[1.511s] Level 1:colcon.colcon_core.environment:checking '/home/futill/targer_ws/install/my_robot_pkg_msg' for CMake config files
[1.512s] Level 1:colcon.colcon_core.shell:create_environment_hook('my_robot_pkg_msg', 'cmake_prefix_path')
[1.513s] INFO:colcon.colcon_core.shell:Creating environment hook '/home/futill/targer_ws/install/my_robot_pkg_msg/share/my_robot_pkg_msg/hook/cmake_prefix_path.ps1'
[1.514s] INFO:colcon.colcon_core.shell:Creating environment descriptor '/home/futill/targer_ws/install/my_robot_pkg_msg/share/my_robot_pkg_msg/hook/cmake_prefix_path.dsv'
[1.515s] INFO:colcon.colcon_core.shell:Creating environment hook '/home/futill/targer_ws/install/my_robot_pkg_msg/share/my_robot_pkg_msg/hook/cmake_prefix_path.sh'
[1.517s] Level 1:colcon.colcon_core.environment:checking '/home/futill/targer_ws/install/my_robot_pkg_msg/lib'
[1.517s] Level 1:colcon.colcon_core.shell:create_environment_hook('my_robot_pkg_msg', 'ld_library_path_lib')
[1.518s] INFO:colcon.colcon_core.shell:Creating environment hook '/home/futill/targer_ws/install/my_robot_pkg_msg/share/my_robot_pkg_msg/hook/ld_library_path_lib.ps1'
[1.518s] INFO:colcon.colcon_core.shell:Creating environment descriptor '/home/futill/targer_ws/install/my_robot_pkg_msg/share/my_robot_pkg_msg/hook/ld_library_path_lib.dsv'
[1.519s] INFO:colcon.colcon_core.shell:Creating environment hook '/home/futill/targer_ws/install/my_robot_pkg_msg/share/my_robot_pkg_msg/hook/ld_library_path_lib.sh'
[1.520s] Level 1:colcon.colcon_core.environment:checking '/home/futill/targer_ws/install/my_robot_pkg_msg/bin'
[1.520s] Level 1:colcon.colcon_core.environment:checking '/home/futill/targer_ws/install/my_robot_pkg_msg/lib/pkgconfig/my_robot_pkg_msg.pc'
[1.520s] Level 1:colcon.colcon_core.environment:checking '/home/futill/targer_ws/install/my_robot_pkg_msg/lib/python3.10/site-packages'
[1.521s] Level 1:colcon.colcon_core.environment:checking '/home/futill/targer_ws/install/my_robot_pkg_msg/bin'
[1.521s] INFO:colcon.colcon_core.shell:Creating package script '/home/futill/targer_ws/install/my_robot_pkg_msg/share/my_robot_pkg_msg/package.ps1'
[1.522s] INFO:colcon.colcon_core.shell:Creating package descriptor '/home/futill/targer_ws/install/my_robot_pkg_msg/share/my_robot_pkg_msg/package.dsv'
[1.523s] INFO:colcon.colcon_core.shell:Creating package script '/home/futill/targer_ws/install/my_robot_pkg_msg/share/my_robot_pkg_msg/package.sh'
[1.524s] INFO:colcon.colcon_core.shell:Creating package script '/home/futill/targer_ws/install/my_robot_pkg_msg/share/my_robot_pkg_msg/package.bash'
[1.524s] INFO:colcon.colcon_core.shell:Creating package script '/home/futill/targer_ws/install/my_robot_pkg_msg/share/my_robot_pkg_msg/package.zsh'
[1.525s] Level 1:colcon.colcon_core.environment:create_file_with_runtime_dependencies(/home/futill/targer_ws/install/my_robot_pkg_msg/share/colcon-core/packages/my_robot_pkg_msg)
[1.528s] Level 1:colcon.colcon_core.environment:create_environment_scripts_only(my_robot_pkg_msg)
[1.529s] Level 1:colcon.colcon_core.environment:checking '/home/futill/targer_ws/install/my_robot_pkg_msg' for CMake module files
[1.530s] Level 1:colcon.colcon_core.environment:checking '/home/futill/targer_ws/install/my_robot_pkg_msg' for CMake config files
[1.531s] Level 1:colcon.colcon_core.shell:create_environment_hook('my_robot_pkg_msg', 'cmake_prefix_path')
[1.531s] INFO:colcon.colcon_core.shell:Creating environment hook '/home/futill/targer_ws/install/my_robot_pkg_msg/share/my_robot_pkg_msg/hook/cmake_prefix_path.ps1'
[1.533s] INFO:colcon.colcon_core.shell:Creating environment descriptor '/home/futill/targer_ws/install/my_robot_pkg_msg/share/my_robot_pkg_msg/hook/cmake_prefix_path.dsv'
[1.534s] INFO:colcon.colcon_core.shell:Creating environment hook '/home/futill/targer_ws/install/my_robot_pkg_msg/share/my_robot_pkg_msg/hook/cmake_prefix_path.sh'
[1.536s] Level 1:colcon.colcon_core.environment:checking '/home/futill/targer_ws/install/my_robot_pkg_msg/lib'
[1.536s] Level 1:colcon.colcon_core.shell:create_environment_hook('my_robot_pkg_msg', 'ld_library_path_lib')
[1.536s] INFO:colcon.colcon_core.shell:Creating environment hook '/home/futill/targer_ws/install/my_robot_pkg_msg/share/my_robot_pkg_msg/hook/ld_library_path_lib.ps1'
[1.537s] INFO:colcon.colcon_core.shell:Creating environment descriptor '/home/futill/targer_ws/install/my_robot_pkg_msg/share/my_robot_pkg_msg/hook/ld_library_path_lib.dsv'
[1.538s] INFO:colcon.colcon_core.shell:Creating environment hook '/home/futill/targer_ws/install/my_robot_pkg_msg/share/my_robot_pkg_msg/hook/ld_library_path_lib.sh'
[1.538s] Level 1:colcon.colcon_core.environment:checking '/home/futill/targer_ws/install/my_robot_pkg_msg/bin'
[1.538s] Level 1:colcon.colcon_core.environment:checking '/home/futill/targer_ws/install/my_robot_pkg_msg/lib/pkgconfig/my_robot_pkg_msg.pc'
[1.539s] Level 1:colcon.colcon_core.environment:checking '/home/futill/targer_ws/install/my_robot_pkg_msg/lib/python3.10/site-packages'
[1.539s] Level 1:colcon.colcon_core.environment:checking '/home/futill/targer_ws/install/my_robot_pkg_msg/bin'
[1.540s] INFO:colcon.colcon_core.shell:Creating package script '/home/futill/targer_ws/install/my_robot_pkg_msg/share/my_robot_pkg_msg/package.ps1'
[1.542s] INFO:colcon.colcon_core.shell:Creating package descriptor '/home/futill/targer_ws/install/my_robot_pkg_msg/share/my_robot_pkg_msg/package.dsv'
[1.543s] INFO:colcon.colcon_core.shell:Creating package script '/home/futill/targer_ws/install/my_robot_pkg_msg/share/my_robot_pkg_msg/package.sh'
[1.544s] INFO:colcon.colcon_core.shell:Creating package script '/home/futill/targer_ws/install/my_robot_pkg_msg/share/my_robot_pkg_msg/package.bash'
[1.544s] INFO:colcon.colcon_core.shell:Creating package script '/home/futill/targer_ws/install/my_robot_pkg_msg/share/my_robot_pkg_msg/package.zsh'
[1.545s] Level 1:colcon.colcon_core.environment:create_file_with_runtime_dependencies(/home/futill/targer_ws/install/my_robot_pkg_msg/share/colcon-core/packages/my_robot_pkg_msg)
[1.546s] INFO:colcon.colcon_ros.task.ament_python.build:Building ROS package in '/home/futill/targer_ws/src/my_robot_pkg/my_robot_pkg' with build type 'ament_python'
[1.546s] Level 1:colcon.colcon_core.shell:create_environment_hook('my_robot_pkg', 'ament_prefix_path')
[1.546s] INFO:colcon.colcon_core.shell:Creating environment hook '/home/futill/targer_ws/install/my_robot_pkg/share/my_robot_pkg/hook/ament_prefix_path.ps1'
[1.548s] INFO:colcon.colcon_core.shell:Creating environment descriptor '/home/futill/targer_ws/install/my_robot_pkg/share/my_robot_pkg/hook/ament_prefix_path.dsv'
[1.549s] INFO:colcon.colcon_core.shell:Creating environment hook '/home/futill/targer_ws/install/my_robot_pkg/share/my_robot_pkg/hook/ament_prefix_path.sh'
[1.550s] INFO:colcon.colcon_core.shell:Skip shell extension 'powershell' for command environment: Not usable outside of PowerShell
[1.550s] DEBUG:colcon.colcon_core.shell:Skip shell extension 'dsv' for command environment
[2.137s] INFO:colcon.colcon_core.task.python.build:Building Python package in '/home/futill/targer_ws/src/my_robot_pkg/my_robot_pkg'
[2.139s] INFO:colcon.colcon_core.shell:Skip shell extension 'powershell' for command environment: Not usable outside of PowerShell
[2.140s] DEBUG:colcon.colcon_core.shell:Skip shell extension 'dsv' for command environment
[2.857s] DEBUG:colcon.colcon_core.event_handler.log_command:Invoking command in '/home/futill/targer_ws/src/my_robot_pkg/my_robot_pkg': CMAKE_PREFIX_PATH=/home/futill/targer_ws/install/my_robot_pkg_msg:/home/futill/dummy2_hand_eye_calibration_ws/install LD_LIBRARY_PATH=/home/futill/targer_ws/install/my_robot_pkg_msg/lib:/home/futill/dummy2_hand_eye_calibration_ws/install/lib:/opt/ros/humble/opt/rviz_ogre_vendor/lib:/opt/ros/humble/lib/x86_64-linux-gnu:/opt/ros/humble/lib PYTHONPATH=/home/futill/targer_ws/build/my_robot_pkg/prefix_override:/usr/lib/python3/dist-packages/colcon_core/task/python/colcon_distutils_commands:/home/futill/targer_ws/install/my_robot_pkg/lib/python3.10/site-packages:${PYTHONPATH} /usr/bin/python3 -W ignore:setup.py install is deprecated -W ignore:easy_install command is deprecated setup.py egg_info --egg-base ../../../build/my_robot_pkg build --build-base /home/futill/targer_ws/build/my_robot_pkg/build install --record /home/futill/targer_ws/build/my_robot_pkg/install.log --single-version-externally-managed install_data
[3.344s] Level 1:colcon.colcon_core.environment:checking '/home/futill/targer_ws/install/my_robot_pkg' for CMake module files
[3.345s] DEBUG:colcon.colcon_core.event_handler.log_command:Invoked command in '/home/futill/targer_ws/src/my_robot_pkg/my_robot_pkg' returned '0': CMAKE_PREFIX_PATH=/home/futill/targer_ws/install/my_robot_pkg_msg:/home/futill/dummy2_hand_eye_calibration_ws/install LD_LIBRARY_PATH=/home/futill/targer_ws/install/my_robot_pkg_msg/lib:/home/futill/dummy2_hand_eye_calibration_ws/install/lib:/opt/ros/humble/opt/rviz_ogre_vendor/lib:/opt/ros/humble/lib/x86_64-linux-gnu:/opt/ros/humble/lib PYTHONPATH=/home/futill/targer_ws/build/my_robot_pkg/prefix_override:/usr/lib/python3/dist-packages/colcon_core/task/python/colcon_distutils_commands:/home/futill/targer_ws/install/my_robot_pkg/lib/python3.10/site-packages:${PYTHONPATH} /usr/bin/python3 -W ignore:setup.py install is deprecated -W ignore:easy_install command is deprecated setup.py egg_info --egg-base ../../../build/my_robot_pkg build --build-base /home/futill/targer_ws/build/my_robot_pkg/build install --record /home/futill/targer_ws/build/my_robot_pkg/install.log --single-version-externally-managed install_data
[3.346s] Level 1:colcon.colcon_core.environment:checking '/home/futill/targer_ws/install/my_robot_pkg' for CMake config files
[3.348s] Level 1:colcon.colcon_core.environment:checking '/home/futill/targer_ws/install/my_robot_pkg/lib'
[3.348s] Level 1:colcon.colcon_core.environment:checking '/home/futill/targer_ws/install/my_robot_pkg/bin'
[3.349s] Level 1:colcon.colcon_core.environment:checking '/home/futill/targer_ws/install/my_robot_pkg/lib/pkgconfig/my_robot_pkg.pc'
[3.349s] Level 1:colcon.colcon_core.environment:checking '/home/futill/targer_ws/install/my_robot_pkg/lib/python3.10/site-packages'
[3.350s] Level 1:colcon.colcon_core.shell:create_environment_hook('my_robot_pkg', 'pythonpath')
[3.350s] INFO:colcon.colcon_core.shell:Creating environment hook '/home/futill/targer_ws/install/my_robot_pkg/share/my_robot_pkg/hook/pythonpath.ps1'
[3.353s] INFO:colcon.colcon_core.shell:Creating environment descriptor '/home/futill/targer_ws/install/my_robot_pkg/share/my_robot_pkg/hook/pythonpath.dsv'
[3.354s] INFO:colcon.colcon_core.shell:Creating environment hook '/home/futill/targer_ws/install/my_robot_pkg/share/my_robot_pkg/hook/pythonpath.sh'
[3.355s] Level 1:colcon.colcon_core.environment:checking '/home/futill/targer_ws/install/my_robot_pkg/bin'
[3.355s] Level 1:colcon.colcon_core.environment:create_environment_scripts_only(my_robot_pkg)
[3.355s] INFO:colcon.colcon_core.shell:Creating package script '/home/futill/targer_ws/install/my_robot_pkg/share/my_robot_pkg/package.ps1'
[3.356s] INFO:colcon.colcon_core.shell:Creating package descriptor '/home/futill/targer_ws/install/my_robot_pkg/share/my_robot_pkg/package.dsv'
[3.357s] INFO:colcon.colcon_core.shell:Creating package script '/home/futill/targer_ws/install/my_robot_pkg/share/my_robot_pkg/package.sh'
[3.358s] INFO:colcon.colcon_core.shell:Creating package script '/home/futill/targer_ws/install/my_robot_pkg/share/my_robot_pkg/package.bash'
[3.358s] INFO:colcon.colcon_core.shell:Creating package script '/home/futill/targer_ws/install/my_robot_pkg/share/my_robot_pkg/package.zsh'
[3.359s] Level 1:colcon.colcon_core.environment:create_file_with_runtime_dependencies(/home/futill/targer_ws/install/my_robot_pkg/share/colcon-core/packages/my_robot_pkg)
[3.360s] DEBUG:colcon.colcon_parallel_executor.executor.parallel:closing loop
[3.360s] DEBUG:colcon.colcon_parallel_executor.executor.parallel:loop closed
[3.361s] DEBUG:colcon.colcon_parallel_executor.executor.parallel:run_until_complete finished with '0'
[3.361s] DEBUG:colcon.colcon_core.event_reactor:joining thread
[3.374s] INFO:colcon.colcon_core.plugin_system:Skipping extension 'colcon_notification.desktop_notification.terminal_notifier': Not used on non-Darwin systems
[3.374s] INFO:colcon.colcon_core.plugin_system:Skipping extension 'colcon_notification.desktop_notification.win32': Not used on non-Windows systems
[3.374s] INFO:colcon.colcon_notification.desktop_notification:Sending desktop notification using 'notify2'
[3.401s] DEBUG:colcon.colcon_core.event_reactor:joined thread
[3.402s] INFO:colcon.colcon_core.shell:Creating prefix script '/home/futill/targer_ws/install/local_setup.ps1'
[3.405s] INFO:colcon.colcon_core.shell:Creating prefix util module '/home/futill/targer_ws/install/_local_setup_util_ps1.py'
[3.408s] INFO:colcon.colcon_core.shell:Creating prefix chain script '/home/futill/targer_ws/install/setup.ps1'
[3.411s] INFO:colcon.colcon_core.shell:Creating prefix script '/home/futill/targer_ws/install/local_setup.sh'
[3.412s] INFO:colcon.colcon_core.shell:Creating prefix util module '/home/futill/targer_ws/install/_local_setup_util_sh.py'
[3.414s] INFO:colcon.colcon_core.shell:Creating prefix chain script '/home/futill/targer_ws/install/setup.sh'
[3.416s] INFO:colcon.colcon_core.shell:Creating prefix script '/home/futill/targer_ws/install/local_setup.bash'
[3.417s] INFO:colcon.colcon_core.shell:Creating prefix chain script '/home/futill/targer_ws/install/setup.bash'
[3.418s] INFO:colcon.colcon_core.shell:Creating prefix script '/home/futill/targer_ws/install/local_setup.zsh'
[3.419s] INFO:colcon.colcon_core.shell:Creating prefix chain script '/home/futill/targer_ws/install/setup.zsh'
