[0.819s] Invoking command in '/home/futill/targer_ws/src/my_robot_pkg/my_robot_pkg': PYTHONPATH=/home/futill/targer_ws/build/my_robot_pkg/prefix_override:/usr/lib/python3/dist-packages/colcon_core/task/python/colcon_distutils_commands:/home/futill/targer_ws/install/my_robot_pkg/lib/python3.10/site-packages:${PYTHONPATH} /usr/bin/python3 -W ignore:setup.py install is deprecated -W ignore:easy_install command is deprecated setup.py egg_info --egg-base ../../../build/my_robot_pkg build --build-base /home/futill/targer_ws/build/my_robot_pkg/build install --record /home/futill/targer_ws/build/my_robot_pkg/install.log --single-version-externally-managed install_data
[1.080s] running egg_info
[1.081s] writing ../../../build/my_robot_pkg/my_robot_pkg.egg-info/PKG-INFO
[1.082s] writing dependency_links to ../../../build/my_robot_pkg/my_robot_pkg.egg-info/dependency_links.txt
[1.083s] writing entry points to ../../../build/my_robot_pkg/my_robot_pkg.egg-info/entry_points.txt
[1.083s] writing requirements to ../../../build/my_robot_pkg/my_robot_pkg.egg-info/requires.txt
[1.083s] writing top-level names to ../../../build/my_robot_pkg/my_robot_pkg.egg-info/top_level.txt
[1.085s] reading manifest file '../../../build/my_robot_pkg/my_robot_pkg.egg-info/SOURCES.txt'
[1.086s] writing manifest file '../../../build/my_robot_pkg/my_robot_pkg.egg-info/SOURCES.txt'
[1.087s] running build
[1.087s] running build_py
[1.087s] copying my_robot_pkg/chess_vision_node.py -> /home/futill/targer_ws/build/my_robot_pkg/build/lib/my_robot_pkg
[1.088s] running install
[1.089s] running install_lib
[1.089s] copying /home/futill/targer_ws/build/my_robot_pkg/build/lib/my_robot_pkg/chess_vision_node.py -> /home/futill/targer_ws/install/my_robot_pkg/lib/python3.10/site-packages/my_robot_pkg
[1.090s] byte-compiling /home/futill/targer_ws/install/my_robot_pkg/lib/python3.10/site-packages/my_robot_pkg/chess_vision_node.py to chess_vision_node.cpython-310.pyc
[1.091s] running install_data
[1.092s] running install_egg_info
[1.094s] removing '/home/futill/targer_ws/install/my_robot_pkg/lib/python3.10/site-packages/my_robot_pkg-0.0.0-py3.10.egg-info' (and everything under it)
[1.094s] Copying ../../../build/my_robot_pkg/my_robot_pkg.egg-info to /home/futill/targer_ws/install/my_robot_pkg/lib/python3.10/site-packages/my_robot_pkg-0.0.0-py3.10.egg-info
[1.096s] running install_scripts
[1.115s] Installing arm_move script to /home/futill/targer_ws/install/my_robot_pkg/lib/my_robot_pkg
[1.116s] Installing chess_vision_node script to /home/futill/targer_ws/install/my_robot_pkg/lib/my_robot_pkg
[1.116s] Installing gui script to /home/futill/targer_ws/install/my_robot_pkg/lib/my_robot_pkg
[1.116s] writing list of installed files to '/home/futill/targer_ws/build/my_robot_pkg/install.log'
[1.154s] Invoked command in '/home/futill/targer_ws/src/my_robot_pkg/my_robot_pkg' returned '0': PYTHONPATH=/home/futill/targer_ws/build/my_robot_pkg/prefix_override:/usr/lib/python3/dist-packages/colcon_core/task/python/colcon_distutils_commands:/home/futill/targer_ws/install/my_robot_pkg/lib/python3.10/site-packages:${PYTHONPATH} /usr/bin/python3 -W ignore:setup.py install is deprecated -W ignore:easy_install command is deprecated setup.py egg_info --egg-base ../../../build/my_robot_pkg build --build-base /home/futill/targer_ws/build/my_robot_pkg/build install --record /home/futill/targer_ws/build/my_robot_pkg/install.log --single-version-externally-managed install_data
