[0.134s] DEBUG:colcon:Command line arguments: ['/usr/bin/colcon', 'build']
[0.134s] DEBUG:colcon:Parsed command line arguments: Namespace(log_base=None, log_level=None, verb_name='build', build_base='build', install_base='install', merge_install=False, symlink_install=False, test_result_base=None, continue_on_error=False, executor='parallel', parallel_workers=8, event_handlers=None, ignore_user_meta=False, metas=['./colcon.meta'], base_paths=['.'], packages_ignore=None, packages_ignore_regex=None, paths=None, packages_up_to=None, packages_up_to_regex=None, packages_above=None, packages_above_and_dependencies=None, packages_above_depth=None, packages_select_by_dep=None, packages_skip_by_dep=None, packages_skip_up_to=None, packages_select_build_failed=False, packages_skip_build_finished=False, packages_select_test_failures=False, packages_skip_test_passed=False, packages_select=None, packages_skip=None, packages_select_regex=None, packages_skip_regex=None, packages_start=None, packages_end=None, allow_overriding=[], cmake_args=None, cmake_target=None, cmake_target_skip_unavailable=False, cmake_clean_cache=False, cmake_clean_first=False, cmake_force_configure=False, ament_cmake_args=None, catkin_cmake_args=None, catkin_skip_building_tests=False, verb_parser=<colcon_defaults.argument_parser.defaults.DefaultArgumentsDecorator object at 0x7057ed2d71c0>, verb_extension=<colcon_core.verb.build.BuildVerb object at 0x7057ed290ac0>, main=<bound method BuildVerb.main of <colcon_core.verb.build.BuildVerb object at 0x7057ed290ac0>>)
[0.340s] Level 1:colcon.colcon_core.package_discovery:discover_packages(colcon_meta) check parameters
[0.340s] Level 1:colcon.colcon_core.package_discovery:discover_packages(recursive) check parameters
[0.340s] Level 1:colcon.colcon_core.package_discovery:discover_packages(ignore) check parameters
[0.340s] Level 1:colcon.colcon_core.package_discovery:discover_packages(path) check parameters
[0.340s] Level 1:colcon.colcon_core.package_discovery:discover_packages(colcon_meta) discover
[0.340s] Level 1:colcon.colcon_core.package_discovery:discover_packages(recursive) discover
[0.340s] INFO:colcon.colcon_core.package_discovery:Crawling recursively for packages in '/home/futill/targer_ws'
[0.341s] Level 1:colcon.colcon_core.package_identification:_identify(.) by extensions ['ignore', 'ignore_ament_install']
[0.341s] Level 1:colcon.colcon_core.package_identification:_identify(.) by extension 'ignore'
[0.341s] Level 1:colcon.colcon_core.package_identification:_identify(.) by extension 'ignore_ament_install'
[0.341s] Level 1:colcon.colcon_core.package_identification:_identify(.) by extensions ['colcon_pkg']
[0.341s] Level 1:colcon.colcon_core.package_identification:_identify(.) by extension 'colcon_pkg'
[0.341s] Level 1:colcon.colcon_core.package_identification:_identify(.) by extensions ['colcon_meta']
[0.341s] Level 1:colcon.colcon_core.package_identification:_identify(.) by extension 'colcon_meta'
[0.341s] Level 1:colcon.colcon_core.package_identification:_identify(.) by extensions ['ros']
[0.341s] Level 1:colcon.colcon_core.package_identification:_identify(.) by extension 'ros'
[0.355s] Level 1:colcon.colcon_core.package_identification:_identify(.) by extensions ['cmake', 'python']
[0.356s] Level 1:colcon.colcon_core.package_identification:_identify(.) by extension 'cmake'
[0.356s] Level 1:colcon.colcon_core.package_identification:_identify(.) by extension 'python'
[0.356s] Level 1:colcon.colcon_core.package_identification:_identify(.) by extensions ['python_setup_py']
[0.356s] Level 1:colcon.colcon_core.package_identification:_identify(.) by extension 'python_setup_py'
[0.356s] Level 1:colcon.colcon_core.package_identification:_identify(Log) by extensions ['ignore', 'ignore_ament_install']
[0.356s] Level 1:colcon.colcon_core.package_identification:_identify(Log) by extension 'ignore'
[0.356s] Level 1:colcon.colcon_core.package_identification:_identify(Log) by extension 'ignore_ament_install'
[0.356s] Level 1:colcon.colcon_core.package_identification:_identify(Log) by extensions ['colcon_pkg']
[0.356s] Level 1:colcon.colcon_core.package_identification:_identify(Log) by extension 'colcon_pkg'
[0.356s] Level 1:colcon.colcon_core.package_identification:_identify(Log) by extensions ['colcon_meta']
[0.356s] Level 1:colcon.colcon_core.package_identification:_identify(Log) by extension 'colcon_meta'
[0.356s] Level 1:colcon.colcon_core.package_identification:_identify(Log) by extensions ['ros']
[0.356s] Level 1:colcon.colcon_core.package_identification:_identify(Log) by extension 'ros'
[0.356s] Level 1:colcon.colcon_core.package_identification:_identify(Log) by extensions ['cmake', 'python']
[0.357s] Level 1:colcon.colcon_core.package_identification:_identify(Log) by extension 'cmake'
[0.357s] Level 1:colcon.colcon_core.package_identification:_identify(Log) by extension 'python'
[0.357s] Level 1:colcon.colcon_core.package_identification:_identify(Log) by extensions ['python_setup_py']
[0.357s] Level 1:colcon.colcon_core.package_identification:_identify(Log) by extension 'python_setup_py'
[0.357s] Level 1:colcon.colcon_core.package_identification:_identify(build) by extensions ['ignore', 'ignore_ament_install']
[0.357s] Level 1:colcon.colcon_core.package_identification:_identify(build) by extension 'ignore'
[0.357s] Level 1:colcon.colcon_core.package_identification:_identify(build) ignored
[0.357s] Level 1:colcon.colcon_core.package_identification:_identify(install) by extensions ['ignore', 'ignore_ament_install']
[0.357s] Level 1:colcon.colcon_core.package_identification:_identify(install) by extension 'ignore'
[0.357s] Level 1:colcon.colcon_core.package_identification:_identify(install) ignored
[0.358s] Level 1:colcon.colcon_core.package_identification:_identify(log) by extensions ['ignore', 'ignore_ament_install']
[0.358s] Level 1:colcon.colcon_core.package_identification:_identify(log) by extension 'ignore'
[0.358s] Level 1:colcon.colcon_core.package_identification:_identify(log) ignored
[0.358s] Level 1:colcon.colcon_core.package_identification:_identify(src) by extensions ['ignore', 'ignore_ament_install']
[0.358s] Level 1:colcon.colcon_core.package_identification:_identify(src) by extension 'ignore'
[0.358s] Level 1:colcon.colcon_core.package_identification:_identify(src) by extension 'ignore_ament_install'
[0.358s] Level 1:colcon.colcon_core.package_identification:_identify(src) by extensions ['colcon_pkg']
[0.358s] Level 1:colcon.colcon_core.package_identification:_identify(src) by extension 'colcon_pkg'
[0.358s] Level 1:colcon.colcon_core.package_identification:_identify(src) by extensions ['colcon_meta']
[0.358s] Level 1:colcon.colcon_core.package_identification:_identify(src) by extension 'colcon_meta'
[0.358s] Level 1:colcon.colcon_core.package_identification:_identify(src) by extensions ['ros']
[0.358s] Level 1:colcon.colcon_core.package_identification:_identify(src) by extension 'ros'
[0.358s] Level 1:colcon.colcon_core.package_identification:_identify(src) by extensions ['cmake', 'python']
[0.358s] Level 1:colcon.colcon_core.package_identification:_identify(src) by extension 'cmake'
[0.358s] Level 1:colcon.colcon_core.package_identification:_identify(src) by extension 'python'
[0.358s] Level 1:colcon.colcon_core.package_identification:_identify(src) by extensions ['python_setup_py']
[0.359s] Level 1:colcon.colcon_core.package_identification:_identify(src) by extension 'python_setup_py'
[0.359s] Level 1:colcon.colcon_core.package_identification:_identify(src/my_robot_pkg) by extensions ['ignore', 'ignore_ament_install']
[0.359s] Level 1:colcon.colcon_core.package_identification:_identify(src/my_robot_pkg) by extension 'ignore'
[0.359s] Level 1:colcon.colcon_core.package_identification:_identify(src/my_robot_pkg) by extension 'ignore_ament_install'
[0.359s] Level 1:colcon.colcon_core.package_identification:_identify(src/my_robot_pkg) by extensions ['colcon_pkg']
[0.359s] Level 1:colcon.colcon_core.package_identification:_identify(src/my_robot_pkg) by extension 'colcon_pkg'
[0.359s] Level 1:colcon.colcon_core.package_identification:_identify(src/my_robot_pkg) by extensions ['colcon_meta']
[0.359s] Level 1:colcon.colcon_core.package_identification:_identify(src/my_robot_pkg) by extension 'colcon_meta'
[0.359s] Level 1:colcon.colcon_core.package_identification:_identify(src/my_robot_pkg) by extensions ['ros']
[0.359s] Level 1:colcon.colcon_core.package_identification:_identify(src/my_robot_pkg) by extension 'ros'
[0.359s] Level 1:colcon.colcon_core.package_identification:_identify(src/my_robot_pkg) by extensions ['cmake', 'python']
[0.359s] Level 1:colcon.colcon_core.package_identification:_identify(src/my_robot_pkg) by extension 'cmake'
[0.359s] Level 1:colcon.colcon_core.package_identification:_identify(src/my_robot_pkg) by extension 'python'
[0.359s] Level 1:colcon.colcon_core.package_identification:_identify(src/my_robot_pkg) by extensions ['python_setup_py']
[0.359s] Level 1:colcon.colcon_core.package_identification:_identify(src/my_robot_pkg) by extension 'python_setup_py'
[0.359s] Level 1:colcon.colcon_core.package_identification:_identify(src/my_robot_pkg/my_robot_pkg) by extensions ['ignore', 'ignore_ament_install']
[0.359s] Level 1:colcon.colcon_core.package_identification:_identify(src/my_robot_pkg/my_robot_pkg) by extension 'ignore'
[0.359s] Level 1:colcon.colcon_core.package_identification:_identify(src/my_robot_pkg/my_robot_pkg) by extension 'ignore_ament_install'
[0.360s] Level 1:colcon.colcon_core.package_identification:_identify(src/my_robot_pkg/my_robot_pkg) by extensions ['colcon_pkg']
[0.360s] Level 1:colcon.colcon_core.package_identification:_identify(src/my_robot_pkg/my_robot_pkg) by extension 'colcon_pkg'
[0.360s] Level 1:colcon.colcon_core.package_identification:_identify(src/my_robot_pkg/my_robot_pkg) by extensions ['colcon_meta']
[0.360s] Level 1:colcon.colcon_core.package_identification:_identify(src/my_robot_pkg/my_robot_pkg) by extension 'colcon_meta'
[0.360s] Level 1:colcon.colcon_core.package_identification:_identify(src/my_robot_pkg/my_robot_pkg) by extensions ['ros']
[0.360s] Level 1:colcon.colcon_core.package_identification:_identify(src/my_robot_pkg/my_robot_pkg) by extension 'ros'
[0.363s] DEBUG:colcon.colcon_core.package_identification:Package 'src/my_robot_pkg/my_robot_pkg' with type 'ros.ament_python' and name 'my_robot_pkg'
[0.363s] Level 1:colcon.colcon_core.package_identification:_identify(src/my_robot_pkg/my_robot_pkg_msg) by extensions ['ignore', 'ignore_ament_install']
[0.363s] Level 1:colcon.colcon_core.package_identification:_identify(src/my_robot_pkg/my_robot_pkg_msg) by extension 'ignore'
[0.363s] Level 1:colcon.colcon_core.package_identification:_identify(src/my_robot_pkg/my_robot_pkg_msg) by extension 'ignore_ament_install'
[0.364s] Level 1:colcon.colcon_core.package_identification:_identify(src/my_robot_pkg/my_robot_pkg_msg) by extensions ['colcon_pkg']
[0.364s] Level 1:colcon.colcon_core.package_identification:_identify(src/my_robot_pkg/my_robot_pkg_msg) by extension 'colcon_pkg'
[0.364s] Level 1:colcon.colcon_core.package_identification:_identify(src/my_robot_pkg/my_robot_pkg_msg) by extensions ['colcon_meta']
[0.364s] Level 1:colcon.colcon_core.package_identification:_identify(src/my_robot_pkg/my_robot_pkg_msg) by extension 'colcon_meta'
[0.364s] Level 1:colcon.colcon_core.package_identification:_identify(src/my_robot_pkg/my_robot_pkg_msg) by extensions ['ros']
[0.364s] Level 1:colcon.colcon_core.package_identification:_identify(src/my_robot_pkg/my_robot_pkg_msg) by extension 'ros'
[0.365s] DEBUG:colcon.colcon_core.package_identification:Package 'src/my_robot_pkg/my_robot_pkg_msg' with type 'ros.ament_cmake' and name 'my_robot_pkg_msg'
[0.365s] Level 1:colcon.colcon_core.package_discovery:discover_packages(recursive) using defaults
[0.365s] Level 1:colcon.colcon_core.package_discovery:discover_packages(ignore) discover
[0.365s] Level 1:colcon.colcon_core.package_discovery:discover_packages(ignore) using defaults
[0.365s] Level 1:colcon.colcon_core.package_discovery:discover_packages(path) discover
[0.365s] Level 1:colcon.colcon_core.package_discovery:discover_packages(path) using defaults
[0.414s] Level 1:colcon.colcon_core.package_discovery:discover_packages(prefix_path) check parameters
[0.414s] Level 1:colcon.colcon_core.package_discovery:discover_packages(prefix_path) discover
[0.417s] DEBUG:colcon.colcon_installed_package_information.package_discovery:Found 2 installed packages in /home/futill/targer_ws/install
[0.418s] DEBUG:colcon.colcon_installed_package_information.package_discovery:Found 16 installed packages in /home/futill/dummy2_hand_eye_calibration_ws/install
[0.420s] DEBUG:colcon.colcon_installed_package_information.package_discovery:Found 386 installed packages in /opt/ros/humble
[0.422s] Level 1:colcon.colcon_core.package_discovery:discover_packages(prefix_path) using defaults
[0.479s] Level 5:colcon.colcon_core.verb:set package 'my_robot_pkg_msg' build argument 'cmake_args' from command line to 'None'
[0.479s] Level 5:colcon.colcon_core.verb:set package 'my_robot_pkg_msg' build argument 'cmake_target' from command line to 'None'
[0.479s] Level 5:colcon.colcon_core.verb:set package 'my_robot_pkg_msg' build argument 'cmake_target_skip_unavailable' from command line to 'False'
[0.479s] Level 5:colcon.colcon_core.verb:set package 'my_robot_pkg_msg' build argument 'cmake_clean_cache' from command line to 'False'
[0.479s] Level 5:colcon.colcon_core.verb:set package 'my_robot_pkg_msg' build argument 'cmake_clean_first' from command line to 'False'
[0.479s] Level 5:colcon.colcon_core.verb:set package 'my_robot_pkg_msg' build argument 'cmake_force_configure' from command line to 'False'
[0.479s] Level 5:colcon.colcon_core.verb:set package 'my_robot_pkg_msg' build argument 'ament_cmake_args' from command line to 'None'
[0.479s] Level 5:colcon.colcon_core.verb:set package 'my_robot_pkg_msg' build argument 'catkin_cmake_args' from command line to 'None'
[0.479s] Level 5:colcon.colcon_core.verb:set package 'my_robot_pkg_msg' build argument 'catkin_skip_building_tests' from command line to 'False'
[0.479s] DEBUG:colcon.colcon_core.verb:Building package 'my_robot_pkg_msg' with the following arguments: {'ament_cmake_args': None, 'build_base': '/home/futill/targer_ws/build/my_robot_pkg_msg', 'catkin_cmake_args': None, 'catkin_skip_building_tests': False, 'cmake_args': None, 'cmake_clean_cache': False, 'cmake_clean_first': False, 'cmake_force_configure': False, 'cmake_target': None, 'cmake_target_skip_unavailable': False, 'install_base': '/home/futill/targer_ws/install/my_robot_pkg_msg', 'merge_install': False, 'path': '/home/futill/targer_ws/src/my_robot_pkg/my_robot_pkg_msg', 'symlink_install': False, 'test_result_base': None}
[0.480s] Level 5:colcon.colcon_core.verb:set package 'my_robot_pkg' build argument 'cmake_args' from command line to 'None'
[0.480s] Level 5:colcon.colcon_core.verb:set package 'my_robot_pkg' build argument 'cmake_target' from command line to 'None'
[0.480s] Level 5:colcon.colcon_core.verb:set package 'my_robot_pkg' build argument 'cmake_target_skip_unavailable' from command line to 'False'
[0.480s] Level 5:colcon.colcon_core.verb:set package 'my_robot_pkg' build argument 'cmake_clean_cache' from command line to 'False'
[0.480s] Level 5:colcon.colcon_core.verb:set package 'my_robot_pkg' build argument 'cmake_clean_first' from command line to 'False'
[0.480s] Level 5:colcon.colcon_core.verb:set package 'my_robot_pkg' build argument 'cmake_force_configure' from command line to 'False'
[0.480s] Level 5:colcon.colcon_core.verb:set package 'my_robot_pkg' build argument 'ament_cmake_args' from command line to 'None'
[0.480s] Level 5:colcon.colcon_core.verb:set package 'my_robot_pkg' build argument 'catkin_cmake_args' from command line to 'None'
[0.480s] Level 5:colcon.colcon_core.verb:set package 'my_robot_pkg' build argument 'catkin_skip_building_tests' from command line to 'False'
[0.480s] DEBUG:colcon.colcon_core.verb:Building package 'my_robot_pkg' with the following arguments: {'ament_cmake_args': None, 'build_base': '/home/futill/targer_ws/build/my_robot_pkg', 'catkin_cmake_args': None, 'catkin_skip_building_tests': False, 'cmake_args': None, 'cmake_clean_cache': False, 'cmake_clean_first': False, 'cmake_force_configure': False, 'cmake_target': None, 'cmake_target_skip_unavailable': False, 'install_base': '/home/futill/targer_ws/install/my_robot_pkg', 'merge_install': False, 'path': '/home/futill/targer_ws/src/my_robot_pkg/my_robot_pkg', 'symlink_install': False, 'test_result_base': None}
[0.480s] INFO:colcon.colcon_core.executor:Executing jobs using 'parallel' executor
[0.482s] DEBUG:colcon.colcon_parallel_executor.executor.parallel:run_until_complete
[0.482s] INFO:colcon.colcon_ros.task.ament_cmake.build:Building ROS package in '/home/futill/targer_ws/src/my_robot_pkg/my_robot_pkg_msg' with build type 'ament_cmake'
[0.483s] INFO:colcon.colcon_cmake.task.cmake.build:Building CMake package in '/home/futill/targer_ws/src/my_robot_pkg/my_robot_pkg_msg'
[0.486s] INFO:colcon.colcon_core.plugin_system:Skipping extension 'colcon_core.shell.bat': Not used on non-Windows systems
[0.487s] INFO:colcon.colcon_core.shell:Skip shell extension 'powershell' for command environment: Not usable outside of PowerShell
[0.487s] DEBUG:colcon.colcon_core.shell:Skip shell extension 'dsv' for command environment
[0.509s] DEBUG:colcon.colcon_core.event_handler.log_command:Invoking command in '/home/futill/targer_ws/build/my_robot_pkg_msg': CMAKE_PREFIX_PATH=${CMAKE_PREFIX_PATH}:/home/futill/targer_ws/install/my_robot_pkg:/opt/ros/humble /usr/bin/cmake --build /home/futill/targer_ws/build/my_robot_pkg_msg -- -j8 -l8
[1.063s] DEBUG:colcon.colcon_core.event_handler.log_command:Invoked command in '/home/futill/targer_ws/build/my_robot_pkg_msg' returned '0': CMAKE_PREFIX_PATH=${CMAKE_PREFIX_PATH}:/home/futill/targer_ws/install/my_robot_pkg:/opt/ros/humble /usr/bin/cmake --build /home/futill/targer_ws/build/my_robot_pkg_msg -- -j8 -l8
[1.080s] DEBUG:colcon.colcon_core.event_handler.log_command:Invoking command in '/home/futill/targer_ws/build/my_robot_pkg_msg': CMAKE_PREFIX_PATH=${CMAKE_PREFIX_PATH}:/home/futill/targer_ws/install/my_robot_pkg:/opt/ros/humble /usr/bin/cmake --install /home/futill/targer_ws/build/my_robot_pkg_msg
[1.157s] Level 1:colcon.colcon_core.environment:create_environment_scripts_only(my_robot_pkg_msg)
[1.158s] DEBUG:colcon.colcon_core.event_handler.log_command:Invoked command in '/home/futill/targer_ws/build/my_robot_pkg_msg' returned '0': CMAKE_PREFIX_PATH=${CMAKE_PREFIX_PATH}:/home/futill/targer_ws/install/my_robot_pkg:/opt/ros/humble /usr/bin/cmake --install /home/futill/targer_ws/build/my_robot_pkg_msg
[1.161s] Level 1:colcon.colcon_core.environment:checking '/home/futill/targer_ws/install/my_robot_pkg_msg' for CMake module files
[1.161s] Level 1:colcon.colcon_core.environment:checking '/home/futill/targer_ws/install/my_robot_pkg_msg' for CMake config files
[1.162s] Level 1:colcon.colcon_core.shell:create_environment_hook('my_robot_pkg_msg', 'cmake_prefix_path')
[1.163s] INFO:colcon.colcon_core.shell:Creating environment hook '/home/futill/targer_ws/install/my_robot_pkg_msg/share/my_robot_pkg_msg/hook/cmake_prefix_path.ps1'
[1.164s] INFO:colcon.colcon_core.shell:Creating environment descriptor '/home/futill/targer_ws/install/my_robot_pkg_msg/share/my_robot_pkg_msg/hook/cmake_prefix_path.dsv'
[1.165s] INFO:colcon.colcon_core.shell:Creating environment hook '/home/futill/targer_ws/install/my_robot_pkg_msg/share/my_robot_pkg_msg/hook/cmake_prefix_path.sh'
[1.168s] Level 1:colcon.colcon_core.environment:checking '/home/futill/targer_ws/install/my_robot_pkg_msg/lib'
[1.168s] Level 1:colcon.colcon_core.shell:create_environment_hook('my_robot_pkg_msg', 'ld_library_path_lib')
[1.169s] INFO:colcon.colcon_core.shell:Creating environment hook '/home/futill/targer_ws/install/my_robot_pkg_msg/share/my_robot_pkg_msg/hook/ld_library_path_lib.ps1'
[1.169s] INFO:colcon.colcon_core.shell:Creating environment descriptor '/home/futill/targer_ws/install/my_robot_pkg_msg/share/my_robot_pkg_msg/hook/ld_library_path_lib.dsv'
[1.170s] INFO:colcon.colcon_core.shell:Creating environment hook '/home/futill/targer_ws/install/my_robot_pkg_msg/share/my_robot_pkg_msg/hook/ld_library_path_lib.sh'
[1.171s] Level 1:colcon.colcon_core.environment:checking '/home/futill/targer_ws/install/my_robot_pkg_msg/bin'
[1.172s] Level 1:colcon.colcon_core.environment:checking '/home/futill/targer_ws/install/my_robot_pkg_msg/lib/pkgconfig/my_robot_pkg_msg.pc'
[1.173s] Level 1:colcon.colcon_core.environment:checking '/home/futill/targer_ws/install/my_robot_pkg_msg/lib/python3.10/site-packages'
[1.173s] Level 1:colcon.colcon_core.environment:checking '/home/futill/targer_ws/install/my_robot_pkg_msg/bin'
[1.174s] INFO:colcon.colcon_core.shell:Creating package script '/home/futill/targer_ws/install/my_robot_pkg_msg/share/my_robot_pkg_msg/package.ps1'
[1.175s] INFO:colcon.colcon_core.shell:Creating package descriptor '/home/futill/targer_ws/install/my_robot_pkg_msg/share/my_robot_pkg_msg/package.dsv'
[1.176s] INFO:colcon.colcon_core.shell:Creating package script '/home/futill/targer_ws/install/my_robot_pkg_msg/share/my_robot_pkg_msg/package.sh'
[1.177s] INFO:colcon.colcon_core.shell:Creating package script '/home/futill/targer_ws/install/my_robot_pkg_msg/share/my_robot_pkg_msg/package.bash'
[1.178s] INFO:colcon.colcon_core.shell:Creating package script '/home/futill/targer_ws/install/my_robot_pkg_msg/share/my_robot_pkg_msg/package.zsh'
[1.179s] Level 1:colcon.colcon_core.environment:create_file_with_runtime_dependencies(/home/futill/targer_ws/install/my_robot_pkg_msg/share/colcon-core/packages/my_robot_pkg_msg)
[1.180s] Level 1:colcon.colcon_core.environment:create_environment_scripts_only(my_robot_pkg_msg)
[1.180s] Level 1:colcon.colcon_core.environment:checking '/home/futill/targer_ws/install/my_robot_pkg_msg' for CMake module files
[1.181s] Level 1:colcon.colcon_core.environment:checking '/home/futill/targer_ws/install/my_robot_pkg_msg' for CMake config files
[1.181s] Level 1:colcon.colcon_core.shell:create_environment_hook('my_robot_pkg_msg', 'cmake_prefix_path')
[1.182s] INFO:colcon.colcon_core.shell:Creating environment hook '/home/futill/targer_ws/install/my_robot_pkg_msg/share/my_robot_pkg_msg/hook/cmake_prefix_path.ps1'
[1.183s] INFO:colcon.colcon_core.shell:Creating environment descriptor '/home/futill/targer_ws/install/my_robot_pkg_msg/share/my_robot_pkg_msg/hook/cmake_prefix_path.dsv'
[1.183s] INFO:colcon.colcon_core.shell:Creating environment hook '/home/futill/targer_ws/install/my_robot_pkg_msg/share/my_robot_pkg_msg/hook/cmake_prefix_path.sh'
[1.184s] Level 1:colcon.colcon_core.environment:checking '/home/futill/targer_ws/install/my_robot_pkg_msg/lib'
[1.184s] Level 1:colcon.colcon_core.shell:create_environment_hook('my_robot_pkg_msg', 'ld_library_path_lib')
[1.185s] INFO:colcon.colcon_core.shell:Creating environment hook '/home/futill/targer_ws/install/my_robot_pkg_msg/share/my_robot_pkg_msg/hook/ld_library_path_lib.ps1'
[1.186s] INFO:colcon.colcon_core.shell:Creating environment descriptor '/home/futill/targer_ws/install/my_robot_pkg_msg/share/my_robot_pkg_msg/hook/ld_library_path_lib.dsv'
[1.187s] INFO:colcon.colcon_core.shell:Creating environment hook '/home/futill/targer_ws/install/my_robot_pkg_msg/share/my_robot_pkg_msg/hook/ld_library_path_lib.sh'
[1.187s] Level 1:colcon.colcon_core.environment:checking '/home/futill/targer_ws/install/my_robot_pkg_msg/bin'
[1.188s] Level 1:colcon.colcon_core.environment:checking '/home/futill/targer_ws/install/my_robot_pkg_msg/lib/pkgconfig/my_robot_pkg_msg.pc'
[1.188s] Level 1:colcon.colcon_core.environment:checking '/home/futill/targer_ws/install/my_robot_pkg_msg/lib/python3.10/site-packages'
[1.188s] Level 1:colcon.colcon_core.environment:checking '/home/futill/targer_ws/install/my_robot_pkg_msg/bin'
[1.189s] INFO:colcon.colcon_core.shell:Creating package script '/home/futill/targer_ws/install/my_robot_pkg_msg/share/my_robot_pkg_msg/package.ps1'
[1.190s] INFO:colcon.colcon_core.shell:Creating package descriptor '/home/futill/targer_ws/install/my_robot_pkg_msg/share/my_robot_pkg_msg/package.dsv'
[1.190s] INFO:colcon.colcon_core.shell:Creating package script '/home/futill/targer_ws/install/my_robot_pkg_msg/share/my_robot_pkg_msg/package.sh'
[1.191s] INFO:colcon.colcon_core.shell:Creating package script '/home/futill/targer_ws/install/my_robot_pkg_msg/share/my_robot_pkg_msg/package.bash'
[1.191s] INFO:colcon.colcon_core.shell:Creating package script '/home/futill/targer_ws/install/my_robot_pkg_msg/share/my_robot_pkg_msg/package.zsh'
[1.192s] Level 1:colcon.colcon_core.environment:create_file_with_runtime_dependencies(/home/futill/targer_ws/install/my_robot_pkg_msg/share/colcon-core/packages/my_robot_pkg_msg)
[1.193s] INFO:colcon.colcon_ros.task.ament_python.build:Building ROS package in '/home/futill/targer_ws/src/my_robot_pkg/my_robot_pkg' with build type 'ament_python'
[1.193s] Level 1:colcon.colcon_core.shell:create_environment_hook('my_robot_pkg', 'ament_prefix_path')
[1.193s] INFO:colcon.colcon_core.shell:Creating environment hook '/home/futill/targer_ws/install/my_robot_pkg/share/my_robot_pkg/hook/ament_prefix_path.ps1'
[1.194s] INFO:colcon.colcon_core.shell:Creating environment descriptor '/home/futill/targer_ws/install/my_robot_pkg/share/my_robot_pkg/hook/ament_prefix_path.dsv'
[1.194s] INFO:colcon.colcon_core.shell:Creating environment hook '/home/futill/targer_ws/install/my_robot_pkg/share/my_robot_pkg/hook/ament_prefix_path.sh'
[1.195s] INFO:colcon.colcon_core.shell:Skip shell extension 'powershell' for command environment: Not usable outside of PowerShell
[1.195s] DEBUG:colcon.colcon_core.shell:Skip shell extension 'dsv' for command environment
[1.567s] INFO:colcon.colcon_core.task.python.build:Building Python package in '/home/futill/targer_ws/src/my_robot_pkg/my_robot_pkg'
[1.567s] INFO:colcon.colcon_core.shell:Skip shell extension 'powershell' for command environment: Not usable outside of PowerShell
[1.567s] DEBUG:colcon.colcon_core.shell:Skip shell extension 'dsv' for command environment
[2.339s] DEBUG:colcon.colcon_core.event_handler.log_command:Invoking command in '/home/futill/targer_ws/src/my_robot_pkg/my_robot_pkg': CMAKE_PREFIX_PATH=/home/futill/targer_ws/install/my_robot_pkg_msg:/home/futill/dummy2_hand_eye_calibration_ws/install LD_LIBRARY_PATH=/home/futill/targer_ws/install/my_robot_pkg_msg/lib:/home/futill/dummy2_hand_eye_calibration_ws/install/lib:/opt/ros/humble/opt/rviz_ogre_vendor/lib:/opt/ros/humble/lib/x86_64-linux-gnu:/opt/ros/humble/lib PYTHONPATH=/home/futill/targer_ws/build/my_robot_pkg/prefix_override:/usr/lib/python3/dist-packages/colcon_core/task/python/colcon_distutils_commands:/home/futill/targer_ws/install/my_robot_pkg/lib/python3.10/site-packages:${PYTHONPATH} /usr/bin/python3 -W ignore:setup.py install is deprecated -W ignore:easy_install command is deprecated setup.py egg_info --egg-base ../../../build/my_robot_pkg build --build-base /home/futill/targer_ws/build/my_robot_pkg/build install --record /home/futill/targer_ws/build/my_robot_pkg/install.log --single-version-externally-managed install_data
[2.905s] Level 1:colcon.colcon_core.environment:checking '/home/futill/targer_ws/install/my_robot_pkg' for CMake module files
[2.906s] Level 1:colcon.colcon_core.environment:checking '/home/futill/targer_ws/install/my_robot_pkg' for CMake config files
[2.907s] Level 1:colcon.colcon_core.environment:checking '/home/futill/targer_ws/install/my_robot_pkg/lib'
[2.907s] Level 1:colcon.colcon_core.environment:checking '/home/futill/targer_ws/install/my_robot_pkg/bin'
[2.907s] DEBUG:colcon.colcon_core.event_handler.log_command:Invoked command in '/home/futill/targer_ws/src/my_robot_pkg/my_robot_pkg' returned '0': CMAKE_PREFIX_PATH=/home/futill/targer_ws/install/my_robot_pkg_msg:/home/futill/dummy2_hand_eye_calibration_ws/install LD_LIBRARY_PATH=/home/futill/targer_ws/install/my_robot_pkg_msg/lib:/home/futill/dummy2_hand_eye_calibration_ws/install/lib:/opt/ros/humble/opt/rviz_ogre_vendor/lib:/opt/ros/humble/lib/x86_64-linux-gnu:/opt/ros/humble/lib PYTHONPATH=/home/futill/targer_ws/build/my_robot_pkg/prefix_override:/usr/lib/python3/dist-packages/colcon_core/task/python/colcon_distutils_commands:/home/futill/targer_ws/install/my_robot_pkg/lib/python3.10/site-packages:${PYTHONPATH} /usr/bin/python3 -W ignore:setup.py install is deprecated -W ignore:easy_install command is deprecated setup.py egg_info --egg-base ../../../build/my_robot_pkg build --build-base /home/futill/targer_ws/build/my_robot_pkg/build install --record /home/futill/targer_ws/build/my_robot_pkg/install.log --single-version-externally-managed install_data
[2.907s] Level 1:colcon.colcon_core.environment:checking '/home/futill/targer_ws/install/my_robot_pkg/lib/pkgconfig/my_robot_pkg.pc'
[2.907s] Level 1:colcon.colcon_core.environment:checking '/home/futill/targer_ws/install/my_robot_pkg/lib/python3.10/site-packages'
[2.908s] Level 1:colcon.colcon_core.shell:create_environment_hook('my_robot_pkg', 'pythonpath')
[2.908s] INFO:colcon.colcon_core.shell:Creating environment hook '/home/futill/targer_ws/install/my_robot_pkg/share/my_robot_pkg/hook/pythonpath.ps1'
[2.908s] INFO:colcon.colcon_core.shell:Creating environment descriptor '/home/futill/targer_ws/install/my_robot_pkg/share/my_robot_pkg/hook/pythonpath.dsv'
[2.909s] INFO:colcon.colcon_core.shell:Creating environment hook '/home/futill/targer_ws/install/my_robot_pkg/share/my_robot_pkg/hook/pythonpath.sh'
[2.910s] Level 1:colcon.colcon_core.environment:checking '/home/futill/targer_ws/install/my_robot_pkg/bin'
[2.910s] Level 1:colcon.colcon_core.environment:create_environment_scripts_only(my_robot_pkg)
[2.910s] INFO:colcon.colcon_core.shell:Creating package script '/home/futill/targer_ws/install/my_robot_pkg/share/my_robot_pkg/package.ps1'
[2.910s] INFO:colcon.colcon_core.shell:Creating package descriptor '/home/futill/targer_ws/install/my_robot_pkg/share/my_robot_pkg/package.dsv'
[2.911s] INFO:colcon.colcon_core.shell:Creating package script '/home/futill/targer_ws/install/my_robot_pkg/share/my_robot_pkg/package.sh'
[2.912s] INFO:colcon.colcon_core.shell:Creating package script '/home/futill/targer_ws/install/my_robot_pkg/share/my_robot_pkg/package.bash'
[2.912s] INFO:colcon.colcon_core.shell:Creating package script '/home/futill/targer_ws/install/my_robot_pkg/share/my_robot_pkg/package.zsh'
[2.913s] Level 1:colcon.colcon_core.environment:create_file_with_runtime_dependencies(/home/futill/targer_ws/install/my_robot_pkg/share/colcon-core/packages/my_robot_pkg)
[2.913s] DEBUG:colcon.colcon_parallel_executor.executor.parallel:closing loop
[2.914s] DEBUG:colcon.colcon_parallel_executor.executor.parallel:loop closed
[2.914s] DEBUG:colcon.colcon_parallel_executor.executor.parallel:run_until_complete finished with '0'
[2.914s] DEBUG:colcon.colcon_core.event_reactor:joining thread
[2.925s] INFO:colcon.colcon_core.plugin_system:Skipping extension 'colcon_notification.desktop_notification.terminal_notifier': Not used on non-Darwin systems
[2.925s] INFO:colcon.colcon_core.plugin_system:Skipping extension 'colcon_notification.desktop_notification.win32': Not used on non-Windows systems
[2.925s] INFO:colcon.colcon_notification.desktop_notification:Sending desktop notification using 'notify2'
[2.941s] DEBUG:colcon.colcon_core.event_reactor:joined thread
[2.941s] INFO:colcon.colcon_core.shell:Creating prefix script '/home/futill/targer_ws/install/local_setup.ps1'
[2.943s] INFO:colcon.colcon_core.shell:Creating prefix util module '/home/futill/targer_ws/install/_local_setup_util_ps1.py'
[2.944s] INFO:colcon.colcon_core.shell:Creating prefix chain script '/home/futill/targer_ws/install/setup.ps1'
[2.945s] INFO:colcon.colcon_core.shell:Creating prefix script '/home/futill/targer_ws/install/local_setup.sh'
[2.946s] INFO:colcon.colcon_core.shell:Creating prefix util module '/home/futill/targer_ws/install/_local_setup_util_sh.py'
[2.947s] INFO:colcon.colcon_core.shell:Creating prefix chain script '/home/futill/targer_ws/install/setup.sh'
[2.948s] INFO:colcon.colcon_core.shell:Creating prefix script '/home/futill/targer_ws/install/local_setup.bash'
[2.949s] INFO:colcon.colcon_core.shell:Creating prefix chain script '/home/futill/targer_ws/install/setup.bash'
[2.951s] INFO:colcon.colcon_core.shell:Creating prefix script '/home/futill/targer_ws/install/local_setup.zsh'
[2.952s] INFO:colcon.colcon_core.shell:Creating prefix chain script '/home/futill/targer_ws/install/setup.zsh'
