[0.658s] Invoking command in '/home/futill/targer_ws/src/my_robot_pkg/my_robot_pkg': PYTHONPATH=/home/futill/targer_ws/build/my_robot_pkg/prefix_override:/usr/lib/python3/dist-packages/colcon_core/task/python/colcon_distutils_commands:/home/futill/targer_ws/install/my_robot_pkg/lib/python3.10/site-packages:${PYTHONPATH} /usr/bin/python3 -W ignore:setup.py install is deprecated -W ignore:easy_install command is deprecated setup.py egg_info --egg-base ../../../build/my_robot_pkg build --build-base /home/futill/targer_ws/build/my_robot_pkg/build install --record /home/futill/targer_ws/build/my_robot_pkg/install.log --single-version-externally-managed install_data
[0.887s] running egg_info
[0.887s] creating ../../../build/my_robot_pkg/my_robot_pkg.egg-info
[0.887s] writing ../../../build/my_robot_pkg/my_robot_pkg.egg-info/PKG-INFO
[0.887s] writing dependency_links to ../../../build/my_robot_pkg/my_robot_pkg.egg-info/dependency_links.txt
[0.887s] writing entry points to ../../../build/my_robot_pkg/my_robot_pkg.egg-info/entry_points.txt
[0.888s] writing requirements to ../../../build/my_robot_pkg/my_robot_pkg.egg-info/requires.txt
[0.888s] writing top-level names to ../../../build/my_robot_pkg/my_robot_pkg.egg-info/top_level.txt
[0.888s] writing manifest file '../../../build/my_robot_pkg/my_robot_pkg.egg-info/SOURCES.txt'
[0.889s] reading manifest file '../../../build/my_robot_pkg/my_robot_pkg.egg-info/SOURCES.txt'
[0.890s] writing manifest file '../../../build/my_robot_pkg/my_robot_pkg.egg-info/SOURCES.txt'
[0.890s] running build
[0.890s] running build_py
[0.893s] creating /home/futill/targer_ws/build/my_robot_pkg/build
[0.893s] creating /home/futill/targer_ws/build/my_robot_pkg/build/lib
[0.893s] creating /home/futill/targer_ws/build/my_robot_pkg/build/lib/my_robot_pkg
[0.893s] copying my_robot_pkg/gui.py -> /home/futill/targer_ws/build/my_robot_pkg/build/lib/my_robot_pkg
[0.893s] copying my_robot_pkg/arm_move.py -> /home/futill/targer_ws/build/my_robot_pkg/build/lib/my_robot_pkg
[0.893s] copying my_robot_pkg/chess_vision_node.py -> /home/futill/targer_ws/build/my_robot_pkg/build/lib/my_robot_pkg
[0.893s] copying my_robot_pkg/__init__.py -> /home/futill/targer_ws/build/my_robot_pkg/build/lib/my_robot_pkg
[0.893s] running install
[0.893s] running install_lib
[0.893s] creating /home/futill/targer_ws/install/my_robot_pkg/lib/python3.10/site-packages/my_robot_pkg
[0.893s] copying /home/futill/targer_ws/build/my_robot_pkg/build/lib/my_robot_pkg/gui.py -> /home/futill/targer_ws/install/my_robot_pkg/lib/python3.10/site-packages/my_robot_pkg
[0.893s] copying /home/futill/targer_ws/build/my_robot_pkg/build/lib/my_robot_pkg/arm_move.py -> /home/futill/targer_ws/install/my_robot_pkg/lib/python3.10/site-packages/my_robot_pkg
[0.893s] copying /home/futill/targer_ws/build/my_robot_pkg/build/lib/my_robot_pkg/chess_vision_node.py -> /home/futill/targer_ws/install/my_robot_pkg/lib/python3.10/site-packages/my_robot_pkg
[0.893s] copying /home/futill/targer_ws/build/my_robot_pkg/build/lib/my_robot_pkg/__init__.py -> /home/futill/targer_ws/install/my_robot_pkg/lib/python3.10/site-packages/my_robot_pkg
[0.893s] byte-compiling /home/futill/targer_ws/install/my_robot_pkg/lib/python3.10/site-packages/my_robot_pkg/gui.py to gui.cpython-310.pyc
[0.894s] byte-compiling /home/futill/targer_ws/install/my_robot_pkg/lib/python3.10/site-packages/my_robot_pkg/arm_move.py to arm_move.cpython-310.pyc
[0.895s] byte-compiling /home/futill/targer_ws/install/my_robot_pkg/lib/python3.10/site-packages/my_robot_pkg/chess_vision_node.py to chess_vision_node.cpython-310.pyc
[0.896s] byte-compiling /home/futill/targer_ws/install/my_robot_pkg/lib/python3.10/site-packages/my_robot_pkg/__init__.py to __init__.cpython-310.pyc
[0.896s] running install_data
[0.896s] creating /home/futill/targer_ws/install/my_robot_pkg/share/ament_index
[0.896s] creating /home/futill/targer_ws/install/my_robot_pkg/share/ament_index/resource_index
[0.897s] creating /home/futill/targer_ws/install/my_robot_pkg/share/ament_index/resource_index/packages
[0.897s] copying resource/my_robot_pkg -> /home/futill/targer_ws/install/my_robot_pkg/share/ament_index/resource_index/packages
[0.897s] copying package.xml -> /home/futill/targer_ws/install/my_robot_pkg/share/my_robot_pkg
[0.897s] creating /home/futill/targer_ws/install/my_robot_pkg/share/my_robot_pkg/launch
[0.897s] copying launch/demo.launch.py -> /home/futill/targer_ws/install/my_robot_pkg/share/my_robot_pkg/launch
[0.897s] running install_egg_info
[0.899s] Copying ../../../build/my_robot_pkg/my_robot_pkg.egg-info to /home/futill/targer_ws/install/my_robot_pkg/lib/python3.10/site-packages/my_robot_pkg-0.0.0-py3.10.egg-info
[0.900s] running install_scripts
[0.917s] Installing arm_move script to /home/futill/targer_ws/install/my_robot_pkg/lib/my_robot_pkg
[0.917s] Installing chess_vision_node script to /home/futill/targer_ws/install/my_robot_pkg/lib/my_robot_pkg
[0.918s] Installing gui script to /home/futill/targer_ws/install/my_robot_pkg/lib/my_robot_pkg
[0.918s] writing list of installed files to '/home/futill/targer_ws/build/my_robot_pkg/install.log'
[0.940s] Invoked command in '/home/futill/targer_ws/src/my_robot_pkg/my_robot_pkg' returned '0': PYTHONPATH=/home/futill/targer_ws/build/my_robot_pkg/prefix_override:/usr/lib/python3/dist-packages/colcon_core/task/python/colcon_distutils_commands:/home/futill/targer_ws/install/my_robot_pkg/lib/python3.10/site-packages:${PYTHONPATH} /usr/bin/python3 -W ignore:setup.py install is deprecated -W ignore:easy_install command is deprecated setup.py egg_info --egg-base ../../../build/my_robot_pkg build --build-base /home/futill/targer_ws/build/my_robot_pkg/build install --record /home/futill/targer_ws/build/my_robot_pkg/install.log --single-version-externally-managed install_data
