[0.181s] DEBUG:colcon:Command line arguments: ['/usr/bin/colcon', 'build']
[0.181s] DEBUG:colcon:Parsed command line arguments: Namespace(log_base=None, log_level=None, verb_name='build', build_base='build', install_base='install', merge_install=False, symlink_install=False, test_result_base=None, continue_on_error=False, executor='parallel', parallel_workers=8, event_handlers=None, ignore_user_meta=False, metas=['./colcon.meta'], base_paths=['.'], packages_ignore=None, packages_ignore_regex=None, paths=None, packages_up_to=None, packages_up_to_regex=None, packages_above=None, packages_above_and_dependencies=None, packages_above_depth=None, packages_select_by_dep=None, packages_skip_by_dep=None, packages_skip_up_to=None, packages_select_build_failed=False, packages_skip_build_finished=False, packages_select_test_failures=False, packages_skip_test_passed=False, packages_select=None, packages_skip=None, packages_select_regex=None, packages_skip_regex=None, packages_start=None, packages_end=None, allow_overriding=[], cmake_args=None, cmake_target=None, cmake_target_skip_unavailable=False, cmake_clean_cache=False, cmake_clean_first=False, cmake_force_configure=False, ament_cmake_args=None, catkin_cmake_args=None, catkin_skip_building_tests=False, verb_parser=<colcon_defaults.argument_parser.defaults.DefaultArgumentsDecorator object at 0x7d5abc71b1c0>, verb_extension=<colcon_core.verb.build.BuildVerb object at 0x7d5abc6d4ac0>, main=<bound method BuildVerb.main of <colcon_core.verb.build.BuildVerb object at 0x7d5abc6d4ac0>>)
[0.430s] Level 1:colcon.colcon_core.package_discovery:discover_packages(colcon_meta) check parameters
[0.430s] Level 1:colcon.colcon_core.package_discovery:discover_packages(recursive) check parameters
[0.430s] Level 1:colcon.colcon_core.package_discovery:discover_packages(ignore) check parameters
[0.431s] Level 1:colcon.colcon_core.package_discovery:discover_packages(path) check parameters
[0.431s] Level 1:colcon.colcon_core.package_discovery:discover_packages(colcon_meta) discover
[0.431s] Level 1:colcon.colcon_core.package_discovery:discover_packages(recursive) discover
[0.431s] INFO:colcon.colcon_core.package_discovery:Crawling recursively for packages in '/home/futill/targer_ws'
[0.432s] Level 1:colcon.colcon_core.package_identification:_identify(.) by extensions ['ignore', 'ignore_ament_install']
[0.432s] Level 1:colcon.colcon_core.package_identification:_identify(.) by extension 'ignore'
[0.432s] Level 1:colcon.colcon_core.package_identification:_identify(.) by extension 'ignore_ament_install'
[0.432s] Level 1:colcon.colcon_core.package_identification:_identify(.) by extensions ['colcon_pkg']
[0.432s] Level 1:colcon.colcon_core.package_identification:_identify(.) by extension 'colcon_pkg'
[0.433s] Level 1:colcon.colcon_core.package_identification:_identify(.) by extensions ['colcon_meta']
[0.433s] Level 1:colcon.colcon_core.package_identification:_identify(.) by extension 'colcon_meta'
[0.433s] Level 1:colcon.colcon_core.package_identification:_identify(.) by extensions ['ros']
[0.433s] Level 1:colcon.colcon_core.package_identification:_identify(.) by extension 'ros'
[0.453s] Level 1:colcon.colcon_core.package_identification:_identify(.) by extensions ['cmake', 'python']
[0.453s] Level 1:colcon.colcon_core.package_identification:_identify(.) by extension 'cmake'
[0.454s] Level 1:colcon.colcon_core.package_identification:_identify(.) by extension 'python'
[0.454s] Level 1:colcon.colcon_core.package_identification:_identify(.) by extensions ['python_setup_py']
[0.454s] Level 1:colcon.colcon_core.package_identification:_identify(.) by extension 'python_setup_py'
[0.454s] Level 1:colcon.colcon_core.package_identification:_identify(build) by extensions ['ignore', 'ignore_ament_install']
[0.454s] Level 1:colcon.colcon_core.package_identification:_identify(build) by extension 'ignore'
[0.454s] Level 1:colcon.colcon_core.package_identification:_identify(build) ignored
[0.454s] Level 1:colcon.colcon_core.package_identification:_identify(install) by extensions ['ignore', 'ignore_ament_install']
[0.454s] Level 1:colcon.colcon_core.package_identification:_identify(install) by extension 'ignore'
[0.455s] Level 1:colcon.colcon_core.package_identification:_identify(install) ignored
[0.455s] Level 1:colcon.colcon_core.package_identification:_identify(log) by extensions ['ignore', 'ignore_ament_install']
[0.455s] Level 1:colcon.colcon_core.package_identification:_identify(log) by extension 'ignore'
[0.455s] Level 1:colcon.colcon_core.package_identification:_identify(log) ignored
[0.455s] Level 1:colcon.colcon_core.package_identification:_identify(src) by extensions ['ignore', 'ignore_ament_install']
[0.455s] Level 1:colcon.colcon_core.package_identification:_identify(src) by extension 'ignore'
[0.455s] Level 1:colcon.colcon_core.package_identification:_identify(src) by extension 'ignore_ament_install'
[0.455s] Level 1:colcon.colcon_core.package_identification:_identify(src) by extensions ['colcon_pkg']
[0.455s] Level 1:colcon.colcon_core.package_identification:_identify(src) by extension 'colcon_pkg'
[0.455s] Level 1:colcon.colcon_core.package_identification:_identify(src) by extensions ['colcon_meta']
[0.455s] Level 1:colcon.colcon_core.package_identification:_identify(src) by extension 'colcon_meta'
[0.455s] Level 1:colcon.colcon_core.package_identification:_identify(src) by extensions ['ros']
[0.456s] Level 1:colcon.colcon_core.package_identification:_identify(src) by extension 'ros'
[0.456s] Level 1:colcon.colcon_core.package_identification:_identify(src) by extensions ['cmake', 'python']
[0.456s] Level 1:colcon.colcon_core.package_identification:_identify(src) by extension 'cmake'
[0.456s] Level 1:colcon.colcon_core.package_identification:_identify(src) by extension 'python'
[0.456s] Level 1:colcon.colcon_core.package_identification:_identify(src) by extensions ['python_setup_py']
[0.456s] Level 1:colcon.colcon_core.package_identification:_identify(src) by extension 'python_setup_py'
[0.456s] Level 1:colcon.colcon_core.package_identification:_identify(src/my_robot_pkg) by extensions ['ignore', 'ignore_ament_install']
[0.456s] Level 1:colcon.colcon_core.package_identification:_identify(src/my_robot_pkg) by extension 'ignore'
[0.456s] Level 1:colcon.colcon_core.package_identification:_identify(src/my_robot_pkg) by extension 'ignore_ament_install'
[0.456s] Level 1:colcon.colcon_core.package_identification:_identify(src/my_robot_pkg) by extensions ['colcon_pkg']
[0.456s] Level 1:colcon.colcon_core.package_identification:_identify(src/my_robot_pkg) by extension 'colcon_pkg'
[0.456s] Level 1:colcon.colcon_core.package_identification:_identify(src/my_robot_pkg) by extensions ['colcon_meta']
[0.456s] Level 1:colcon.colcon_core.package_identification:_identify(src/my_robot_pkg) by extension 'colcon_meta'
[0.456s] Level 1:colcon.colcon_core.package_identification:_identify(src/my_robot_pkg) by extensions ['ros']
[0.456s] Level 1:colcon.colcon_core.package_identification:_identify(src/my_robot_pkg) by extension 'ros'
[0.456s] Level 1:colcon.colcon_core.package_identification:_identify(src/my_robot_pkg) by extensions ['cmake', 'python']
[0.456s] Level 1:colcon.colcon_core.package_identification:_identify(src/my_robot_pkg) by extension 'cmake'
[0.456s] Level 1:colcon.colcon_core.package_identification:_identify(src/my_robot_pkg) by extension 'python'
[0.456s] Level 1:colcon.colcon_core.package_identification:_identify(src/my_robot_pkg) by extensions ['python_setup_py']
[0.456s] Level 1:colcon.colcon_core.package_identification:_identify(src/my_robot_pkg) by extension 'python_setup_py'
[0.457s] Level 1:colcon.colcon_core.package_identification:_identify(src/my_robot_pkg/my_robot_pkg) by extensions ['ignore', 'ignore_ament_install']
[0.457s] Level 1:colcon.colcon_core.package_identification:_identify(src/my_robot_pkg/my_robot_pkg) by extension 'ignore'
[0.457s] Level 1:colcon.colcon_core.package_identification:_identify(src/my_robot_pkg/my_robot_pkg) by extension 'ignore_ament_install'
[0.457s] Level 1:colcon.colcon_core.package_identification:_identify(src/my_robot_pkg/my_robot_pkg) by extensions ['colcon_pkg']
[0.457s] Level 1:colcon.colcon_core.package_identification:_identify(src/my_robot_pkg/my_robot_pkg) by extension 'colcon_pkg'
[0.457s] Level 1:colcon.colcon_core.package_identification:_identify(src/my_robot_pkg/my_robot_pkg) by extensions ['colcon_meta']
[0.457s] Level 1:colcon.colcon_core.package_identification:_identify(src/my_robot_pkg/my_robot_pkg) by extension 'colcon_meta'
[0.457s] Level 1:colcon.colcon_core.package_identification:_identify(src/my_robot_pkg/my_robot_pkg) by extensions ['ros']
[0.457s] Level 1:colcon.colcon_core.package_identification:_identify(src/my_robot_pkg/my_robot_pkg) by extension 'ros'
[0.464s] DEBUG:colcon.colcon_core.package_identification:Package 'src/my_robot_pkg/my_robot_pkg' with type 'ros.ament_python' and name 'my_robot_pkg'
[0.464s] Level 1:colcon.colcon_core.package_identification:_identify(src/my_robot_pkg/my_robot_pkg_msg) by extensions ['ignore', 'ignore_ament_install']
[0.465s] Level 1:colcon.colcon_core.package_identification:_identify(src/my_robot_pkg/my_robot_pkg_msg) by extension 'ignore'
[0.465s] Level 1:colcon.colcon_core.package_identification:_identify(src/my_robot_pkg/my_robot_pkg_msg) by extension 'ignore_ament_install'
[0.465s] Level 1:colcon.colcon_core.package_identification:_identify(src/my_robot_pkg/my_robot_pkg_msg) by extensions ['colcon_pkg']
[0.465s] Level 1:colcon.colcon_core.package_identification:_identify(src/my_robot_pkg/my_robot_pkg_msg) by extension 'colcon_pkg'
[0.465s] Level 1:colcon.colcon_core.package_identification:_identify(src/my_robot_pkg/my_robot_pkg_msg) by extensions ['colcon_meta']
[0.465s] Level 1:colcon.colcon_core.package_identification:_identify(src/my_robot_pkg/my_robot_pkg_msg) by extension 'colcon_meta'
[0.465s] Level 1:colcon.colcon_core.package_identification:_identify(src/my_robot_pkg/my_robot_pkg_msg) by extensions ['ros']
[0.466s] Level 1:colcon.colcon_core.package_identification:_identify(src/my_robot_pkg/my_robot_pkg_msg) by extension 'ros'
[0.467s] DEBUG:colcon.colcon_core.package_identification:Package 'src/my_robot_pkg/my_robot_pkg_msg' with type 'ros.ament_cmake' and name 'my_robot_pkg_msg'
[0.467s] Level 1:colcon.colcon_core.package_discovery:discover_packages(recursive) using defaults
[0.467s] Level 1:colcon.colcon_core.package_discovery:discover_packages(ignore) discover
[0.468s] Level 1:colcon.colcon_core.package_discovery:discover_packages(ignore) using defaults
[0.468s] Level 1:colcon.colcon_core.package_discovery:discover_packages(path) discover
[0.468s] Level 1:colcon.colcon_core.package_discovery:discover_packages(path) using defaults
[0.556s] Level 1:colcon.colcon_core.package_discovery:discover_packages(prefix_path) check parameters
[0.556s] Level 1:colcon.colcon_core.package_discovery:discover_packages(prefix_path) discover
[0.560s] DEBUG:colcon.colcon_installed_package_information.package_discovery:Found 2 installed packages in /home/futill/targer_ws/install
[0.561s] DEBUG:colcon.colcon_installed_package_information.package_discovery:Found 16 installed packages in /home/futill/dummy2_hand_eye_calibration_ws/install
[0.564s] DEBUG:colcon.colcon_installed_package_information.package_discovery:Found 386 installed packages in /opt/ros/humble
[0.566s] Level 1:colcon.colcon_core.package_discovery:discover_packages(prefix_path) using defaults
[0.641s] Level 5:colcon.colcon_core.verb:set package 'my_robot_pkg_msg' build argument 'cmake_args' from command line to 'None'
[0.641s] Level 5:colcon.colcon_core.verb:set package 'my_robot_pkg_msg' build argument 'cmake_target' from command line to 'None'
[0.641s] Level 5:colcon.colcon_core.verb:set package 'my_robot_pkg_msg' build argument 'cmake_target_skip_unavailable' from command line to 'False'
[0.641s] Level 5:colcon.colcon_core.verb:set package 'my_robot_pkg_msg' build argument 'cmake_clean_cache' from command line to 'False'
[0.642s] Level 5:colcon.colcon_core.verb:set package 'my_robot_pkg_msg' build argument 'cmake_clean_first' from command line to 'False'
[0.642s] Level 5:colcon.colcon_core.verb:set package 'my_robot_pkg_msg' build argument 'cmake_force_configure' from command line to 'False'
[0.642s] Level 5:colcon.colcon_core.verb:set package 'my_robot_pkg_msg' build argument 'ament_cmake_args' from command line to 'None'
[0.642s] Level 5:colcon.colcon_core.verb:set package 'my_robot_pkg_msg' build argument 'catkin_cmake_args' from command line to 'None'
[0.642s] Level 5:colcon.colcon_core.verb:set package 'my_robot_pkg_msg' build argument 'catkin_skip_building_tests' from command line to 'False'
[0.642s] DEBUG:colcon.colcon_core.verb:Building package 'my_robot_pkg_msg' with the following arguments: {'ament_cmake_args': None, 'build_base': '/home/futill/targer_ws/build/my_robot_pkg_msg', 'catkin_cmake_args': None, 'catkin_skip_building_tests': False, 'cmake_args': None, 'cmake_clean_cache': False, 'cmake_clean_first': False, 'cmake_force_configure': False, 'cmake_target': None, 'cmake_target_skip_unavailable': False, 'install_base': '/home/futill/targer_ws/install/my_robot_pkg_msg', 'merge_install': False, 'path': '/home/futill/targer_ws/src/my_robot_pkg/my_robot_pkg_msg', 'symlink_install': False, 'test_result_base': None}
[0.643s] Level 5:colcon.colcon_core.verb:set package 'my_robot_pkg' build argument 'cmake_args' from command line to 'None'
[0.643s] Level 5:colcon.colcon_core.verb:set package 'my_robot_pkg' build argument 'cmake_target' from command line to 'None'
[0.643s] Level 5:colcon.colcon_core.verb:set package 'my_robot_pkg' build argument 'cmake_target_skip_unavailable' from command line to 'False'
[0.643s] Level 5:colcon.colcon_core.verb:set package 'my_robot_pkg' build argument 'cmake_clean_cache' from command line to 'False'
[0.643s] Level 5:colcon.colcon_core.verb:set package 'my_robot_pkg' build argument 'cmake_clean_first' from command line to 'False'
[0.643s] Level 5:colcon.colcon_core.verb:set package 'my_robot_pkg' build argument 'cmake_force_configure' from command line to 'False'
[0.643s] Level 5:colcon.colcon_core.verb:set package 'my_robot_pkg' build argument 'ament_cmake_args' from command line to 'None'
[0.643s] Level 5:colcon.colcon_core.verb:set package 'my_robot_pkg' build argument 'catkin_cmake_args' from command line to 'None'
[0.643s] Level 5:colcon.colcon_core.verb:set package 'my_robot_pkg' build argument 'catkin_skip_building_tests' from command line to 'False'
[0.644s] DEBUG:colcon.colcon_core.verb:Building package 'my_robot_pkg' with the following arguments: {'ament_cmake_args': None, 'build_base': '/home/futill/targer_ws/build/my_robot_pkg', 'catkin_cmake_args': None, 'catkin_skip_building_tests': False, 'cmake_args': None, 'cmake_clean_cache': False, 'cmake_clean_first': False, 'cmake_force_configure': False, 'cmake_target': None, 'cmake_target_skip_unavailable': False, 'install_base': '/home/futill/targer_ws/install/my_robot_pkg', 'merge_install': False, 'path': '/home/futill/targer_ws/src/my_robot_pkg/my_robot_pkg', 'symlink_install': False, 'test_result_base': None}
[0.644s] INFO:colcon.colcon_core.executor:Executing jobs using 'parallel' executor
[0.648s] DEBUG:colcon.colcon_parallel_executor.executor.parallel:run_until_complete
[0.650s] INFO:colcon.colcon_ros.task.ament_cmake.build:Building ROS package in '/home/futill/targer_ws/src/my_robot_pkg/my_robot_pkg_msg' with build type 'ament_cmake'
[0.650s] INFO:colcon.colcon_cmake.task.cmake.build:Building CMake package in '/home/futill/targer_ws/src/my_robot_pkg/my_robot_pkg_msg'
[0.657s] INFO:colcon.colcon_core.plugin_system:Skipping extension 'colcon_core.shell.bat': Not used on non-Windows systems
[0.658s] INFO:colcon.colcon_core.shell:Skip shell extension 'powershell' for command environment: Not usable outside of PowerShell
[0.658s] DEBUG:colcon.colcon_core.shell:Skip shell extension 'dsv' for command environment
[0.693s] DEBUG:colcon.colcon_core.event_handler.log_command:Invoking command in '/home/futill/targer_ws/build/my_robot_pkg_msg': CMAKE_PREFIX_PATH=${CMAKE_PREFIX_PATH}:/home/futill/targer_ws/install/my_robot_pkg:/opt/ros/humble /usr/bin/cmake --build /home/futill/targer_ws/build/my_robot_pkg_msg -- -j8 -l8
[1.984s] DEBUG:colcon.colcon_core.event_handler.log_command:Invoked command in '/home/futill/targer_ws/build/my_robot_pkg_msg' returned '0': CMAKE_PREFIX_PATH=${CMAKE_PREFIX_PATH}:/home/futill/targer_ws/install/my_robot_pkg:/opt/ros/humble /usr/bin/cmake --build /home/futill/targer_ws/build/my_robot_pkg_msg -- -j8 -l8
[2.027s] DEBUG:colcon.colcon_core.event_handler.log_command:Invoking command in '/home/futill/targer_ws/build/my_robot_pkg_msg': CMAKE_PREFIX_PATH=${CMAKE_PREFIX_PATH}:/home/futill/targer_ws/install/my_robot_pkg:/opt/ros/humble /usr/bin/cmake --install /home/futill/targer_ws/build/my_robot_pkg_msg
[2.217s] Level 1:colcon.colcon_core.environment:create_environment_scripts_only(my_robot_pkg_msg)
[2.219s] DEBUG:colcon.colcon_core.event_handler.log_command:Invoked command in '/home/futill/targer_ws/build/my_robot_pkg_msg' returned '0': CMAKE_PREFIX_PATH=${CMAKE_PREFIX_PATH}:/home/futill/targer_ws/install/my_robot_pkg:/opt/ros/humble /usr/bin/cmake --install /home/futill/targer_ws/build/my_robot_pkg_msg
[2.228s] Level 1:colcon.colcon_core.environment:checking '/home/futill/targer_ws/install/my_robot_pkg_msg' for CMake module files
[2.231s] Level 1:colcon.colcon_core.environment:checking '/home/futill/targer_ws/install/my_robot_pkg_msg' for CMake config files
[2.232s] Level 1:colcon.colcon_core.shell:create_environment_hook('my_robot_pkg_msg', 'cmake_prefix_path')
[2.233s] INFO:colcon.colcon_core.shell:Creating environment hook '/home/futill/targer_ws/install/my_robot_pkg_msg/share/my_robot_pkg_msg/hook/cmake_prefix_path.ps1'
[2.235s] INFO:colcon.colcon_core.shell:Creating environment descriptor '/home/futill/targer_ws/install/my_robot_pkg_msg/share/my_robot_pkg_msg/hook/cmake_prefix_path.dsv'
[2.237s] INFO:colcon.colcon_core.shell:Creating environment hook '/home/futill/targer_ws/install/my_robot_pkg_msg/share/my_robot_pkg_msg/hook/cmake_prefix_path.sh'
[2.246s] Level 1:colcon.colcon_core.environment:checking '/home/futill/targer_ws/install/my_robot_pkg_msg/lib'
[2.246s] Level 1:colcon.colcon_core.shell:create_environment_hook('my_robot_pkg_msg', 'ld_library_path_lib')
[2.248s] INFO:colcon.colcon_core.shell:Creating environment hook '/home/futill/targer_ws/install/my_robot_pkg_msg/share/my_robot_pkg_msg/hook/ld_library_path_lib.ps1'
[2.254s] INFO:colcon.colcon_core.shell:Creating environment descriptor '/home/futill/targer_ws/install/my_robot_pkg_msg/share/my_robot_pkg_msg/hook/ld_library_path_lib.dsv'
[2.256s] INFO:colcon.colcon_core.shell:Creating environment hook '/home/futill/targer_ws/install/my_robot_pkg_msg/share/my_robot_pkg_msg/hook/ld_library_path_lib.sh'
[2.258s] Level 1:colcon.colcon_core.environment:checking '/home/futill/targer_ws/install/my_robot_pkg_msg/bin'
[2.259s] Level 1:colcon.colcon_core.environment:checking '/home/futill/targer_ws/install/my_robot_pkg_msg/lib/pkgconfig/my_robot_pkg_msg.pc'
[2.260s] Level 1:colcon.colcon_core.environment:checking '/home/futill/targer_ws/install/my_robot_pkg_msg/lib/python3.10/site-packages'
[2.261s] Level 1:colcon.colcon_core.environment:checking '/home/futill/targer_ws/install/my_robot_pkg_msg/bin'
[2.262s] INFO:colcon.colcon_core.shell:Creating package script '/home/futill/targer_ws/install/my_robot_pkg_msg/share/my_robot_pkg_msg/package.ps1'
[2.267s] INFO:colcon.colcon_core.shell:Creating package descriptor '/home/futill/targer_ws/install/my_robot_pkg_msg/share/my_robot_pkg_msg/package.dsv'
[2.269s] INFO:colcon.colcon_core.shell:Creating package script '/home/futill/targer_ws/install/my_robot_pkg_msg/share/my_robot_pkg_msg/package.sh'
[2.277s] INFO:colcon.colcon_core.shell:Creating package script '/home/futill/targer_ws/install/my_robot_pkg_msg/share/my_robot_pkg_msg/package.bash'
[2.280s] INFO:colcon.colcon_core.shell:Creating package script '/home/futill/targer_ws/install/my_robot_pkg_msg/share/my_robot_pkg_msg/package.zsh'
[2.283s] Level 1:colcon.colcon_core.environment:create_file_with_runtime_dependencies(/home/futill/targer_ws/install/my_robot_pkg_msg/share/colcon-core/packages/my_robot_pkg_msg)
[2.288s] Level 1:colcon.colcon_core.environment:create_environment_scripts_only(my_robot_pkg_msg)
[2.289s] Level 1:colcon.colcon_core.environment:checking '/home/futill/targer_ws/install/my_robot_pkg_msg' for CMake module files
[2.291s] Level 1:colcon.colcon_core.environment:checking '/home/futill/targer_ws/install/my_robot_pkg_msg' for CMake config files
[2.292s] Level 1:colcon.colcon_core.shell:create_environment_hook('my_robot_pkg_msg', 'cmake_prefix_path')
[2.293s] INFO:colcon.colcon_core.shell:Creating environment hook '/home/futill/targer_ws/install/my_robot_pkg_msg/share/my_robot_pkg_msg/hook/cmake_prefix_path.ps1'
[2.297s] INFO:colcon.colcon_core.shell:Creating environment descriptor '/home/futill/targer_ws/install/my_robot_pkg_msg/share/my_robot_pkg_msg/hook/cmake_prefix_path.dsv'
[2.300s] INFO:colcon.colcon_core.shell:Creating environment hook '/home/futill/targer_ws/install/my_robot_pkg_msg/share/my_robot_pkg_msg/hook/cmake_prefix_path.sh'
[2.304s] Level 1:colcon.colcon_core.environment:checking '/home/futill/targer_ws/install/my_robot_pkg_msg/lib'
[2.304s] Level 1:colcon.colcon_core.shell:create_environment_hook('my_robot_pkg_msg', 'ld_library_path_lib')
[2.305s] INFO:colcon.colcon_core.shell:Creating environment hook '/home/futill/targer_ws/install/my_robot_pkg_msg/share/my_robot_pkg_msg/hook/ld_library_path_lib.ps1'
[2.311s] INFO:colcon.colcon_core.shell:Creating environment descriptor '/home/futill/targer_ws/install/my_robot_pkg_msg/share/my_robot_pkg_msg/hook/ld_library_path_lib.dsv'
[2.314s] INFO:colcon.colcon_core.shell:Creating environment hook '/home/futill/targer_ws/install/my_robot_pkg_msg/share/my_robot_pkg_msg/hook/ld_library_path_lib.sh'
[2.319s] Level 1:colcon.colcon_core.environment:checking '/home/futill/targer_ws/install/my_robot_pkg_msg/bin'
[2.319s] Level 1:colcon.colcon_core.environment:checking '/home/futill/targer_ws/install/my_robot_pkg_msg/lib/pkgconfig/my_robot_pkg_msg.pc'
[2.320s] Level 1:colcon.colcon_core.environment:checking '/home/futill/targer_ws/install/my_robot_pkg_msg/lib/python3.10/site-packages'
[2.321s] Level 1:colcon.colcon_core.environment:checking '/home/futill/targer_ws/install/my_robot_pkg_msg/bin'
[2.323s] INFO:colcon.colcon_core.shell:Creating package script '/home/futill/targer_ws/install/my_robot_pkg_msg/share/my_robot_pkg_msg/package.ps1'
[2.332s] INFO:colcon.colcon_core.shell:Creating package descriptor '/home/futill/targer_ws/install/my_robot_pkg_msg/share/my_robot_pkg_msg/package.dsv'
[2.335s] INFO:colcon.colcon_core.shell:Creating package script '/home/futill/targer_ws/install/my_robot_pkg_msg/share/my_robot_pkg_msg/package.sh'
[2.337s] INFO:colcon.colcon_core.shell:Creating package script '/home/futill/targer_ws/install/my_robot_pkg_msg/share/my_robot_pkg_msg/package.bash'
[2.338s] INFO:colcon.colcon_core.shell:Creating package script '/home/futill/targer_ws/install/my_robot_pkg_msg/share/my_robot_pkg_msg/package.zsh'
[2.339s] Level 1:colcon.colcon_core.environment:create_file_with_runtime_dependencies(/home/futill/targer_ws/install/my_robot_pkg_msg/share/colcon-core/packages/my_robot_pkg_msg)
[2.339s] INFO:colcon.colcon_ros.task.ament_python.build:Building ROS package in '/home/futill/targer_ws/src/my_robot_pkg/my_robot_pkg' with build type 'ament_python'
[2.340s] Level 1:colcon.colcon_core.shell:create_environment_hook('my_robot_pkg', 'ament_prefix_path')
[2.340s] INFO:colcon.colcon_core.shell:Creating environment hook '/home/futill/targer_ws/install/my_robot_pkg/share/my_robot_pkg/hook/ament_prefix_path.ps1'
[2.343s] INFO:colcon.colcon_core.shell:Creating environment descriptor '/home/futill/targer_ws/install/my_robot_pkg/share/my_robot_pkg/hook/ament_prefix_path.dsv'
[2.344s] INFO:colcon.colcon_core.shell:Creating environment hook '/home/futill/targer_ws/install/my_robot_pkg/share/my_robot_pkg/hook/ament_prefix_path.sh'
[2.345s] INFO:colcon.colcon_core.shell:Skip shell extension 'powershell' for command environment: Not usable outside of PowerShell
[2.346s] DEBUG:colcon.colcon_core.shell:Skip shell extension 'dsv' for command environment
[2.830s] INFO:colcon.colcon_core.task.python.build:Building Python package in '/home/futill/targer_ws/src/my_robot_pkg/my_robot_pkg'
[2.830s] INFO:colcon.colcon_core.shell:Skip shell extension 'powershell' for command environment: Not usable outside of PowerShell
[2.830s] DEBUG:colcon.colcon_core.shell:Skip shell extension 'dsv' for command environment
[3.565s] DEBUG:colcon.colcon_core.event_handler.log_command:Invoking command in '/home/futill/targer_ws/src/my_robot_pkg/my_robot_pkg': CMAKE_PREFIX_PATH=/home/futill/targer_ws/install/my_robot_pkg_msg:/home/futill/dummy2_hand_eye_calibration_ws/install LD_LIBRARY_PATH=/home/futill/targer_ws/install/my_robot_pkg_msg/lib:/home/futill/dummy2_hand_eye_calibration_ws/install/lib:/opt/ros/humble/opt/rviz_ogre_vendor/lib:/opt/ros/humble/lib/x86_64-linux-gnu:/opt/ros/humble/lib PYTHONPATH=/home/futill/targer_ws/build/my_robot_pkg/prefix_override:/usr/lib/python3/dist-packages/colcon_core/task/python/colcon_distutils_commands:/home/futill/targer_ws/install/my_robot_pkg/lib/python3.10/site-packages:${PYTHONPATH} /usr/bin/python3 -W ignore:setup.py install is deprecated -W ignore:easy_install command is deprecated setup.py egg_info --egg-base ../../../build/my_robot_pkg build --build-base /home/futill/targer_ws/build/my_robot_pkg/build install --record /home/futill/targer_ws/build/my_robot_pkg/install.log --single-version-externally-managed install_data
[4.078s] Level 1:colcon.colcon_core.environment:checking '/home/futill/targer_ws/install/my_robot_pkg' for CMake module files
[4.079s] DEBUG:colcon.colcon_core.event_handler.log_command:Invoked command in '/home/futill/targer_ws/src/my_robot_pkg/my_robot_pkg' returned '0': CMAKE_PREFIX_PATH=/home/futill/targer_ws/install/my_robot_pkg_msg:/home/futill/dummy2_hand_eye_calibration_ws/install LD_LIBRARY_PATH=/home/futill/targer_ws/install/my_robot_pkg_msg/lib:/home/futill/dummy2_hand_eye_calibration_ws/install/lib:/opt/ros/humble/opt/rviz_ogre_vendor/lib:/opt/ros/humble/lib/x86_64-linux-gnu:/opt/ros/humble/lib PYTHONPATH=/home/futill/targer_ws/build/my_robot_pkg/prefix_override:/usr/lib/python3/dist-packages/colcon_core/task/python/colcon_distutils_commands:/home/futill/targer_ws/install/my_robot_pkg/lib/python3.10/site-packages:${PYTHONPATH} /usr/bin/python3 -W ignore:setup.py install is deprecated -W ignore:easy_install command is deprecated setup.py egg_info --egg-base ../../../build/my_robot_pkg build --build-base /home/futill/targer_ws/build/my_robot_pkg/build install --record /home/futill/targer_ws/build/my_robot_pkg/install.log --single-version-externally-managed install_data
[4.080s] Level 1:colcon.colcon_core.environment:checking '/home/futill/targer_ws/install/my_robot_pkg' for CMake config files
[4.080s] Level 1:colcon.colcon_core.environment:checking '/home/futill/targer_ws/install/my_robot_pkg/lib'
[4.081s] Level 1:colcon.colcon_core.environment:checking '/home/futill/targer_ws/install/my_robot_pkg/bin'
[4.081s] Level 1:colcon.colcon_core.environment:checking '/home/futill/targer_ws/install/my_robot_pkg/lib/pkgconfig/my_robot_pkg.pc'
[4.081s] Level 1:colcon.colcon_core.environment:checking '/home/futill/targer_ws/install/my_robot_pkg/lib/python3.10/site-packages'
[4.081s] Level 1:colcon.colcon_core.shell:create_environment_hook('my_robot_pkg', 'pythonpath')
[4.082s] INFO:colcon.colcon_core.shell:Creating environment hook '/home/futill/targer_ws/install/my_robot_pkg/share/my_robot_pkg/hook/pythonpath.ps1'
[4.082s] INFO:colcon.colcon_core.shell:Creating environment descriptor '/home/futill/targer_ws/install/my_robot_pkg/share/my_robot_pkg/hook/pythonpath.dsv'
[4.083s] INFO:colcon.colcon_core.shell:Creating environment hook '/home/futill/targer_ws/install/my_robot_pkg/share/my_robot_pkg/hook/pythonpath.sh'
[4.084s] Level 1:colcon.colcon_core.environment:checking '/home/futill/targer_ws/install/my_robot_pkg/bin'
[4.084s] Level 1:colcon.colcon_core.environment:create_environment_scripts_only(my_robot_pkg)
[4.084s] INFO:colcon.colcon_core.shell:Creating package script '/home/futill/targer_ws/install/my_robot_pkg/share/my_robot_pkg/package.ps1'
[4.085s] INFO:colcon.colcon_core.shell:Creating package descriptor '/home/futill/targer_ws/install/my_robot_pkg/share/my_robot_pkg/package.dsv'
[4.086s] INFO:colcon.colcon_core.shell:Creating package script '/home/futill/targer_ws/install/my_robot_pkg/share/my_robot_pkg/package.sh'
[4.087s] INFO:colcon.colcon_core.shell:Creating package script '/home/futill/targer_ws/install/my_robot_pkg/share/my_robot_pkg/package.bash'
[4.087s] INFO:colcon.colcon_core.shell:Creating package script '/home/futill/targer_ws/install/my_robot_pkg/share/my_robot_pkg/package.zsh'
[4.088s] Level 1:colcon.colcon_core.environment:create_file_with_runtime_dependencies(/home/futill/targer_ws/install/my_robot_pkg/share/colcon-core/packages/my_robot_pkg)
[4.089s] DEBUG:colcon.colcon_parallel_executor.executor.parallel:closing loop
[4.090s] DEBUG:colcon.colcon_parallel_executor.executor.parallel:loop closed
[4.090s] DEBUG:colcon.colcon_parallel_executor.executor.parallel:run_until_complete finished with '0'
[4.091s] DEBUG:colcon.colcon_core.event_reactor:joining thread
[4.103s] INFO:colcon.colcon_core.plugin_system:Skipping extension 'colcon_notification.desktop_notification.terminal_notifier': Not used on non-Darwin systems
[4.104s] INFO:colcon.colcon_core.plugin_system:Skipping extension 'colcon_notification.desktop_notification.win32': Not used on non-Windows systems
[4.104s] INFO:colcon.colcon_notification.desktop_notification:Sending desktop notification using 'notify2'
[4.122s] DEBUG:colcon.colcon_core.event_reactor:joined thread
[4.123s] INFO:colcon.colcon_core.shell:Creating prefix script '/home/futill/targer_ws/install/local_setup.ps1'
[4.125s] INFO:colcon.colcon_core.shell:Creating prefix util module '/home/futill/targer_ws/install/_local_setup_util_ps1.py'
[4.127s] INFO:colcon.colcon_core.shell:Creating prefix chain script '/home/futill/targer_ws/install/setup.ps1'
[4.131s] INFO:colcon.colcon_core.shell:Creating prefix script '/home/futill/targer_ws/install/local_setup.sh'
[4.132s] INFO:colcon.colcon_core.shell:Creating prefix util module '/home/futill/targer_ws/install/_local_setup_util_sh.py'
[4.134s] INFO:colcon.colcon_core.shell:Creating prefix chain script '/home/futill/targer_ws/install/setup.sh'
[4.136s] INFO:colcon.colcon_core.shell:Creating prefix script '/home/futill/targer_ws/install/local_setup.bash'
[4.137s] INFO:colcon.colcon_core.shell:Creating prefix chain script '/home/futill/targer_ws/install/setup.bash'
[4.139s] INFO:colcon.colcon_core.shell:Creating prefix script '/home/futill/targer_ws/install/local_setup.zsh'
[4.140s] INFO:colcon.colcon_core.shell:Creating prefix chain script '/home/futill/targer_ws/install/setup.zsh'
