[  6%] Built target my_robot_pkg_msg__cpp
[ 12%] Built target my_robot_pkg_msg__rosidl_generator_c
[ 12%] Built target ament_cmake_python_copy_my_robot_pkg_msg
[ 22%] Built target my_robot_pkg_msg__rosidl_typesupport_c
[ 32%] Built target my_robot_pkg_msg__rosidl_typesupport_introspection_c
[ 41%] Built target my_robot_pkg_msg__rosidl_typesupport_fastrtps_c
[ 51%] Built target my_robot_pkg_msg__rosidl_typesupport_fastrtps_cpp
[ 61%] Built target my_robot_pkg_msg__rosidl_typesupport_introspection_cpp
[ 70%] Built target my_robot_pkg_msg__rosidl_typesupport_cpp
Traceback (most recent call last):
  File "/home/futill/targer_ws/build/my_robot_pkg_msg/ament_cmake_python/my_robot_pkg_msg/setup.py", line 1, in <module>
    from setuptools import find_packages
  File "/usr/lib/python3/dist-packages/setuptools/__init__.py", line 10, in <module>
gmake[2]: *** [CMakeFiles/my_robot_pkg_msg.dir/build.make:144: CMakeFiles/my_robot_pkg_msg.dir/depend] Interrupt
gmake[1]: *** [CMakeFiles/Makefile2:186: CMakeFiles/my_robot_pkg_msg.dir/all] Interrupt
    import distutils.core
  File "/usr/lib/python3.10/distutils/core.py", line 16, in <module>
    from distutils.dist import Distribution
  File "/usr/lib/python3.10/distutils/dist.py", line 18, in <module>
    from distutils.fancy_getopt import FancyGetopt, translate_longopt
  File "/usr/lib/python3.10/distutils/fancy_getopt.py", line 23, in <module>
    neg_alias_re = re.compile("^(%s)=!(%s)$" % (longopt_pat, longopt_pat))
  File "/usr/lib/python3.10/re.py", line 251, in compile
    return _compile(pattern, flags)
  File "/usr/lib/python3.10/re.py", line 303, in _compile
    p = sre_compile.compile(pattern, flags)
  File "/usr/lib/python3.10/sre_compile.py", line 788, in compile
    p = sre_parse.parse(p, flags)
  File "/usr/lib/python3.10/sre_parse.py", line 955, in parse
    p = _parse_sub(source, state, flags & SRE_FLAG_VERBOSE, 0)
  File "/usr/lib/python3.10/sre_parse.py", line 444, in _parse_sub
    itemsappend(_parse(source, state, verbose, nested + 1,
  File "/usr/lib/python3.10/sre_parse.py", line 842, in _parse
    if not source.match(")"):
  File "/usr/lib/python3.10/sre_parse.py", line 252, in match
    self.__next()
  File "/usr/lib/python3.10/sre_parse.py", line 234, in __next
    def __next(self):
KeyboardInterrupt
gmake[2]: *** [CMakeFiles/ament_cmake_python_build_my_robot_pkg_msg_egg.dir/build.make:70: CMakeFiles/ament_cmake_python_build_my_robot_pkg_msg_egg] Interrupt
gmake[1]: *** [CMakeFiles/Makefile2:447: CMakeFiles/ament_cmake_python_build_my_robot_pkg_msg_egg.dir/all] Interrupt
gmake: *** [Makefile:146: all] Interrupt
