[0.031s] Invoking command in '/home/futill/targer_ws/build/my_robot_pkg_msg': CMAKE_PREFIX_PATH=${CMAKE_PREFIX_PATH}:/home/futill/targer_ws/install/my_robot_pkg:/opt/ros/humble /usr/bin/cmake --build /home/futill/targer_ws/build/my_robot_pkg_msg -- -j8 -l8
[0.153s] [  9%] Built target my_robot_pkg_msg__rosidl_generator_c
[0.171s] [ 12%] Built target my_robot_pkg_msg__cpp
[0.180s] [ 12%] Built target ament_cmake_python_copy_my_robot_pkg_msg
[0.220s] [ 22%] Built target my_robot_pkg_msg__rosidl_typesupport_introspection_c
[0.237s] [ 32%] Built target my_robot_pkg_msg__rosidl_typesupport_fastrtps_c
[0.237s] [ 41%] Built target my_robot_pkg_msg__rosidl_typesupport_c
[0.250s] [ 51%] Built target my_robot_pkg_msg__rosidl_typesupport_cpp
[0.276s] [ 61%] Built target my_robot_pkg_msg__rosidl_typesupport_introspection_cpp
[0.283s] [ 70%] Built target my_robot_pkg_msg__rosidl_typesupport_fastrtps_cpp
[0.365s] [ 70%] Built target my_robot_pkg_msg
[0.433s] [ 74%] Built target my_robot_pkg_msg__py
[0.499s] [ 80%] Built target my_robot_pkg_msg__rosidl_generator_py
[0.570s] [ 87%] Built target my_robot_pkg_msg__rosidl_typesupport_introspection_c__pyext
[0.573s] [ 93%] Built target my_robot_pkg_msg__rosidl_typesupport_fastrtps_c__pyext
[0.583s] [100%] Built target my_robot_pkg_msg__rosidl_typesupport_c__pyext
[0.734s] running egg_info
[0.736s] writing my_robot_pkg_msg.egg-info/PKG-INFO
[0.737s] writing dependency_links to my_robot_pkg_msg.egg-info/dependency_links.txt
[0.737s] writing top-level names to my_robot_pkg_msg.egg-info/top_level.txt
[0.743s] reading manifest file 'my_robot_pkg_msg.egg-info/SOURCES.txt'
[0.746s] writing manifest file 'my_robot_pkg_msg.egg-info/SOURCES.txt'
[0.928s] [100%] Built target ament_cmake_python_build_my_robot_pkg_msg_egg
[0.968s] Invoked command in '/home/futill/targer_ws/build/my_robot_pkg_msg' returned '0': CMAKE_PREFIX_PATH=${CMAKE_PREFIX_PATH}:/home/futill/targer_ws/install/my_robot_pkg:/opt/ros/humble /usr/bin/cmake --build /home/futill/targer_ws/build/my_robot_pkg_msg -- -j8 -l8
[1.000s] Invoking command in '/home/futill/targer_ws/build/my_robot_pkg_msg': CMAKE_PREFIX_PATH=${CMAKE_PREFIX_PATH}:/home/futill/targer_ws/install/my_robot_pkg:/opt/ros/humble /usr/bin/cmake --install /home/futill/targer_ws/build/my_robot_pkg_msg
[1.013s] -- Install configuration: ""
[1.013s] -- Up-to-date: /home/futill/targer_ws/install/my_robot_pkg_msg/share/ament_index/resource_index/rosidl_interfaces/my_robot_pkg_msg
[1.014s] -- Up-to-date: /home/futill/targer_ws/install/my_robot_pkg_msg/include/my_robot_pkg_msg/my_robot_pkg_msg
[1.014s] -- Up-to-date: /home/futill/targer_ws/install/my_robot_pkg_msg/include/my_robot_pkg_msg/my_robot_pkg_msg/msg
[1.014s] -- Up-to-date: /home/futill/targer_ws/install/my_robot_pkg_msg/include/my_robot_pkg_msg/my_robot_pkg_msg/msg/detail
[1.014s] -- Up-to-date: /home/futill/targer_ws/install/my_robot_pkg_msg/include/my_robot_pkg_msg/my_robot_pkg_msg/msg/detail/chess_move__functions.h
[1.014s] -- Up-to-date: /home/futill/targer_ws/install/my_robot_pkg_msg/include/my_robot_pkg_msg/my_robot_pkg_msg/msg/detail/chess_move__functions.c
[1.014s] -- Up-to-date: /home/futill/targer_ws/install/my_robot_pkg_msg/include/my_robot_pkg_msg/my_robot_pkg_msg/msg/detail/chess_move__type_support.h
[1.015s] -- Up-to-date: /home/futill/targer_ws/install/my_robot_pkg_msg/include/my_robot_pkg_msg/my_robot_pkg_msg/msg/detail/chess_move__struct.h
[1.015s] -- Up-to-date: /home/futill/targer_ws/install/my_robot_pkg_msg/include/my_robot_pkg_msg/my_robot_pkg_msg/msg/chess_move.h
[1.015s] -- Up-to-date: /home/futill/targer_ws/install/my_robot_pkg_msg/include/my_robot_pkg_msg/my_robot_pkg_msg/msg/rosidl_generator_c__visibility_control.h
[1.015s] -- Up-to-date: /home/futill/targer_ws/install/my_robot_pkg_msg/share/my_robot_pkg_msg/environment/library_path.sh
[1.015s] -- Up-to-date: /home/futill/targer_ws/install/my_robot_pkg_msg/share/my_robot_pkg_msg/environment/library_path.dsv
[1.016s] -- Up-to-date: /home/futill/targer_ws/install/my_robot_pkg_msg/lib/libmy_robot_pkg_msg__rosidl_generator_c.so
[1.016s] -- Up-to-date: /home/futill/targer_ws/install/my_robot_pkg_msg/include/my_robot_pkg_msg/my_robot_pkg_msg
[1.016s] -- Up-to-date: /home/futill/targer_ws/install/my_robot_pkg_msg/include/my_robot_pkg_msg/my_robot_pkg_msg/msg
[1.016s] -- Up-to-date: /home/futill/targer_ws/install/my_robot_pkg_msg/include/my_robot_pkg_msg/my_robot_pkg_msg/msg/rosidl_typesupport_fastrtps_c__visibility_control.h
[1.016s] -- Up-to-date: /home/futill/targer_ws/install/my_robot_pkg_msg/include/my_robot_pkg_msg/my_robot_pkg_msg/msg/detail
[1.017s] -- Up-to-date: /home/futill/targer_ws/install/my_robot_pkg_msg/include/my_robot_pkg_msg/my_robot_pkg_msg/msg/detail/chess_move__rosidl_typesupport_fastrtps_c.h
[1.017s] -- Up-to-date: /home/futill/targer_ws/install/my_robot_pkg_msg/lib/libmy_robot_pkg_msg__rosidl_typesupport_fastrtps_c.so
[1.017s] -- Up-to-date: /home/futill/targer_ws/install/my_robot_pkg_msg/include/my_robot_pkg_msg/my_robot_pkg_msg
[1.017s] -- Up-to-date: /home/futill/targer_ws/install/my_robot_pkg_msg/include/my_robot_pkg_msg/my_robot_pkg_msg/msg
[1.017s] -- Up-to-date: /home/futill/targer_ws/install/my_robot_pkg_msg/include/my_robot_pkg_msg/my_robot_pkg_msg/msg/detail
[1.018s] -- Up-to-date: /home/futill/targer_ws/install/my_robot_pkg_msg/include/my_robot_pkg_msg/my_robot_pkg_msg/msg/detail/chess_move__type_support.c
[1.018s] -- Up-to-date: /home/futill/targer_ws/install/my_robot_pkg_msg/include/my_robot_pkg_msg/my_robot_pkg_msg/msg/detail/chess_move__rosidl_typesupport_introspection_c.h
[1.018s] -- Up-to-date: /home/futill/targer_ws/install/my_robot_pkg_msg/include/my_robot_pkg_msg/my_robot_pkg_msg/msg/rosidl_typesupport_introspection_c__visibility_control.h
[1.018s] -- Up-to-date: /home/futill/targer_ws/install/my_robot_pkg_msg/lib/libmy_robot_pkg_msg__rosidl_typesupport_introspection_c.so
[1.018s] -- Up-to-date: /home/futill/targer_ws/install/my_robot_pkg_msg/lib/libmy_robot_pkg_msg__rosidl_typesupport_c.so
[1.018s] -- Up-to-date: /home/futill/targer_ws/install/my_robot_pkg_msg/include/my_robot_pkg_msg/my_robot_pkg_msg
[1.018s] -- Up-to-date: /home/futill/targer_ws/install/my_robot_pkg_msg/include/my_robot_pkg_msg/my_robot_pkg_msg/msg
[1.019s] -- Up-to-date: /home/futill/targer_ws/install/my_robot_pkg_msg/include/my_robot_pkg_msg/my_robot_pkg_msg/msg/rosidl_generator_cpp__visibility_control.hpp
[1.019s] -- Up-to-date: /home/futill/targer_ws/install/my_robot_pkg_msg/include/my_robot_pkg_msg/my_robot_pkg_msg/msg/detail
[1.019s] -- Up-to-date: /home/futill/targer_ws/install/my_robot_pkg_msg/include/my_robot_pkg_msg/my_robot_pkg_msg/msg/detail/chess_move__type_support.hpp
[1.019s] -- Up-to-date: /home/futill/targer_ws/install/my_robot_pkg_msg/include/my_robot_pkg_msg/my_robot_pkg_msg/msg/detail/chess_move__traits.hpp
[1.019s] -- Up-to-date: /home/futill/targer_ws/install/my_robot_pkg_msg/include/my_robot_pkg_msg/my_robot_pkg_msg/msg/detail/chess_move__struct.hpp
[1.019s] -- Up-to-date: /home/futill/targer_ws/install/my_robot_pkg_msg/include/my_robot_pkg_msg/my_robot_pkg_msg/msg/detail/chess_move__builder.hpp
[1.020s] -- Up-to-date: /home/futill/targer_ws/install/my_robot_pkg_msg/include/my_robot_pkg_msg/my_robot_pkg_msg/msg/chess_move.hpp
[1.020s] -- Up-to-date: /home/futill/targer_ws/install/my_robot_pkg_msg/include/my_robot_pkg_msg/my_robot_pkg_msg
[1.020s] -- Up-to-date: /home/futill/targer_ws/install/my_robot_pkg_msg/include/my_robot_pkg_msg/my_robot_pkg_msg/msg
[1.020s] -- Up-to-date: /home/futill/targer_ws/install/my_robot_pkg_msg/include/my_robot_pkg_msg/my_robot_pkg_msg/msg/detail
[1.022s] -- Up-to-date: /home/futill/targer_ws/install/my_robot_pkg_msg/include/my_robot_pkg_msg/my_robot_pkg_msg/msg/detail/dds_fastrtps
[1.023s] -- Up-to-date: /home/futill/targer_ws/install/my_robot_pkg_msg/include/my_robot_pkg_msg/my_robot_pkg_msg/msg/detail/chess_move__rosidl_typesupport_fastrtps_cpp.hpp
[1.023s] -- Up-to-date: /home/futill/targer_ws/install/my_robot_pkg_msg/include/my_robot_pkg_msg/my_robot_pkg_msg/msg/rosidl_typesupport_fastrtps_cpp__visibility_control.h
[1.024s] -- Up-to-date: /home/futill/targer_ws/install/my_robot_pkg_msg/lib/libmy_robot_pkg_msg__rosidl_typesupport_fastrtps_cpp.so
[1.024s] -- Up-to-date: /home/futill/targer_ws/install/my_robot_pkg_msg/include/my_robot_pkg_msg/my_robot_pkg_msg
[1.024s] -- Up-to-date: /home/futill/targer_ws/install/my_robot_pkg_msg/include/my_robot_pkg_msg/my_robot_pkg_msg/msg
[1.024s] -- Up-to-date: /home/futill/targer_ws/install/my_robot_pkg_msg/include/my_robot_pkg_msg/my_robot_pkg_msg/msg/detail
[1.025s] -- Up-to-date: /home/futill/targer_ws/install/my_robot_pkg_msg/include/my_robot_pkg_msg/my_robot_pkg_msg/msg/detail/chess_move__type_support.cpp
[1.025s] -- Up-to-date: /home/futill/targer_ws/install/my_robot_pkg_msg/include/my_robot_pkg_msg/my_robot_pkg_msg/msg/detail/chess_move__rosidl_typesupport_introspection_cpp.hpp
[1.025s] -- Up-to-date: /home/futill/targer_ws/install/my_robot_pkg_msg/lib/libmy_robot_pkg_msg__rosidl_typesupport_introspection_cpp.so
[1.025s] -- Up-to-date: /home/futill/targer_ws/install/my_robot_pkg_msg/lib/libmy_robot_pkg_msg__rosidl_typesupport_cpp.so
[1.025s] -- Up-to-date: /home/futill/targer_ws/install/my_robot_pkg_msg/share/my_robot_pkg_msg/environment/pythonpath.sh
[1.025s] -- Up-to-date: /home/futill/targer_ws/install/my_robot_pkg_msg/share/my_robot_pkg_msg/environment/pythonpath.dsv
[1.025s] -- Up-to-date: /home/futill/targer_ws/install/my_robot_pkg_msg/local/lib/python3.10/dist-packages/my_robot_pkg_msg-0.5.0-py3.10.egg-info
[1.025s] -- Installing: /home/futill/targer_ws/install/my_robot_pkg_msg/local/lib/python3.10/dist-packages/my_robot_pkg_msg-0.5.0-py3.10.egg-info/top_level.txt
[1.025s] -- Installing: /home/futill/targer_ws/install/my_robot_pkg_msg/local/lib/python3.10/dist-packages/my_robot_pkg_msg-0.5.0-py3.10.egg-info/SOURCES.txt
[1.025s] -- Installing: /home/futill/targer_ws/install/my_robot_pkg_msg/local/lib/python3.10/dist-packages/my_robot_pkg_msg-0.5.0-py3.10.egg-info/PKG-INFO
[1.026s] -- Installing: /home/futill/targer_ws/install/my_robot_pkg_msg/local/lib/python3.10/dist-packages/my_robot_pkg_msg-0.5.0-py3.10.egg-info/dependency_links.txt
[1.026s] -- Up-to-date: /home/futill/targer_ws/install/my_robot_pkg_msg/local/lib/python3.10/dist-packages/my_robot_pkg_msg
[1.026s] -- Up-to-date: /home/futill/targer_ws/install/my_robot_pkg_msg/local/lib/python3.10/dist-packages/my_robot_pkg_msg/libmy_robot_pkg_msg__rosidl_generator_py.so
[1.026s] -- Up-to-date: /home/futill/targer_ws/install/my_robot_pkg_msg/local/lib/python3.10/dist-packages/my_robot_pkg_msg/__init__.py
[1.026s] -- Up-to-date: /home/futill/targer_ws/install/my_robot_pkg_msg/local/lib/python3.10/dist-packages/my_robot_pkg_msg/_my_robot_pkg_msg_s.ep.rosidl_typesupport_introspection_c.c
[1.026s] -- Up-to-date: /home/futill/targer_ws/install/my_robot_pkg_msg/local/lib/python3.10/dist-packages/my_robot_pkg_msg/_my_robot_pkg_msg_s.ep.rosidl_typesupport_fastrtps_c.c
[1.026s] -- Up-to-date: /home/futill/targer_ws/install/my_robot_pkg_msg/local/lib/python3.10/dist-packages/my_robot_pkg_msg/_my_robot_pkg_msg_s.ep.rosidl_typesupport_c.c
[1.026s] -- Up-to-date: /home/futill/targer_ws/install/my_robot_pkg_msg/local/lib/python3.10/dist-packages/my_robot_pkg_msg/my_robot_pkg_msg_s__rosidl_typesupport_introspection_c.cpython-310-x86_64-linux-gnu.so
[1.026s] -- Up-to-date: /home/futill/targer_ws/install/my_robot_pkg_msg/local/lib/python3.10/dist-packages/my_robot_pkg_msg/msg
[1.026s] -- Up-to-date: /home/futill/targer_ws/install/my_robot_pkg_msg/local/lib/python3.10/dist-packages/my_robot_pkg_msg/msg/_chess_move.py
[1.026s] -- Up-to-date: /home/futill/targer_ws/install/my_robot_pkg_msg/local/lib/python3.10/dist-packages/my_robot_pkg_msg/msg/__init__.py
[1.026s] -- Up-to-date: /home/futill/targer_ws/install/my_robot_pkg_msg/local/lib/python3.10/dist-packages/my_robot_pkg_msg/msg/_chess_move_s.c
[1.034s] -- Up-to-date: /home/futill/targer_ws/install/my_robot_pkg_msg/local/lib/python3.10/dist-packages/my_robot_pkg_msg/my_robot_pkg_msg_s__rosidl_typesupport_fastrtps_c.cpython-310-x86_64-linux-gnu.so
[1.034s] -- Up-to-date: /home/futill/targer_ws/install/my_robot_pkg_msg/local/lib/python3.10/dist-packages/my_robot_pkg_msg/my_robot_pkg_msg_s__rosidl_typesupport_c.cpython-310-x86_64-linux-gnu.so
[1.093s] Listing '/home/futill/targer_ws/install/my_robot_pkg_msg/local/lib/python3.10/dist-packages/my_robot_pkg_msg'...
[1.093s] Listing '/home/futill/targer_ws/install/my_robot_pkg_msg/local/lib/python3.10/dist-packages/my_robot_pkg_msg/msg'...
[1.101s] -- Up-to-date: /home/futill/targer_ws/install/my_robot_pkg_msg/local/lib/python3.10/dist-packages/my_robot_pkg_msg/my_robot_pkg_msg_s__rosidl_typesupport_fastrtps_c.cpython-310-x86_64-linux-gnu.so
[1.101s] -- Up-to-date: /home/futill/targer_ws/install/my_robot_pkg_msg/local/lib/python3.10/dist-packages/my_robot_pkg_msg/my_robot_pkg_msg_s__rosidl_typesupport_introspection_c.cpython-310-x86_64-linux-gnu.so
[1.102s] -- Up-to-date: /home/futill/targer_ws/install/my_robot_pkg_msg/local/lib/python3.10/dist-packages/my_robot_pkg_msg/my_robot_pkg_msg_s__rosidl_typesupport_c.cpython-310-x86_64-linux-gnu.so
[1.103s] -- Up-to-date: /home/futill/targer_ws/install/my_robot_pkg_msg/lib/libmy_robot_pkg_msg__rosidl_generator_py.so
[1.103s] -- Up-to-date: /home/futill/targer_ws/install/my_robot_pkg_msg/share/my_robot_pkg_msg/msg/ChessMove.idl
[1.103s] -- Up-to-date: /home/futill/targer_ws/install/my_robot_pkg_msg/share/my_robot_pkg_msg/msg/ChessMove.msg
[1.103s] -- Up-to-date: /home/futill/targer_ws/install/my_robot_pkg_msg/share/ament_index/resource_index/package_run_dependencies/my_robot_pkg_msg
[1.103s] -- Up-to-date: /home/futill/targer_ws/install/my_robot_pkg_msg/share/ament_index/resource_index/parent_prefix_path/my_robot_pkg_msg
[1.103s] -- Up-to-date: /home/futill/targer_ws/install/my_robot_pkg_msg/share/my_robot_pkg_msg/environment/ament_prefix_path.sh
[1.103s] -- Up-to-date: /home/futill/targer_ws/install/my_robot_pkg_msg/share/my_robot_pkg_msg/environment/ament_prefix_path.dsv
[1.104s] -- Up-to-date: /home/futill/targer_ws/install/my_robot_pkg_msg/share/my_robot_pkg_msg/environment/path.sh
[1.104s] -- Up-to-date: /home/futill/targer_ws/install/my_robot_pkg_msg/share/my_robot_pkg_msg/environment/path.dsv
[1.104s] -- Up-to-date: /home/futill/targer_ws/install/my_robot_pkg_msg/share/my_robot_pkg_msg/local_setup.bash
[1.105s] -- Up-to-date: /home/futill/targer_ws/install/my_robot_pkg_msg/share/my_robot_pkg_msg/local_setup.sh
[1.105s] -- Up-to-date: /home/futill/targer_ws/install/my_robot_pkg_msg/share/my_robot_pkg_msg/local_setup.zsh
[1.105s] -- Up-to-date: /home/futill/targer_ws/install/my_robot_pkg_msg/share/my_robot_pkg_msg/local_setup.dsv
[1.105s] -- Installing: /home/futill/targer_ws/install/my_robot_pkg_msg/share/my_robot_pkg_msg/package.dsv
[1.105s] -- Up-to-date: /home/futill/targer_ws/install/my_robot_pkg_msg/share/ament_index/resource_index/packages/my_robot_pkg_msg
[1.105s] -- Up-to-date: /home/futill/targer_ws/install/my_robot_pkg_msg/share/my_robot_pkg_msg/cmake/export_my_robot_pkg_msg__rosidl_generator_cExport.cmake
[1.106s] -- Up-to-date: /home/futill/targer_ws/install/my_robot_pkg_msg/share/my_robot_pkg_msg/cmake/export_my_robot_pkg_msg__rosidl_generator_cExport-noconfig.cmake
[1.106s] -- Up-to-date: /home/futill/targer_ws/install/my_robot_pkg_msg/share/my_robot_pkg_msg/cmake/export_my_robot_pkg_msg__rosidl_typesupport_fastrtps_cExport.cmake
[1.106s] -- Up-to-date: /home/futill/targer_ws/install/my_robot_pkg_msg/share/my_robot_pkg_msg/cmake/export_my_robot_pkg_msg__rosidl_typesupport_fastrtps_cExport-noconfig.cmake
[1.106s] -- Up-to-date: /home/futill/targer_ws/install/my_robot_pkg_msg/share/my_robot_pkg_msg/cmake/my_robot_pkg_msg__rosidl_typesupport_introspection_cExport.cmake
[1.106s] -- Up-to-date: /home/futill/targer_ws/install/my_robot_pkg_msg/share/my_robot_pkg_msg/cmake/my_robot_pkg_msg__rosidl_typesupport_introspection_cExport-noconfig.cmake
[1.106s] -- Up-to-date: /home/futill/targer_ws/install/my_robot_pkg_msg/share/my_robot_pkg_msg/cmake/my_robot_pkg_msg__rosidl_typesupport_cExport.cmake
[1.106s] -- Up-to-date: /home/futill/targer_ws/install/my_robot_pkg_msg/share/my_robot_pkg_msg/cmake/my_robot_pkg_msg__rosidl_typesupport_cExport-noconfig.cmake
[1.106s] -- Up-to-date: /home/futill/targer_ws/install/my_robot_pkg_msg/share/my_robot_pkg_msg/cmake/export_my_robot_pkg_msg__rosidl_generator_cppExport.cmake
[1.107s] -- Up-to-date: /home/futill/targer_ws/install/my_robot_pkg_msg/share/my_robot_pkg_msg/cmake/export_my_robot_pkg_msg__rosidl_typesupport_fastrtps_cppExport.cmake
[1.107s] -- Up-to-date: /home/futill/targer_ws/install/my_robot_pkg_msg/share/my_robot_pkg_msg/cmake/export_my_robot_pkg_msg__rosidl_typesupport_fastrtps_cppExport-noconfig.cmake
[1.107s] -- Up-to-date: /home/futill/targer_ws/install/my_robot_pkg_msg/share/my_robot_pkg_msg/cmake/my_robot_pkg_msg__rosidl_typesupport_introspection_cppExport.cmake
[1.107s] -- Up-to-date: /home/futill/targer_ws/install/my_robot_pkg_msg/share/my_robot_pkg_msg/cmake/my_robot_pkg_msg__rosidl_typesupport_introspection_cppExport-noconfig.cmake
[1.107s] -- Up-to-date: /home/futill/targer_ws/install/my_robot_pkg_msg/share/my_robot_pkg_msg/cmake/my_robot_pkg_msg__rosidl_typesupport_cppExport.cmake
[1.107s] -- Up-to-date: /home/futill/targer_ws/install/my_robot_pkg_msg/share/my_robot_pkg_msg/cmake/my_robot_pkg_msg__rosidl_typesupport_cppExport-noconfig.cmake
[1.107s] -- Up-to-date: /home/futill/targer_ws/install/my_robot_pkg_msg/share/my_robot_pkg_msg/cmake/export_my_robot_pkg_msg__rosidl_generator_pyExport.cmake
[1.107s] -- Up-to-date: /home/futill/targer_ws/install/my_robot_pkg_msg/share/my_robot_pkg_msg/cmake/export_my_robot_pkg_msg__rosidl_generator_pyExport-noconfig.cmake
[1.107s] -- Up-to-date: /home/futill/targer_ws/install/my_robot_pkg_msg/share/my_robot_pkg_msg/cmake/rosidl_cmake-extras.cmake
[1.107s] -- Up-to-date: /home/futill/targer_ws/install/my_robot_pkg_msg/share/my_robot_pkg_msg/cmake/ament_cmake_export_dependencies-extras.cmake
[1.107s] -- Up-to-date: /home/futill/targer_ws/install/my_robot_pkg_msg/share/my_robot_pkg_msg/cmake/ament_cmake_export_include_directories-extras.cmake
[1.107s] -- Up-to-date: /home/futill/targer_ws/install/my_robot_pkg_msg/share/my_robot_pkg_msg/cmake/ament_cmake_export_libraries-extras.cmake
[1.107s] -- Up-to-date: /home/futill/targer_ws/install/my_robot_pkg_msg/share/my_robot_pkg_msg/cmake/ament_cmake_export_targets-extras.cmake
[1.107s] -- Up-to-date: /home/futill/targer_ws/install/my_robot_pkg_msg/share/my_robot_pkg_msg/cmake/rosidl_cmake_export_typesupport_targets-extras.cmake
[1.108s] -- Up-to-date: /home/futill/targer_ws/install/my_robot_pkg_msg/share/my_robot_pkg_msg/cmake/rosidl_cmake_export_typesupport_libraries-extras.cmake
[1.108s] -- Up-to-date: /home/futill/targer_ws/install/my_robot_pkg_msg/share/my_robot_pkg_msg/cmake/my_robot_pkg_msgConfig.cmake
[1.108s] -- Up-to-date: /home/futill/targer_ws/install/my_robot_pkg_msg/share/my_robot_pkg_msg/cmake/my_robot_pkg_msgConfig-version.cmake
[1.108s] -- Up-to-date: /home/futill/targer_ws/install/my_robot_pkg_msg/share/my_robot_pkg_msg/package.xml
[1.115s] Invoked command in '/home/futill/targer_ws/build/my_robot_pkg_msg' returned '0': CMAKE_PREFIX_PATH=${CMAKE_PREFIX_PATH}:/home/futill/targer_ws/install/my_robot_pkg:/opt/ros/humble /usr/bin/cmake --install /home/futill/targer_ws/build/my_robot_pkg_msg
