[0.652s] Invoking command in '/home/futill/targer_ws/src/my_robot_pkg/my_robot_pkg': CMAKE_PREFIX_PATH=/home/futill/targer_ws/install/my_robot_pkg_msg:/home/futill/dummy2_hand_eye_calibration_ws/install LD_LIBRARY_PATH=/home/futill/targer_ws/install/my_robot_pkg_msg/lib:/home/futill/dummy2_hand_eye_calibration_ws/install/lib:/opt/ros/humble/opt/rviz_ogre_vendor/lib:/opt/ros/humble/lib/x86_64-linux-gnu:/opt/ros/humble/lib PYTHONPATH=/home/futill/targer_ws/build/my_robot_pkg/prefix_override:/usr/lib/python3/dist-packages/colcon_core/task/python/colcon_distutils_commands:/home/futill/targer_ws/install/my_robot_pkg/lib/python3.10/site-packages:${PYTHONPATH} /usr/bin/python3 -W ignore:setup.py install is deprecated -W ignore:easy_install command is deprecated setup.py egg_info --egg-base ../../../build/my_robot_pkg build --build-base /home/futill/targer_ws/build/my_robot_pkg/build install --record /home/futill/targer_ws/build/my_robot_pkg/install.log --single-version-externally-managed install_data
[0.881s] running egg_info
[0.881s] writing ../../../build/my_robot_pkg/my_robot_pkg.egg-info/PKG-INFO
[0.882s] writing dependency_links to ../../../build/my_robot_pkg/my_robot_pkg.egg-info/dependency_links.txt
[0.882s] writing entry points to ../../../build/my_robot_pkg/my_robot_pkg.egg-info/entry_points.txt
[0.882s] writing requirements to ../../../build/my_robot_pkg/my_robot_pkg.egg-info/requires.txt
[0.882s] writing top-level names to ../../../build/my_robot_pkg/my_robot_pkg.egg-info/top_level.txt
[0.884s] reading manifest file '../../../build/my_robot_pkg/my_robot_pkg.egg-info/SOURCES.txt'
[0.885s] writing manifest file '../../../build/my_robot_pkg/my_robot_pkg.egg-info/SOURCES.txt'
[0.885s] running build
[0.885s] running build_py
[0.886s] running install
[0.886s] running install_lib
[0.887s] running install_data
[0.887s] copying launch/demo.launch.py -> /home/futill/targer_ws/install/my_robot_pkg/share/my_robot_pkg/launch
[0.887s] running install_egg_info
[0.889s] removing '/home/futill/targer_ws/install/my_robot_pkg/lib/python3.10/site-packages/my_robot_pkg-0.0.0-py3.10.egg-info' (and everything under it)
[0.891s] Copying ../../../build/my_robot_pkg/my_robot_pkg.egg-info to /home/futill/targer_ws/install/my_robot_pkg/lib/python3.10/site-packages/my_robot_pkg-0.0.0-py3.10.egg-info
[0.892s] running install_scripts
[0.910s] Installing arm_move script to /home/futill/targer_ws/install/my_robot_pkg/lib/my_robot_pkg
[0.910s] Installing chess_vision_node script to /home/futill/targer_ws/install/my_robot_pkg/lib/my_robot_pkg
[0.910s] Installing gui script to /home/futill/targer_ws/install/my_robot_pkg/lib/my_robot_pkg
[0.911s] writing list of installed files to '/home/futill/targer_ws/build/my_robot_pkg/install.log'
[0.932s] Invoked command in '/home/futill/targer_ws/src/my_robot_pkg/my_robot_pkg' returned '0': CMAKE_PREFIX_PATH=/home/futill/targer_ws/install/my_robot_pkg_msg:/home/futill/dummy2_hand_eye_calibration_ws/install LD_LIBRARY_PATH=/home/futill/targer_ws/install/my_robot_pkg_msg/lib:/home/futill/dummy2_hand_eye_calibration_ws/install/lib:/opt/ros/humble/opt/rviz_ogre_vendor/lib:/opt/ros/humble/lib/x86_64-linux-gnu:/opt/ros/humble/lib PYTHONPATH=/home/futill/targer_ws/build/my_robot_pkg/prefix_override:/usr/lib/python3/dist-packages/colcon_core/task/python/colcon_distutils_commands:/home/futill/targer_ws/install/my_robot_pkg/lib/python3.10/site-packages:${PYTHONPATH} /usr/bin/python3 -W ignore:setup.py install is deprecated -W ignore:easy_install command is deprecated setup.py egg_info --egg-base ../../../build/my_robot_pkg build --build-base /home/futill/targer_ws/build/my_robot_pkg/build install --record /home/futill/targer_ws/build/my_robot_pkg/install.log --single-version-externally-managed install_data
