[0.705s] Invoking command in '/home/futill/targer_ws/src/my_robot_pkg/my_robot_pkg': PYTHONPATH=/home/futill/targer_ws/build/my_robot_pkg/prefix_override:/usr/lib/python3/dist-packages/colcon_core/task/python/colcon_distutils_commands:/home/futill/targer_ws/install/my_robot_pkg/lib/python3.10/site-packages:${PYTHONPATH} /usr/bin/python3 -W ignore:setup.py install is deprecated -W ignore:easy_install command is deprecated setup.py egg_info --egg-base ../../../build/my_robot_pkg build --build-base /home/futill/targer_ws/build/my_robot_pkg/build install --record /home/futill/targer_ws/build/my_robot_pkg/install.log --single-version-externally-managed install_data
[0.937s] running egg_info
[0.937s] writing ../../../build/my_robot_pkg/my_robot_pkg.egg-info/PKG-INFO
[0.938s] writing dependency_links to ../../../build/my_robot_pkg/my_robot_pkg.egg-info/dependency_links.txt
[0.938s] writing entry points to ../../../build/my_robot_pkg/my_robot_pkg.egg-info/entry_points.txt
[0.938s] writing requirements to ../../../build/my_robot_pkg/my_robot_pkg.egg-info/requires.txt
[0.938s] writing top-level names to ../../../build/my_robot_pkg/my_robot_pkg.egg-info/top_level.txt
[0.940s] reading manifest file '../../../build/my_robot_pkg/my_robot_pkg.egg-info/SOURCES.txt'
[0.941s] writing manifest file '../../../build/my_robot_pkg/my_robot_pkg.egg-info/SOURCES.txt'
[0.941s] running build
[0.941s] running build_py
[0.941s] copying my_robot_pkg/arm_move.py -> /home/futill/targer_ws/build/my_robot_pkg/build/lib/my_robot_pkg
[0.942s] running install
[0.942s] running install_lib
[0.943s] copying /home/futill/targer_ws/build/my_robot_pkg/build/lib/my_robot_pkg/arm_move.py -> /home/futill/targer_ws/install/my_robot_pkg/lib/python3.10/site-packages/my_robot_pkg
[0.943s] byte-compiling /home/futill/targer_ws/install/my_robot_pkg/lib/python3.10/site-packages/my_robot_pkg/arm_move.py to arm_move.cpython-310.pyc
[0.945s] running install_data
[0.945s] running install_egg_info
[0.947s] removing '/home/futill/targer_ws/install/my_robot_pkg/lib/python3.10/site-packages/my_robot_pkg-0.0.0-py3.10.egg-info' (and everything under it)
[0.947s] Copying ../../../build/my_robot_pkg/my_robot_pkg.egg-info to /home/futill/targer_ws/install/my_robot_pkg/lib/python3.10/site-packages/my_robot_pkg-0.0.0-py3.10.egg-info
[0.948s] running install_scripts
[0.967s] Installing arm_move script to /home/futill/targer_ws/install/my_robot_pkg/lib/my_robot_pkg
[0.967s] Installing chess_vision_node script to /home/futill/targer_ws/install/my_robot_pkg/lib/my_robot_pkg
[0.967s] Installing gui script to /home/futill/targer_ws/install/my_robot_pkg/lib/my_robot_pkg
[0.968s] writing list of installed files to '/home/futill/targer_ws/build/my_robot_pkg/install.log'
[0.990s] Invoked command in '/home/futill/targer_ws/src/my_robot_pkg/my_robot_pkg' returned '0': PYTHONPATH=/home/futill/targer_ws/build/my_robot_pkg/prefix_override:/usr/lib/python3/dist-packages/colcon_core/task/python/colcon_distutils_commands:/home/futill/targer_ws/install/my_robot_pkg/lib/python3.10/site-packages:${PYTHONPATH} /usr/bin/python3 -W ignore:setup.py install is deprecated -W ignore:easy_install command is deprecated setup.py egg_info --egg-base ../../../build/my_robot_pkg build --build-base /home/futill/targer_ws/build/my_robot_pkg/build install --record /home/futill/targer_ws/build/my_robot_pkg/install.log --single-version-externally-managed install_data
